java -ea -Xmx400g -Xms400g -cp /clusterfs/jgi/scratch/gentech/genome_analysis/brandonimstepf/bbmap/current/ ml.Trainer in=ncbi_100_6f.tsv out=cycles_trained_6dims_400k_ncbi_100_6f_075d.bbnet maxdims=354,300,240,180,90,1 mindims=354,150,120,90,10,1 cycles=4 nets=8 -Xmx400g

Loading ncbi_100_6f.tsv
Inferring 354 inputs, 1 output, 0 weights.
Data was organized into 208 sets.
Using 64 worker threads, 8 trainer threads, 22 jobs/trainer/batch, 400000 batches, 4 cycles to train 32 networks total.
Cycle 0
Exception in thread "main" java.lang.IndexOutOfBoundsException: bitIndex < 0: -311
	at java.base/java.util.BitSet.get(BitSet.java:628)
	at ml.CellNet.pickEdges(CellNet.java:319)
	at ml.CellNet.makeEdgesDense(CellNet.java:262)
	at ml.CellNet.randomize(CellNet.java:135)
	at ml.Trainer.randomNetwork(Trainer.java:1156)
	at ml.Trainer.randomNetwork(Trainer.java:1144)
	at ml.Trainer.randomNetwork(Trainer.java:1139)
	at ml.Trainer.createNetworks(Trainer.java:1128)
	at ml.Trainer.fetchNetworks(Trainer.java:1122)
	at ml.Trainer.runCycle(Trainer.java:954)
	at ml.Trainer.trainNetworks(Trainer.java:916)
	at ml.Trainer.spawnThreads(Trainer.java:872)
	at ml.Trainer.process(Trainer.java:726)
	at ml.Trainer.main(Trainer.java:54)
