java -ea -Xmx400g -Xms400g -cp /clusterfs/jgi/scratch/gentech/genome_analysis/brandonimstepf/bbmap/current/ ml.Trainer in=ncbi_100_6f.tsv out=cycles_trained_5dims_400k_ncbi_100_6f.bbnet maxdims=353,270,180,90,1 mindims=353,100,90,10,1 cycles=4 nets=8 -Xmx400g

Loading ncbi_100_6f.tsv
Inferring 354 inputs, 1 output, 0 weights.
Data was organized into 208 sets.
Using 64 worker threads, 8 trainer threads, 22 jobs/trainer/batch, 400000 batches, 4 cycles to train 32 networks total.
Cycle 0
Exception in thread "Thread-8" java.lang.AssertionError: 354; [353, 267, 162, 77, 1]
	at ml.CellNet.applyInput(CellNet.java:457)
	at ml.CellNet.processSample(CellNet.java:414)
	at ml.WorkerThread.processSample(WorkerThread.java:191)
	at ml.WorkerThread.processSamples(WorkerThread.java:159)
	at ml.WorkerThread.processInner(WorkerThread.java:60)
	at ml.WorkerThread.run(WorkerThread.java:24)
Exception in thread "Thread-13" java.lang.AssertionError: 354; [353, 267, 162, 77, 1]
	at ml.CellNet.applyInput(CellNet.java:457)
	at ml.CellNet.processSample(CellNet.java:414)
	at ml.WorkerThread.processSample(WorkerThread.java:191)
	at ml.WorkerThread.processSamples(WorkerThread.java:159)
	at ml.WorkerThread.processInner(WorkerThread.java:60)
	at ml.WorkerThread.run(WorkerThread.java:24)
Exception in thread "Thread-17" Exception in thread "Thread-6" Exception in thread "Thread-4" Exception in thread "Thread-15" java.lang.AssertionError: 354; [353, 267, 162, 77, 1]
	at ml.CellNet.applyInput(CellNet.java:457)
	at ml.CellNet.processSample(CellNet.java:414)
	at ml.WorkerThread.processSample(WorkerThread.java:191)
	at ml.WorkerThread.processSamples(WorkerThread.java:159)
	at ml.WorkerThread.processInner(WorkerThread.java:60)
	at ml.WorkerThread.run(WorkerThread.java:24)
Exception in thread "Thread-21" java.lang.AssertionError: 354; [353, 267, 162, 77, 1]
	at ml.CellNet.applyInput(CellNet.java:457)
	at ml.CellNet.processSample(CellNet.java:414)
	at ml.WorkerThread.processSample(WorkerThread.java:191)
	at ml.WorkerThread.processSamples(WorkerThread.java:159)
	at ml.WorkerThread.processInner(WorkerThread.java:60)
	at ml.WorkerThread.run(WorkerThread.java:24)
java.lang.AssertionError: 354; [353, 267, 162, 77, 1]
	at ml.CellNet.applyInput(CellNet.java:457)
	at ml.CellNet.processSample(CellNet.java:414)
	at ml.WorkerThread.processSample(WorkerThread.java:191)
	at ml.WorkerThread.processSamples(WorkerThread.java:159)
	at ml.WorkerThread.processInner(WorkerThread.java:60)
	at ml.WorkerThread.run(WorkerThread.java:24)
Exception in thread "Thread-22" java.lang.AssertionError: 354; [353, 267, 162, 77, 1]
	at ml.CellNet.applyInput(CellNet.java:457)
	at ml.CellNet.processSample(CellNet.java:414)
	at ml.WorkerThread.processSample(WorkerThread.java:191)
	at ml.WorkerThread.processSamples(WorkerThread.java:159)
	at ml.WorkerThread.processInner(WorkerThread.java:60)
	at ml.WorkerThread.run(WorkerThread.java:24)
Exception in thread "Thread-5" Exception in thread "Thread-19" Exception in thread "Thread-3" Exception in thread "Thread-1" java.lang.AssertionError: 354; [353, 267, 162, 77, 1]
	at ml.CellNet.applyInput(CellNet.java:457)
	at ml.CellNet.processSample(CellNet.java:414)
	at ml.WorkerThread.processSample(WorkerThread.java:191)
	at ml.WorkerThread.processSamples(WorkerThread.java:159)
	at ml.WorkerThread.processInner(WorkerThread.java:60)
	at ml.WorkerThread.run(WorkerThread.java:24)
java.lang.AssertionError: 354; [353, 267, 162, 77, 1]
	at ml.CellNet.applyInput(CellNet.java:457)
	at ml.CellNet.processSample(CellNet.java:414)
	at ml.WorkerThread.processSample(WorkerThread.java:191)
	at ml.WorkerThread.processSamples(WorkerThread.java:159)
	at ml.WorkerThread.processInner(WorkerThread.java:60)
	at ml.WorkerThread.run(WorkerThread.java:24)
java.lang.AssertionError: 354; [353, 267, 162, 77, 1]
	at ml.CellNet.applyInput(CellNet.java:457)
	at ml.CellNet.processSample(CellNet.java:414)
	at ml.WorkerThread.processSample(WorkerThread.java:191)
	at ml.WorkerThread.processSamples(WorkerThread.java:159)
	at ml.WorkerThread.processInner(WorkerThread.java:60)
	at ml.WorkerThread.run(WorkerThread.java:24)
java.lang.AssertionError: 354; [353, 267, 162, 77, 1]
	at ml.CellNet.applyInput(CellNet.java:457)
	at ml.CellNet.processSample(CellNet.java:414)
	at ml.WorkerThread.processSample(WorkerThread.java:191)
	at ml.WorkerThread.processSamples(WorkerThread.java:159)
	at ml.WorkerThread.processInner(WorkerThread.java:60)
	at ml.WorkerThread.run(WorkerThread.java:24)
Exception in thread "Thread-2" java.lang.AssertionError: 354; [353, 267, 162, 77, 1]
	at ml.CellNet.applyInput(CellNet.java:457)
	at ml.CellNet.processSample(CellNet.java:414)
	at ml.WorkerThread.processSample(WorkerThread.java:191)
	at ml.WorkerThread.processSamples(WorkerThread.java:159)
	at ml.WorkerThread.processInner(WorkerThread.java:60)
	at ml.WorkerThread.run(WorkerThread.java:24)
Exception in thread "Thread-10" java.lang.AssertionError: 354; [353, 267, 162, 77, 1]
	at ml.CellNet.applyInput(CellNet.java:457)
	at ml.CellNet.processSample(CellNet.java:414)
	at ml.WorkerThread.processSample(WorkerThread.java:191)
	at ml.WorkerThread.processSamples(WorkerThread.java:159)
	at ml.WorkerThread.processInner(WorkerThread.java:60)
	at ml.WorkerThread.run(WorkerThread.java:24)
Exception in thread "Thread-12" java.lang.AssertionError: 354; [353, 267, 162, 77, 1]
	at ml.CellNet.applyInput(CellNet.java:457)
	at ml.CellNet.processSample(CellNet.java:414)
	at ml.WorkerThread.processSample(WorkerThread.java:191)
	at ml.WorkerThread.processSamples(WorkerThread.java:159)
	at ml.WorkerThread.processInner(WorkerThread.java:60)
	at ml.WorkerThread.run(WorkerThread.java:24)
java.lang.AssertionError: 354; [353, 267, 162, 77, 1]
	at ml.CellNet.applyInput(CellNet.java:457)
	at ml.CellNet.processSample(CellNet.java:414)
	at ml.WorkerThread.processSample(WorkerThread.java:191)
	at ml.WorkerThread.processSamples(WorkerThread.java:159)
	at ml.WorkerThread.processInner(WorkerThread.java:60)
	at ml.WorkerThread.run(WorkerThread.java:24)
Exception in thread "Thread-11" Exception in thread "Thread-9" java.lang.AssertionError: 354; [353, 267, 162, 77, 1]
	at ml.CellNet.applyInput(CellNet.java:457)
	at ml.CellNet.processSample(CellNet.java:414)
	at ml.WorkerThread.processSample(WorkerThread.java:191)
	at ml.WorkerThread.processSamples(WorkerThread.java:159)
	at ml.WorkerThread.processInner(WorkerThread.java:60)
	at ml.WorkerThread.run(WorkerThread.java:24)
Exception in thread "Thread-20" java.lang.AssertionError: 354; [353, 267, 162, 77, 1]
	at ml.CellNet.applyInput(CellNet.java:457)
	at ml.CellNet.processSample(CellNet.java:414)
	at ml.WorkerThread.processSample(WorkerThread.java:191)
	at ml.WorkerThread.processSamples(WorkerThread.java:159)
	at ml.WorkerThread.processInner(WorkerThread.java:60)
	at ml.WorkerThread.run(WorkerThread.java:24)
Exception in thread "Thread-16" java.lang.AssertionError: 354; [353, 267, 162, 77, 1]
	at ml.CellNet.applyInput(CellNet.java:457)
	at ml.CellNet.processSample(CellNet.java:414)
	at ml.WorkerThread.processSample(WorkerThread.java:191)
	at ml.WorkerThread.processSamples(WorkerThread.java:159)
	at ml.WorkerThread.processInner(WorkerThread.java:60)
	at ml.WorkerThread.run(WorkerThread.java:24)
java.lang.AssertionError: 354; [353, 267, 162, 77, 1]
	at ml.CellNet.applyInput(CellNet.java:457)
	at ml.CellNet.processSample(CellNet.java:414)
	at ml.WorkerThread.processSample(WorkerThread.java:191)
	at ml.WorkerThread.processSamples(WorkerThread.java:159)
	at ml.WorkerThread.processInner(WorkerThread.java:60)
	at ml.WorkerThread.run(WorkerThread.java:24)
Exception in thread "Thread-7" java.lang.AssertionError: 354; [353, 267, 162, 77, 1]
	at ml.CellNet.applyInput(CellNet.java:457)
	at ml.CellNet.processSample(CellNet.java:414)
	at ml.WorkerThread.processSample(WorkerThread.java:191)
	at ml.WorkerThread.processSamples(WorkerThread.java:159)
	at ml.WorkerThread.processInner(WorkerThread.java:60)
	at ml.WorkerThread.run(WorkerThread.java:24)
Exception in thread "Thread-14" java.lang.AssertionError: 354; [353, 267, 162, 77, 1]
	at ml.CellNet.applyInput(CellNet.java:457)
	at ml.CellNet.processSample(CellNet.java:414)
	at ml.WorkerThread.processSample(WorkerThread.java:191)
	at ml.WorkerThread.processSamples(WorkerThread.java:159)
	at ml.WorkerThread.processInner(WorkerThread.java:60)
	at ml.WorkerThread.run(WorkerThread.java:24)
Exception in thread "Thread-18" java.lang.AssertionError: 354; [353, 267, 162, 77, 1]
	at ml.CellNet.applyInput(CellNet.java:457)
	at ml.CellNet.processSample(CellNet.java:414)
	at ml.WorkerThread.processSample(WorkerThread.java:191)
	at ml.WorkerThread.processSamples(WorkerThread.java:159)
	at ml.WorkerThread.processInner(WorkerThread.java:60)
	at ml.WorkerThread.run(WorkerThread.java:24)
java.lang.AssertionError: 354; [353, 267, 162, 77, 1]
	at ml.CellNet.applyInput(CellNet.java:457)
	at ml.CellNet.processSample(CellNet.java:414)
	at ml.WorkerThread.processSample(WorkerThread.java:191)
	at ml.WorkerThread.processSamples(WorkerThread.java:159)
	at ml.WorkerThread.processInner(WorkerThread.java:60)
	at ml.WorkerThread.run(WorkerThread.java:24)
Exception in thread "Thread-23" java.lang.AssertionError: 354; [353, 207, 109, 25, 1]
	at ml.CellNet.applyInput(CellNet.java:457)
	at ml.CellNet.processSample(CellNet.java:414)
	at ml.WorkerThread.processSample(WorkerThread.java:191)
	at ml.WorkerThread.processSamples(WorkerThread.java:159)
	at ml.WorkerThread.processInner(WorkerThread.java:60)
	at ml.WorkerThread.run(WorkerThread.java:24)
Exception in thread "Thread-25" java.lang.AssertionError: 354; [353, 207, 109, 25, 1]
	at ml.CellNet.applyInput(CellNet.java:457)
	at ml.CellNet.processSample(CellNet.java:414)
	at ml.WorkerThread.processSample(WorkerThread.java:191)
	at ml.WorkerThread.processSamples(WorkerThread.java:159)
	at ml.WorkerThread.processInner(WorkerThread.java:60)
	at ml.WorkerThread.run(WorkerThread.java:24)
Exception in thread "Thread-26" java.lang.AssertionError: 354; [353, 207, 109, 25, 1]
	at ml.CellNet.applyInput(CellNet.java:457)
	at ml.CellNet.processSample(CellNet.java:414)
	at ml.WorkerThread.processSample(WorkerThread.java:191)
	at ml.WorkerThread.processSamples(WorkerThread.java:159)
	at ml.WorkerThread.processInner(WorkerThread.java:60)
	at ml.WorkerThread.run(WorkerThread.java:24)
Exception in thread "Thread-24" Exception in thread "Thread-28" java.lang.AssertionError: 354; [353, 207, 109, 25, 1]
	at ml.CellNet.applyInput(CellNet.java:457)
	at ml.CellNet.processSample(CellNet.java:414)
	at ml.WorkerThread.processSample(WorkerThread.java:191)
	at ml.WorkerThread.processSamples(WorkerThread.java:159)
	at ml.WorkerThread.processInner(WorkerThread.java:60)
	at ml.WorkerThread.run(WorkerThread.java:24)
Exception in thread "Thread-30" java.lang.AssertionError: 354; [353, 207, 109, 25, 1]
	at ml.CellNet.applyInput(CellNet.java:457)
	at ml.CellNet.processSample(CellNet.java:414)
	at ml.WorkerThread.processSample(WorkerThread.java:191)
	at ml.WorkerThread.processSamples(WorkerThread.java:159)
	at ml.WorkerThread.processInner(WorkerThread.java:60)
	at ml.WorkerThread.run(WorkerThread.java:24)
Exception in thread "Thread-29" java.lang.AssertionError: 354; [353, 207, 109, 25, 1]
	at ml.CellNet.applyInput(CellNet.java:457)
	at ml.CellNet.processSample(CellNet.java:414)
	at ml.WorkerThread.processSample(WorkerThread.java:191)
	at ml.WorkerThread.processSamples(WorkerThread.java:159)
	at ml.WorkerThread.processInner(WorkerThread.java:60)
	at ml.WorkerThread.run(WorkerThread.java:24)
Exception in thread "Thread-31" java.lang.AssertionError: 354; [353, 207, 109, 25, 1]
	at ml.CellNet.applyInput(CellNet.java:457)
	at ml.CellNet.processSample(CellNet.java:414)
	at ml.WorkerThread.processSample(WorkerThread.java:191)
	at ml.WorkerThread.processSamples(WorkerThread.java:159)
	at ml.WorkerThread.processInner(WorkerThread.java:60)
	at ml.WorkerThread.run(WorkerThread.java:24)
Exception in thread "Thread-32" java.lang.AssertionError: 354; [353, 207, 109, 25, 1]
	at ml.CellNet.applyInput(CellNet.java:457)
	at ml.CellNet.processSample(CellNet.java:414)
	at ml.WorkerThread.processSample(WorkerThread.java:191)
	at ml.WorkerThread.processSamples(WorkerThread.java:159)
	at ml.WorkerThread.processInner(WorkerThread.java:60)
	at ml.WorkerThread.run(WorkerThread.java:24)
Exception in thread "Thread-27" java.lang.AssertionError: 354; [353, 207, 109, 25, 1]
	at ml.CellNet.applyInput(CellNet.java:457)
	at ml.CellNet.processSample(CellNet.java:414)
	at ml.WorkerThread.processSample(WorkerThread.java:191)
	at ml.WorkerThread.processSamples(WorkerThread.java:159)
	at ml.WorkerThread.processInner(WorkerThread.java:60)
	at ml.WorkerThread.run(WorkerThread.java:24)
Exception in thread "Thread-33" java.lang.AssertionError: 354; [353, 207, 109, 25, 1]
	at ml.CellNet.applyInput(CellNet.java:457)
	at ml.CellNet.processSample(CellNet.java:414)
	at ml.WorkerThread.processSample(WorkerThread.java:191)
	at ml.WorkerThread.processSamples(WorkerThread.java:159)
	at ml.WorkerThread.processInner(WorkerThread.java:60)
	at ml.WorkerThread.run(WorkerThread.java:24)
java.lang.AssertionError: 354; [353, 207, 109, 25, 1]
	at ml.CellNet.applyInput(CellNet.java:457)
	at ml.CellNet.processSample(CellNet.java:414)
	at ml.WorkerThread.processSample(WorkerThread.java:191)
	at ml.WorkerThread.processSamples(WorkerThread.java:159)
	at ml.WorkerThread.processInner(WorkerThread.java:60)
	at ml.WorkerThread.run(WorkerThread.java:24)
Exception in thread "Thread-41" Exception in thread "Thread-40" java.lang.AssertionError: 354; [353, 207, 109, 25, 1]
	at ml.CellNet.applyInput(CellNet.java:457)
	at ml.CellNet.processSample(CellNet.java:414)
	at ml.WorkerThread.processSample(WorkerThread.java:191)
	at ml.WorkerThread.processSamples(WorkerThread.java:159)
	at ml.WorkerThread.processInner(WorkerThread.java:60)
	at ml.WorkerThread.run(WorkerThread.java:24)
Exception in thread "Thread-39" Exception in thread "Thread-44" Exception in thread "Thread-38" Exception in thread "Thread-37" Exception in thread "Thread-35" java.lang.AssertionError: 354; [353, 207, 109, 25, 1]
	at ml.CellNet.applyInput(CellNet.java:457)
	at ml.CellNet.processSample(CellNet.java:414)
	at ml.WorkerThread.processSample(WorkerThread.java:191)
	at ml.WorkerThread.processSamples(WorkerThread.java:159)
	at ml.WorkerThread.processInner(WorkerThread.java:60)
	at ml.WorkerThread.run(WorkerThread.java:24)
Exception in thread "Thread-34" java.lang.AssertionError: 354; [353, 207, 109, 25, 1]
	at ml.CellNet.applyInput(CellNet.java:457)
	at ml.CellNet.processSample(CellNet.java:414)
	at ml.WorkerThread.processSample(WorkerThread.java:191)
	at ml.WorkerThread.processSamples(WorkerThread.java:159)
	at ml.WorkerThread.processInner(WorkerThread.java:60)
	at ml.WorkerThread.run(WorkerThread.java:24)
Exception in thread "Thread-36" java.lang.AssertionError: 354; [353, 207, 109, 25, 1]
	at ml.CellNet.applyInput(CellNet.java:457)
	at ml.CellNet.processSample(CellNet.java:414)
	at ml.WorkerThread.processSample(WorkerThread.java:191)
	at ml.WorkerThread.processSamples(WorkerThread.java:159)
	at ml.WorkerThread.processInner(WorkerThread.java:60)
	at ml.WorkerThread.run(WorkerThread.java:24)
java.lang.AssertionError: 354; [353, 207, 109, 25, 1]
	at ml.CellNet.applyInput(CellNet.java:457)
	at ml.CellNet.processSample(CellNet.java:414)
	at ml.WorkerThread.processSample(WorkerThread.java:191)
	at ml.WorkerThread.processSamples(WorkerThread.java:159)
	at ml.WorkerThread.processInner(WorkerThread.java:60)
	at ml.WorkerThread.run(WorkerThread.java:24)
java.lang.AssertionError: 354; [353, 207, 109, 25, 1]
	at ml.CellNet.applyInput(CellNet.java:457)
	at ml.CellNet.processSample(CellNet.java:414)
	at ml.WorkerThread.processSample(WorkerThread.java:191)
	at ml.WorkerThread.processSamples(WorkerThread.java:159)
	at ml.WorkerThread.processInner(WorkerThread.java:60)
	at ml.WorkerThread.run(WorkerThread.java:24)
java.lang.AssertionError: 354; [353, 207, 109, 25, 1]
	at ml.CellNet.applyInput(CellNet.java:457)
	at ml.CellNet.processSample(CellNet.java:414)
	at ml.WorkerThread.processSample(WorkerThread.java:191)
	at ml.WorkerThread.processSamples(WorkerThread.java:159)
	at ml.WorkerThread.processInner(WorkerThread.java:60)
	at ml.WorkerThread.run(WorkerThread.java:24)
java.lang.AssertionError: 354; [353, 207, 109, 25, 1]
	at ml.CellNet.applyInput(CellNet.java:457)
	at ml.CellNet.processSample(CellNet.java:414)
	at ml.WorkerThread.processSample(WorkerThread.java:191)
	at ml.WorkerThread.processSamples(WorkerThread.java:159)
	at ml.WorkerThread.processInner(WorkerThread.java:60)
	at ml.WorkerThread.run(WorkerThread.java:24)
Exception in thread "Thread-43" java.lang.AssertionError: 354; [353, 207, 109, 25, 1]
	at ml.CellNet.applyInput(CellNet.java:457)
	at ml.CellNet.processSample(CellNet.java:414)
	at ml.WorkerThread.processSample(WorkerThread.java:191)
	at ml.WorkerThread.processSamples(WorkerThread.java:159)
	at ml.WorkerThread.processInner(WorkerThread.java:60)
	at ml.WorkerThread.run(WorkerThread.java:24)
java.lang.AssertionError: 354; [353, 207, 109, 25, 1]
	at ml.CellNet.applyInput(CellNet.java:457)
	at ml.CellNet.processSample(CellNet.java:414)
	at ml.WorkerThread.processSample(WorkerThread.java:191)
	at ml.WorkerThread.processSamples(WorkerThread.java:159)
	at ml.WorkerThread.processInner(WorkerThread.java:60)
	at ml.WorkerThread.run(WorkerThread.java:24)
Exception in thread "Thread-42" java.lang.AssertionError: 354; [353, 207, 109, 25, 1]
	at ml.CellNet.applyInput(CellNet.java:457)
	at ml.CellNet.processSample(CellNet.java:414)
	at ml.WorkerThread.processSample(WorkerThread.java:191)
	at ml.WorkerThread.processSamples(WorkerThread.java:159)
	at ml.WorkerThread.processInner(WorkerThread.java:60)
	at ml.WorkerThread.run(WorkerThread.java:24)
Exception in thread "Thread-45" java.lang.AssertionError: 354; [353, 137, 97, 73, 1]
	at ml.CellNet.applyInput(CellNet.java:457)
	at ml.CellNet.processSample(CellNet.java:414)
	at ml.WorkerThread.processSample(WorkerThread.java:191)
	at ml.WorkerThread.processSamples(WorkerThread.java:159)
	at ml.WorkerThread.processInner(WorkerThread.java:60)
	at ml.WorkerThread.run(WorkerThread.java:24)
Exception in thread "Thread-47" java.lang.AssertionError: 354; [353, 137, 97, 73, 1]
	at ml.CellNet.applyInput(CellNet.java:457)
	at ml.CellNet.processSample(CellNet.java:414)
	at ml.WorkerThread.processSample(WorkerThread.java:191)
	at ml.WorkerThread.processSamples(WorkerThread.java:159)
	at ml.WorkerThread.processInner(WorkerThread.java:60)
	at ml.WorkerThread.run(WorkerThread.java:24)
Exception in thread "Thread-46" java.lang.AssertionError: 354; [353, 137, 97, 73, 1]
	at ml.CellNet.applyInput(CellNet.java:457)
	at ml.CellNet.processSample(CellNet.java:414)
	at ml.WorkerThread.processSample(WorkerThread.java:191)
	at ml.WorkerThread.processSamples(WorkerThread.java:159)
	at ml.WorkerThread.processInner(WorkerThread.java:60)
	at ml.WorkerThread.run(WorkerThread.java:24)
Exception in thread "Thread-49" java.lang.AssertionError: 354; [353, 137, 97, 73, 1]
	at ml.CellNet.applyInput(CellNet.java:457)
	at ml.CellNet.processSample(CellNet.java:414)
	at ml.WorkerThread.processSample(WorkerThread.java:191)
	at ml.WorkerThread.processSamples(WorkerThread.java:159)
	at ml.WorkerThread.processInner(WorkerThread.java:60)
	at ml.WorkerThread.run(WorkerThread.java:24)
Exception in thread "Thread-53" Exception in thread "Thread-52" java.lang.AssertionError: 354; [353, 137, 97, 73, 1]
	at ml.CellNet.applyInput(CellNet.java:457)
	at ml.CellNet.processSample(CellNet.java:414)
	at ml.WorkerThread.processSample(WorkerThread.java:191)
	at ml.WorkerThread.processSamples(WorkerThread.java:159)
	at ml.WorkerThread.processInner(WorkerThread.java:60)
	at ml.WorkerThread.run(WorkerThread.java:24)
Exception in thread "Thread-50" java.lang.AssertionError: 354; [353, 137, 97, 73, 1]
	at ml.CellNet.applyInput(CellNet.java:457)
	at ml.CellNet.processSample(CellNet.java:414)
	at ml.WorkerThread.processSample(WorkerThread.java:191)
	at ml.WorkerThread.processSamples(WorkerThread.java:159)
	at ml.WorkerThread.processInner(WorkerThread.java:60)
	at ml.WorkerThread.run(WorkerThread.java:24)
Exception in thread "Thread-51" Exception in thread "Thread-48" java.lang.AssertionError: 354; [353, 137, 97, 73, 1]
	at ml.CellNet.applyInput(CellNet.java:457)
	at ml.CellNet.processSample(CellNet.java:414)
	at ml.WorkerThread.processSample(WorkerThread.java:191)
	at ml.WorkerThread.processSamples(WorkerThread.java:159)
	at ml.WorkerThread.processInner(WorkerThread.java:60)
	at ml.WorkerThread.run(WorkerThread.java:24)
Exception in thread "Thread-54" java.lang.AssertionError: 354; [353, 137, 97, 73, 1]
	at ml.CellNet.applyInput(CellNet.java:457)
	at ml.CellNet.processSample(CellNet.java:414)
	at ml.WorkerThread.processSample(WorkerThread.java:191)
	at ml.WorkerThread.processSamples(WorkerThread.java:159)
	at ml.WorkerThread.processInner(WorkerThread.java:60)
	at ml.WorkerThread.run(WorkerThread.java:24)
Exception in thread "Thread-56" java.lang.AssertionError: 354; [353, 137, 97, 73, 1]
	at ml.CellNet.applyInput(CellNet.java:457)
	at ml.CellNet.processSample(CellNet.java:414)
	at ml.WorkerThread.processSample(WorkerThread.java:191)
	at ml.WorkerThread.processSamples(WorkerThread.java:159)
	at ml.WorkerThread.processInner(WorkerThread.java:60)
	at ml.WorkerThread.run(WorkerThread.java:24)
java.lang.AssertionError: 354; [353, 137, 97, 73, 1]
	at ml.CellNet.applyInput(CellNet.java:457)
	at ml.CellNet.processSample(CellNet.java:414)
	at ml.WorkerThread.processSample(WorkerThread.java:191)
	at ml.WorkerThread.processSamples(WorkerThread.java:159)
	at ml.WorkerThread.processInner(WorkerThread.java:60)
	at ml.WorkerThread.run(WorkerThread.java:24)
Exception in thread "Thread-57" java.lang.AssertionError: 354; [353, 137, 97, 73, 1]
	at ml.CellNet.applyInput(CellNet.java:457)
	at ml.CellNet.processSample(CellNet.java:414)
	at ml.WorkerThread.processSample(WorkerThread.java:191)
	at ml.WorkerThread.processSamples(WorkerThread.java:159)
	at ml.WorkerThread.processInner(WorkerThread.java:60)
	at ml.WorkerThread.run(WorkerThread.java:24)
Exception in thread "Thread-55" java.lang.AssertionError: 354; [353, 137, 97, 73, 1]
	at ml.CellNet.applyInput(CellNet.java:457)
	at ml.CellNet.processSample(CellNet.java:414)
	at ml.WorkerThread.processSample(WorkerThread.java:191)
	at ml.WorkerThread.processSamples(WorkerThread.java:159)
	at ml.WorkerThread.processInner(WorkerThread.java:60)
	at ml.WorkerThread.run(WorkerThread.java:24)
java.lang.AssertionError: 354; [353, 137, 97, 73, 1]
	at ml.CellNet.applyInput(CellNet.java:457)
	at ml.CellNet.processSample(CellNet.java:414)
	at ml.WorkerThread.processSample(WorkerThread.java:191)
	at ml.WorkerThread.processSamples(WorkerThread.java:159)
	at ml.WorkerThread.processInner(WorkerThread.java:60)
	at ml.WorkerThread.run(WorkerThread.java:24)
Exception in thread "Thread-59" java.lang.AssertionError: 354; [353, 137, 97, 73, 1]
	at ml.CellNet.applyInput(CellNet.java:457)
	at ml.CellNet.processSample(CellNet.java:414)
	at ml.WorkerThread.processSample(WorkerThread.java:191)
	at ml.WorkerThread.processSamples(WorkerThread.java:159)
	at ml.WorkerThread.processInner(WorkerThread.java:60)
	at ml.WorkerThread.run(WorkerThread.java:24)
Exception in thread "Thread-58" Exception in thread "Thread-61" java.lang.AssertionError: 354; [353, 137, 97, 73, 1]
	at ml.CellNet.applyInput(CellNet.java:457)
	at ml.CellNet.processSample(CellNet.java:414)
	at ml.WorkerThread.processSample(WorkerThread.java:191)
	at ml.WorkerThread.processSamples(WorkerThread.java:159)
	at ml.WorkerThread.processInner(WorkerThread.java:60)
	at ml.WorkerThread.run(WorkerThread.java:24)
Exception in thread "Thread-60" java.lang.AssertionError: 354; [353, 137, 97, 73, 1]
	at ml.CellNet.applyInput(CellNet.java:457)
	at ml.CellNet.processSample(CellNet.java:414)
	at ml.WorkerThread.processSample(WorkerThread.java:191)
	at ml.WorkerThread.processSamples(WorkerThread.java:159)
	at ml.WorkerThread.processInner(WorkerThread.java:60)
	at ml.WorkerThread.run(WorkerThread.java:24)
Exception in thread "Thread-63" Exception in thread "Thread-62" java.lang.AssertionError: 354; [353, 137, 97, 73, 1]
	at ml.CellNet.applyInput(CellNet.java:457)
	at ml.CellNet.processSample(CellNet.java:414)
	at ml.WorkerThread.processSample(WorkerThread.java:191)
	at ml.WorkerThread.processSamples(WorkerThread.java:159)
	at ml.WorkerThread.processInner(WorkerThread.java:60)
	at ml.WorkerThread.run(WorkerThread.java:24)
Exception in thread "Thread-64" java.lang.AssertionError: 354; [353, 137, 97, 73, 1]
	at ml.CellNet.applyInput(CellNet.java:457)
	at ml.CellNet.processSample(CellNet.java:414)
	at ml.WorkerThread.processSample(WorkerThread.java:191)
	at ml.WorkerThread.processSamples(WorkerThread.java:159)
	at ml.WorkerThread.processInner(WorkerThread.java:60)
	at ml.WorkerThread.run(WorkerThread.java:24)
java.lang.AssertionError: 354; [353, 137, 97, 73, 1]
	at ml.CellNet.applyInput(CellNet.java:457)
	at ml.CellNet.processSample(CellNet.java:414)
	at ml.WorkerThread.processSample(WorkerThread.java:191)
	at ml.WorkerThread.processSamples(WorkerThread.java:159)
	at ml.WorkerThread.processInner(WorkerThread.java:60)
	at ml.WorkerThread.run(WorkerThread.java:24)
java.lang.AssertionError: 354; [353, 137, 97, 73, 1]
	at ml.CellNet.applyInput(CellNet.java:457)
	at ml.CellNet.processSample(CellNet.java:414)
	at ml.WorkerThread.processSample(WorkerThread.java:191)
	at ml.WorkerThread.processSamples(WorkerThread.java:159)
	at ml.WorkerThread.processInner(WorkerThread.java:60)
	at ml.WorkerThread.run(WorkerThread.java:24)
slurmstepd: error: *** JOB 17744669 ON n0060.dori0 CANCELLED AT 2025-06-21T13:13:47 DUE TO TIME LIMIT ***
