java -ea -Xmx400g -Xms400g -cp /clusterfs/jgi/scratch/gentech/genome_analysis/brandonimstepf/bbmap/current/ ml.Trainer in=../ncbi_100_8f.tsv out=cycles_trained_8dims_400k_ncbi_100_8f_6l_smaller.bbnet maxdims=356,100,250,75,10,1 mindims=356,50,100,40,5,1 cycles=4 nets=8 -Xmx400g

Loading ../ncbi_100_8f.tsv
Inferring 356 inputs, 1 output, 0 weights.
Data was organized into 207 sets.
Using 64 worker threads, 8 trainer threads, 22 jobs/trainer/batch, 400000 batches, 4 cycles to train 32 networks total.
Cycle 0
Batch 1:	ERR= 0.330481	WER= 2.526199	FPR= 0.202692	FNR= 0.202658	CTF= -0.139574	54.5s
Batch 4:	ERR= 0.321257	WER= 2.532872	FPR= 0.202481	FNR= 0.202446	CTF= -0.152620	9.20s
Batch 16:	ERR= 0.224248	WER= 1.794446	FPR= 0.202919	FNR= 0.202889	CTF= 0.142518	13.4s
Batch 64:	ERR= 0.117160	WER= 0.974189	FPR= 0.196059	FNR= 0.195966	CTF= 0.487747	27.1s
Batch 256:	ERR= 0.108086	WER= 0.624201	FPR= 0.181215	FNR= 0.180914	CTF= 0.409094	35.5s
Batch 1024:	ERR= 0.106301	WER= 0.614286	FPR= 0.148987	FNR= 0.148666	CTF= 0.410459	47.8s
Batch 4096:	ERR= 0.050992	WER= 0.276401	FPR= 0.036355	FNR= 0.036348	CTF= 0.406554	176s
Batch 10k:	ERR= 0.237585	WER= 1.448744	FPR= 0.029918	FNR= 0.029901	CTF= 1.006723	331s
Batch 20k:	ERR= 0.064683	WER= 0.261284	FPR= 0.025349	FNR= 0.025338	CTF= 0.466099	546s
Batch 30k:	ERR= 0.051745	WER= 0.226572	FPR= 0.019960	FNR= 0.019951	CTF= 0.447994	549s
Batch 40k:	ERR= 0.039920	WER= 0.130881	FPR= 0.018541	FNR= 0.018536	CTF= 0.520411	543s
Batch 50k:	ERR= 0.038912	WER= 0.167465	FPR= 0.017919	FNR= 0.017913	CTF= 0.577774	540s
Batch 60k:	ERR= 0.037457	WER= 0.172408	FPR= 0.017129	FNR= 0.017120	CTF= 0.521271	543s
Batch 70k:	ERR= 0.039158	WER= 0.185352	FPR= 0.016574	FNR= 0.016558	CTF= 0.517911	539s
Batch 80k:	ERR= 0.032300	WER= 0.144256	FPR= 0.016082	FNR= 0.016072	CTF= 0.516016	541s
Batch 90k:	ERR= 0.031215	WER= 0.155552	FPR= 0.015909	FNR= 0.015903	CTF= 0.587797	552s
Batch 100k:	ERR= 0.029803	WER= 0.137437	FPR= 0.015177	FNR= 0.015168	CTF= 0.514641	598s
Batch 110k:	ERR= 0.032864	WER= 0.168645	FPR= 0.014684	FNR= 0.014676	CTF= 0.531277	509s
Batch 120k:	ERR= 0.028501	WER= 0.119195	FPR= 0.014307	FNR= 0.014299	CTF= 0.511558	513s
Batch 130k:	ERR= 0.029028	WER= 0.120738	FPR= 0.013981	FNR= 0.013973	CTF= 0.553407	513s
Batch 140k:	ERR= 0.030885	WER= 0.127613	FPR= 0.013676	FNR= 0.013666	CTF= 0.515019	511s
Batch 150k:	ERR= 0.031097	WER= 0.121741	FPR= 0.013320	FNR= 0.013311	CTF= 0.527242	512s
Batch 160k:	ERR= 0.028539	WER= 0.111643	FPR= 0.013125	FNR= 0.013117	CTF= 0.517118	514s
Batch 170k:	ERR= 0.027753	WER= 0.104905	FPR= 0.012900	FNR= 0.012895	CTF= 0.513537	515s
Batch 180k:	ERR= 0.029914	WER= 0.111580	FPR= 0.012650	FNR= 0.012646	CTF= 0.524094	516s
Batch 190k:	ERR= 0.029358	WER= 0.117308	FPR= 0.012506	FNR= 0.012498	CTF= 0.519729	515s
Batch 200k:	ERR= 0.027852	WER= 0.098722	FPR= 0.012367	FNR= 0.012363	CTF= 0.519425	514s
Batch 210k:	ERR= 0.028859	WER= 0.108655	FPR= 0.012317	FNR= 0.012313	CTF= 0.485926	508s
Batch 220k:	ERR= 0.027639	WER= 0.095883	FPR= 0.012105	FNR= 0.012100	CTF= 0.538361	511s
Batch 230k:	ERR= 0.027486	WER= 0.106416	FPR= 0.012032	FNR= 0.012026	CTF= 0.532697	513s
Batch 240k:	ERR= 0.027124	WER= 0.092155	FPR= 0.011937	FNR= 0.011931	CTF= 0.524835	511s
Batch 250k:	ERR= 0.027975	WER= 0.104775	FPR= 0.011843	FNR= 0.011838	CTF= 0.517736	513s
Batch 260k:	ERR= 0.028915	WER= 0.108268	FPR= 0.011733	FNR= 0.011727	CTF= 0.531733	511s
Batch 270k:	ERR= 0.027327	WER= 0.107378	FPR= 0.011731	FNR= 0.011724	CTF= 0.528964	512s
Batch 280k:	ERR= 0.027335	WER= 0.094183	FPR= 0.011633	FNR= 0.011629	CTF= 0.530052	514s
Batch 290k:	ERR= 0.028391	WER= 0.100162	FPR= 0.011566	FNR= 0.011560	CTF= 0.526329	516s
Batch 300k:	ERR= 0.027877	WER= 0.111523	FPR= 0.011480	FNR= 0.011476	CTF= 0.533485	519s
Batch 310k:	ERR= 0.027667	WER= 0.095330	FPR= 0.011517	FNR= 0.011512	CTF= 0.541146	511s
Batch 320k:	ERR= 0.027226	WER= 0.098185	FPR= 0.011447	FNR= 0.011443	CTF= 0.531972	512s
Batch 330k:	ERR= 0.027664	WER= 0.100495	FPR= 0.011455	FNR= 0.011450	CTF= 0.536041	446s
Batch 340k:	ERR= 0.027805	WER= 0.106449	FPR= 0.011363	FNR= 0.011357	CTF= 0.527833	404s
Batch 350k:	ERR= 0.028331	WER= 0.099015	FPR= 0.011306	FNR= 0.011301	CTF= 0.536701	352s
Batch 360k:	ERR= 0.027535	WER= 0.084570	FPR= 0.011295	FNR= 0.011290	CTF= 0.537620	350s
Batch 370k:	ERR= 0.027560	WER= 0.093515	FPR= 0.011365	FNR= 0.011355	CTF= 0.537467	326s
Batch 380k:	ERR= 0.027823	WER= 0.105516	FPR= 0.011197	FNR= 0.011190	CTF= 0.533741	287s
Batch 390k:	ERR= 0.027968	WER= 0.115795	FPR= 0.011198	FNR= 0.011195	CTF= 0.531608	276s
Batch 400k:	ERR= 0.027564	WER= 0.086762	FPR= 0.011180	FNR= 0.011171	CTF= 0.538770	274s
Cycle 1
Batch 1:	ERR= 0.149879	WER= 1.445021	FPR= 0.199165	FNR= 0.199120	CTF= 0.233833	13.3s
Batch 4:	ERR= 0.141539	WER= 1.366994	FPR= 0.199292	FNR= 0.199245	CTF= 0.267315	10.5s
Batch 16:	ERR= 0.119995	WER= 1.071204	FPR= 0.198426	FNR= 0.198370	CTF= 0.394149	14.7s
Batch 64:	ERR= 0.116166	WER= 0.951503	FPR= 0.194505	FNR= 0.194412	CTF= 0.481586	28.6s
Batch 256:	ERR= 0.109707	WER= 0.691606	FPR= 0.186750	FNR= 0.186502	CTF= 0.425281	37.1s
Batch 1024:	ERR= 0.105598	WER= 0.624832	FPR= 0.164818	FNR= 0.164653	CTF= 0.406398	53.0s
Batch 4096:	ERR= 0.043918	WER= 0.241308	FPR= 0.037242	FNR= 0.037239	CTF= 0.449512	191s
Batch 10k:	ERR= 0.098276	WER= 0.511138	FPR= 0.029721	FNR= 0.029714	CTF= 0.681882	357s
Batch 20k:	ERR= 0.062619	WER= 0.253748	FPR= 0.023413	FNR= 0.023399	CTF= 0.535517	601s
Batch 30k:	ERR= 0.050729	WER= 0.226465	FPR= 0.020308	FNR= 0.020298	CTF= 0.506066	597s
Batch 40k:	ERR= 0.038474	WER= 0.158589	FPR= 0.018408	FNR= 0.018400	CTF= 0.512227	595s
Batch 50k:	ERR= 0.038921	WER= 0.141690	FPR= 0.017912	FNR= 0.017904	CTF= 0.528131	593s
Batch 60k:	ERR= 0.039698	WER= 0.180589	FPR= 0.017314	FNR= 0.017301	CTF= 0.499105	596s
Batch 70k:	ERR= 0.038090	WER= 0.179463	FPR= 0.016608	FNR= 0.016596	CTF= 0.509428	592s
Batch 80k:	ERR= 0.036183	WER= 0.136307	FPR= 0.016108	FNR= 0.016100	CTF= 0.505038	591s
Batch 90k:	ERR= 0.035709	WER= 0.110477	FPR= 0.015975	FNR= 0.015970	CTF= 0.539424	601s
Batch 100k:	ERR= 0.031880	WER= 0.130675	FPR= 0.015156	FNR= 0.015147	CTF= 0.510139	634s
Batch 110k:	ERR= 0.035153	WER= 0.152647	FPR= 0.014665	FNR= 0.014654	CTF= 0.555047	560s
Batch 120k:	ERR= 0.032521	WER= 0.118364	FPR= 0.014280	FNR= 0.014273	CTF= 0.509876	571s
Batch 130k:	ERR= 0.029592	WER= 0.109707	FPR= 0.013925	FNR= 0.013919	CTF= 0.533739	563s
Batch 140k:	ERR= 0.032930	WER= 0.133682	FPR= 0.013768	FNR= 0.013758	CTF= 0.515021	569s
Batch 150k:	ERR= 0.032120	WER= 0.126088	FPR= 0.013239	FNR= 0.013232	CTF= 0.519964	567s
Batch 160k:	ERR= 0.031133	WER= 0.117432	FPR= 0.012960	FNR= 0.012954	CTF= 0.517602	566s
Batch 170k:	ERR= 0.031786	WER= 0.116648	FPR= 0.012682	FNR= 0.012676	CTF= 0.523658	567s
Batch 180k:	ERR= 0.031830	WER= 0.115005	FPR= 0.012512	FNR= 0.012504	CTF= 0.524165	562s
Batch 190k:	ERR= 0.031882	WER= 0.106783	FPR= 0.012272	FNR= 0.012267	CTF= 0.517755	557s
Batch 200k:	ERR= 0.030671	WER= 0.101027	FPR= 0.012175	FNR= 0.012170	CTF= 0.514925	560s
Batch 210k:	ERR= 0.030546	WER= 0.107592	FPR= 0.012069	FNR= 0.012063	CTF= 0.502756	559s
Batch 220k:	ERR= 0.030401	WER= 0.113303	FPR= 0.011822	FNR= 0.011817	CTF= 0.519696	561s
Batch 230k:	ERR= 0.030173	WER= 0.104649	FPR= 0.011716	FNR= 0.011710	CTF= 0.521631	565s
Batch 240k:	ERR= 0.030212	WER= 0.091211	FPR= 0.011626	FNR= 0.011623	CTF= 0.524594	568s
Batch 250k:	ERR= 0.029576	WER= 0.097305	FPR= 0.011698	FNR= 0.011692	CTF= 0.525697	557s
Batch 260k:	ERR= 0.030305	WER= 0.114379	FPR= 0.011442	FNR= 0.011435	CTF= 0.534579	559s
Batch 270k:	ERR= 0.029109	WER= 0.091087	FPR= 0.011342	FNR= 0.011338	CTF= 0.538127	552s
Batch 280k:	ERR= 0.029064	WER= 0.086389	FPR= 0.011269	FNR= 0.011264	CTF= 0.529254	559s
Batch 290k:	ERR= 0.030291	WER= 0.098311	FPR= 0.011398	FNR= 0.011394	CTF= 0.515196	557s
Batch 300k:	ERR= 0.030258	WER= 0.097834	FPR= 0.011109	FNR= 0.011102	CTF= 0.537267	557s
Batch 310k:	ERR= 0.030516	WER= 0.104720	FPR= 0.011093	FNR= 0.011087	CTF= 0.528266	544s
Batch 320k:	ERR= 0.029371	WER= 0.080343	FPR= 0.011020	FNR= 0.011015	CTF= 0.534572	502s
Batch 330k:	ERR= 0.029548	WER= 0.079484	FPR= 0.010980	FNR= 0.010975	CTF= 0.544696	501s
Batch 340k:	ERR= 0.030124	WER= 0.093719	FPR= 0.010926	FNR= 0.010923	CTF= 0.537206	499s
Batch 350k:	ERR= 0.029959	WER= 0.082624	FPR= 0.010898	FNR= 0.010891	CTF= 0.540133	392s
Batch 360k:	ERR= 0.029573	WER= 0.077945	FPR= 0.010920	FNR= 0.010914	CTF= 0.536250	361s
Batch 370k:	ERR= 0.029488	WER= 0.073683	FPR= 0.010843	FNR= 0.010836	CTF= 0.549210	306s
Batch 380k:	ERR= 0.030339	WER= 0.092969	FPR= 0.010781	FNR= 0.010773	CTF= 0.537970	306s
Batch 390k:	ERR= 0.030100	WER= 0.084746	FPR= 0.010795	FNR= 0.010790	CTF= 0.537191	304s
Batch 400k:	ERR= 0.030220	WER= 0.075972	FPR= 0.010779	FNR= 0.010774	CTF= 0.537286	306s
Cycle 2
Exception in thread "main" java.lang.AssertionError: -217, 355, 1, 298, 356
	at ml.CellNet.pickEdges(CellNet.java:319)
	at ml.CellNet.makeEdgesDense(CellNet.java:262)
	at ml.CellNet.randomize(CellNet.java:135)
	at ml.Trainer.randomNetwork(Trainer.java:1156)
	at ml.Trainer.randomNetwork(Trainer.java:1144)
	at ml.Trainer.randomNetwork(Trainer.java:1139)
	at ml.Trainer.createNetworks(Trainer.java:1128)
	at ml.Trainer.fetchNetworks(Trainer.java:1122)
	at ml.Trainer.runCycle(Trainer.java:954)
	at ml.Trainer.trainNetworks(Trainer.java:916)
	at ml.Trainer.spawnThreads(Trainer.java:872)
	at ml.Trainer.process(Trainer.java:726)
	at ml.Trainer.main(Trainer.java:54)
slurmstepd: error: *** JOB 17967072 ON n0040.dori0 CANCELLED AT 2025-07-10T08:47:15 DUE TO TIME LIMIT ***
