java -ea -Xmx400g -Xms400g -cp /clusterfs/jgi/scratch/gentech/genome_analysis/brandonimstepf/bbmap/current/ ml.Trainer in=../ncbi_total_training_final.tsv out=cycles_trained_8dims_400k_ncbi_total_8f_6l_small_7-21.bbnet maxdims=356,125,275,75,25,1 mindims=356,50,150,25,5,1 cycles=4 nets=8 -Xmx400g

Loading ../ncbi_total_training_final.tsv
Inferring 356 inputs, 1 output, 0 weights.
Data was organized into 640 sets.
Using 64 worker threads, 8 trainer threads, 22 jobs/trainer/batch, 400000 batches, 4 cycles to train 32 networks total.
Cycle 0
Batch 1:	ERR= 0.247353	WER= 2.315538	FPR= 0.215712	FNR= 0.215686	CTF= 0.069620	54.0s
Batch 4:	ERR= 0.196858	WER= 1.901597	FPR= 0.214807	FNR= 0.214783	CTF= 0.162163	33.6s
Batch 16:	ERR= 0.122273	WER= 1.044132	FPR= 0.211134	FNR= 0.211099	CTF= 0.473378	36.1s
Batch 64:	ERR= 0.117766	WER= 1.009069	FPR= 0.204019	FNR= 0.203957	CTF= 0.484809	53.0s
Batch 256:	ERR= 0.113782	WER= 0.957916	FPR= 0.186481	FNR= 0.186338	CTF= 0.300584	63.3s
Batch 1024:	ERR= 0.103550	WER= 0.725047	FPR= 0.136088	FNR= 0.136022	CTF= 0.397766	80.9s
Batch 4096:	ERR= 0.057128	WER= 0.345160	FPR= 0.036910	FNR= 0.036901	CTF= 0.434572	220s
Batch 10k:	ERR= 0.320463	WER= 0.739142	FPR= 0.029643	FNR= 0.029639	CTF= 0.999626	391s
Batch 20k:	ERR= 0.130989	WER= 0.316784	FPR= 0.025159	FNR= 0.025156	CTF= 0.505075	635s
Batch 30k:	ERR= 0.055101	WER= 0.204541	FPR= 0.021461	FNR= 0.021455	CTF= 0.436785	634s
Batch 40k:	ERR= 0.039383	WER= 0.145579	FPR= 0.019851	FNR= 0.019845	CTF= 0.511434	633s
Batch 50k:	ERR= 0.043536	WER= 0.145042	FPR= 0.019156	FNR= 0.019151	CTF= 0.508414	634s
Batch 60k:	ERR= 0.041899	WER= 0.176844	FPR= 0.018589	FNR= 0.018578	CTF= 0.518690	630s
Batch 70k:	ERR= 0.044534	WER= 0.209573	FPR= 0.017913	FNR= 0.017906	CTF= 0.472288	633s
Batch 80k:	ERR= 0.038820	WER= 0.143661	FPR= 0.017513	FNR= 0.017505	CTF= 0.512289	633s
Batch 90k:	ERR= 0.037424	WER= 0.140019	FPR= 0.017096	FNR= 0.017091	CTF= 0.499137	634s
Batch 100k:	ERR= 0.040665	WER= 0.158049	FPR= 0.016450	FNR= 0.016443	CTF= 0.506608	911s
Batch 110k:	ERR= 0.044787	WER= 0.259252	FPR= 0.016118	FNR= 0.016109	CTF= 0.454817	601s
Batch 120k:	ERR= 0.038922	WER= 0.154960	FPR= 0.015614	FNR= 0.015607	CTF= 0.501490	602s
Batch 130k:	ERR= 0.040977	WER= 0.168226	FPR= 0.015441	FNR= 0.015434	CTF= 0.535219	604s
Batch 140k:	ERR= 0.039345	WER= 0.148409	FPR= 0.014987	FNR= 0.014980	CTF= 0.504864	599s
Batch 150k:	ERR= 0.042190	WER= 0.179008	FPR= 0.014819	FNR= 0.014811	CTF= 0.517758	605s
Batch 160k:	ERR= 0.039581	WER= 0.155771	FPR= 0.014493	FNR= 0.014487	CTF= 0.502998	600s
Batch 170k:	ERR= 0.042300	WER= 0.183460	FPR= 0.014334	FNR= 0.014328	CTF= 0.542210	601s
Batch 180k:	ERR= 0.040091	WER= 0.157175	FPR= 0.014169	FNR= 0.014164	CTF= 0.509088	601s
Batch 190k:	ERR= 0.041013	WER= 0.154232	FPR= 0.013897	FNR= 0.013890	CTF= 0.506190	602s
Batch 200k:	ERR= 0.041138	WER= 0.139760	FPR= 0.013797	FNR= 0.013792	CTF= 0.508652	601s
Batch 210k:	ERR= 0.042014	WER= 0.165897	FPR= 0.013696	FNR= 0.013691	CTF= 0.526986	604s
Batch 220k:	ERR= 0.042286	WER= 0.180949	FPR= 0.013492	FNR= 0.013487	CTF= 0.508567	610s
Batch 230k:	ERR= 0.042122	WER= 0.146896	FPR= 0.013423	FNR= 0.013419	CTF= 0.506393	605s
Batch 240k:	ERR= 0.041007	WER= 0.141762	FPR= 0.013293	FNR= 0.013289	CTF= 0.510529	602s
Batch 250k:	ERR= 0.042409	WER= 0.156046	FPR= 0.013131	FNR= 0.013126	CTF= 0.522706	601s
Batch 260k:	ERR= 0.043632	WER= 0.167337	FPR= 0.013097	FNR= 0.013094	CTF= 0.506458	600s
Batch 270k:	ERR= 0.042923	WER= 0.187529	FPR= 0.012967	FNR= 0.012963	CTF= 0.502299	605s
Batch 280k:	ERR= 0.040932	WER= 0.137165	FPR= 0.012976	FNR= 0.012974	CTF= 0.508872	601s
Batch 290k:	ERR= 0.043033	WER= 0.167243	FPR= 0.012913	FNR= 0.012909	CTF= 0.506152	604s
Batch 300k:	ERR= 0.042566	WER= 0.177854	FPR= 0.012899	FNR= 0.012895	CTF= 0.498797	600s
Batch 310k:	ERR= 0.042016	WER= 0.195654	FPR= 0.012729	FNR= 0.012726	CTF= 0.508622	603s
Batch 320k:	ERR= 0.041275	WER= 0.129159	FPR= 0.012649	FNR= 0.012646	CTF= 0.509118	600s
Batch 330k:	ERR= 0.042606	WER= 0.169350	FPR= 0.012635	FNR= 0.012633	CTF= 0.513824	599s
Batch 340k:	ERR= 0.041936	WER= 0.165765	FPR= 0.012515	FNR= 0.012512	CTF= 0.501813	600s
Batch 350k:	ERR= 0.042421	WER= 0.185486	FPR= 0.012484	FNR= 0.012482	CTF= 0.509503	602s
Batch 360k:	ERR= 0.041894	WER= 0.141094	FPR= 0.012461	FNR= 0.012458	CTF= 0.510384	599s
Batch 370k:	ERR= 0.042175	WER= 0.170285	FPR= 0.012385	FNR= 0.012383	CTF= 0.518380	597s
Batch 380k:	ERR= 0.042542	WER= 0.181802	FPR= 0.012353	FNR= 0.012351	CTF= 0.509261	559s
Batch 390k:	ERR= 0.042689	WER= 0.172035	FPR= 0.012352	FNR= 0.012350	CTF= 0.510648	484s
Batch 400k:	ERR= 0.041014	WER= 0.123227	FPR= 0.012319	FNR= 0.012317	CTF= 0.508389	396s
Cycle 1
Exception in thread "main" java.lang.AssertionError: -99, 355, 1, 355, 356
	at ml.CellNet.pickEdges(CellNet.java:319)
	at ml.CellNet.makeEdgesDense(CellNet.java:262)
	at ml.CellNet.randomize(CellNet.java:135)
	at ml.Trainer.randomNetwork(Trainer.java:1156)
	at ml.Trainer.randomNetwork(Trainer.java:1144)
	at ml.Trainer.randomNetwork(Trainer.java:1139)
	at ml.Trainer.createNetworks(Trainer.java:1128)
	at ml.Trainer.fetchNetworks(Trainer.java:1122)
	at ml.Trainer.runCycle(Trainer.java:954)
	at ml.Trainer.trainNetworks(Trainer.java:916)
	at ml.Trainer.spawnThreads(Trainer.java:872)
	at ml.Trainer.process(Trainer.java:726)
	at ml.Trainer.main(Trainer.java:54)
slurmstepd: error: *** JOB 18138925 ON n0066.dori0 CANCELLED AT 2025-07-24T11:28:17 DUE TO TIME LIMIT ***
