java -ea -Xmx400g -Xms400g -cp /clusterfs/jgi/scratch/gentech/genome_analysis/brandonimstepf/bbmap/current/ ml.Trainer in=../ncbi_100_8f.tsv out=cycles_trained_8dims_400k_ncbi_100_8f_075d.bbnet maxdims=356,300,240,180,90,1 mindims=356,150,120,90,10,1 cycles=4 nets=8 density=0.75 -Xmx400g

Loading ../ncbi_100_8f.tsv
Inferring 356 inputs, 1 output, 0 weights.
Data was organized into 207 sets.
Using 64 worker threads, 8 trainer threads, 22 jobs/trainer/batch, 400000 batches, 4 cycles to train 32 networks total.
Cycle 0
Batch 1:	ERR= 0.331700	WER= 2.931243	FPR= 0.200202	FNR= 0.200183	CTF= 0.504667	49.8s
Batch 4:	ERR= 0.309369	WER= 2.726073	FPR= 0.199980	FNR= 0.199967	CTF= 0.461410	33.1s
Batch 16:	ERR= 0.215554	WER= 2.024119	FPR= 0.197393	FNR= 0.197375	CTF= 0.494078	49.6s
Batch 64:	ERR= 0.129275	WER= 1.148973	FPR= 0.185278	FNR= 0.185259	CTF= 0.539537	98.2s
Batch 256:	ERR= 0.183080	WER= 1.822058	FPR= 0.147870	FNR= 0.147821	CTF= 0.638932	126s
Batch 1024:	ERR= 0.097263	WER= 0.649147	FPR= 0.091850	FNR= 0.091825	CTF= 0.362705	175s
Batch 4096:	ERR= 0.051578	WER= 0.219365	FPR= 0.035403	FNR= 0.035395	CTF= 0.504534	611s
Batch 10k:	ERR= 0.456129	WER= 0.517120	FPR= 0.031069	FNR= 0.031067	CTF= 0.333995	1141s
Batch 20k:	ERR= 0.045736	WER= 0.220687	FPR= 0.026609	FNR= 0.026599	CTF= 0.509362	1893s
Batch 30k:	ERR= 0.043113	WER= 0.193735	FPR= 0.021399	FNR= 0.021388	CTF= 0.509722	1877s
Batch 40k:	ERR= 0.037714	WER= 0.134743	FPR= 0.017548	FNR= 0.017540	CTF= 0.517644	1880s
Batch 50k:	ERR= 0.044395	WER= 0.118462	FPR= 0.016787	FNR= 0.016782	CTF= 0.534349	1883s
Batch 60k:	ERR= 0.035567	WER= 0.170093	FPR= 0.016946	FNR= 0.016932	CTF= 0.543218	1870s
Batch 70k:	ERR= 0.033638	WER= 0.167072	FPR= 0.015459	FNR= 0.015446	CTF= 0.502728	1896s
Batch 80k:	ERR= 0.028377	WER= 0.110657	FPR= 0.014216	FNR= 0.014207	CTF= 0.525566	1887s
Batch 90k:	ERR= 0.027759	WER= 0.109251	FPR= 0.014034	FNR= 0.014024	CTF= 0.555110	1948s
Batch 100k:	ERR= 0.027330	WER= 0.101823	FPR= 0.012778	FNR= 0.012773	CTF= 0.523269	2018s
Batch 110k:	ERR= 0.029425	WER= 0.106625	FPR= 0.012028	FNR= 0.012020	CTF= 0.542154	1790s
Batch 120k:	ERR= 0.026027	WER= 0.082415	FPR= 0.011410	FNR= 0.011404	CTF= 0.529487	1781s
Batch 130k:	ERR= 0.024734	WER= 0.079238	FPR= 0.011019	FNR= 0.011012	CTF= 0.554962	1799s
Batch 140k:	ERR= 0.026029	WER= 0.072600	FPR= 0.010416	FNR= 0.010410	CTF= 0.547742	1799s
Batch 150k:	ERR= 0.027555	WER= 0.079495	FPR= 0.010088	FNR= 0.010082	CTF= 0.523369	1780s
Batch 160k:	ERR= 0.026821	WER= 0.068495	FPR= 0.009677	FNR= 0.009673	CTF= 0.526864	1800s
Batch 170k:	ERR= 0.028101	WER= 0.070300	FPR= 0.009370	FNR= 0.009364	CTF= 0.535983	1799s
Batch 180k:	ERR= 0.026433	WER= 0.060397	FPR= 0.008992	FNR= 0.008987	CTF= 0.548653	1787s
Batch 190k:	ERR= 0.030414	WER= 0.074686	FPR= 0.008863	FNR= 0.008858	CTF= 0.516384	1794s
Batch 200k:	ERR= 0.027281	WER= 0.060257	FPR= 0.008494	FNR= 0.008489	CTF= 0.534475	1802s
Batch 210k:	ERR= 0.029063	WER= 0.066410	FPR= 0.008202	FNR= 0.008199	CTF= 0.524796	1791s
Batch 220k:	ERR= 0.028639	WER= 0.060151	FPR= 0.008077	FNR= 0.008074	CTF= 0.536958	1794s
Batch 230k:	ERR= 0.028659	WER= 0.061525	FPR= 0.007937	FNR= 0.007934	CTF= 0.528585	1781s
Batch 240k:	ERR= 0.029203	WER= 0.059688	FPR= 0.007754	FNR= 0.007750	CTF= 0.528619	1782s
Batch 250k:	ERR= 0.029327	WER= 0.057258	FPR= 0.007548	FNR= 0.007543	CTF= 0.535011	1784s
Batch 260k:	ERR= 0.029304	WER= 0.059177	FPR= 0.007407	FNR= 0.007402	CTF= 0.530693	1792s
Batch 270k:	ERR= 0.028465	WER= 0.053074	FPR= 0.007321	FNR= 0.007316	CTF= 0.539970	1798s
Batch 280k:	ERR= 0.029007	WER= 0.055089	FPR= 0.007212	FNR= 0.007209	CTF= 0.532155	1787s
Batch 290k:	ERR= 0.030718	WER= 0.059605	FPR= 0.007045	FNR= 0.007040	CTF= 0.525515	1795s
Batch 300k:	ERR= 0.029818	WER= 0.057933	FPR= 0.006895	FNR= 0.006889	CTF= 0.532608	1795s
Batch 310k:	ERR= 0.028006	WER= 0.048663	FPR= 0.006837	FNR= 0.006833	CTF= 0.545938	1789s
Batch 320k:	ERR= 0.028719	WER= 0.051515	FPR= 0.006738	FNR= 0.006734	CTF= 0.537216	1798s
Batch 330k:	ERR= 0.029932	WER= 0.053784	FPR= 0.006674	FNR= 0.006670	CTF= 0.532436	1782s
Batch 340k:	ERR= 0.029188	WER= 0.051277	FPR= 0.006537	FNR= 0.006532	CTF= 0.536779	1799s
Batch 350k:	ERR= 0.029464	WER= 0.050562	FPR= 0.006472	FNR= 0.006468	CTF= 0.537215	1673s
Batch 360k:	ERR= 0.029549	WER= 0.051059	FPR= 0.006416	FNR= 0.006408	CTF= 0.535808	1123s
Batch 370k:	ERR= 0.029944	WER= 0.049637	FPR= 0.006333	FNR= 0.006328	CTF= 0.537255	992s
Batch 380k:	ERR= 0.029779	WER= 0.051211	FPR= 0.006255	FNR= 0.006250	CTF= 0.536349	1024s
Batch 390k:	ERR= 0.029800	WER= 0.052374	FPR= 0.006220	FNR= 0.006216	CTF= 0.534852	1026s
Batch 400k:	ERR= 0.029271	WER= 0.048043	FPR= 0.006153	FNR= 0.006148	CTF= 0.539873	974s
Cycle 1
Batch 1:	ERR= 0.311243	WER= 2.501937	FPR= 0.203696	FNR= 0.203687	CTF= 0.172050	33.7s
Batch 4:	ERR= 0.237293	WER= 2.033292	FPR= 0.203420	FNR= 0.203410	CTF= 0.392772	34.6s
Batch 16:	ERR= 0.182723	WER= 1.708813	FPR= 0.201783	FNR= 0.201773	CTF= 0.629681	44.7s
Batch 64:	ERR= 0.117540	WER= 1.007171	FPR= 0.189812	FNR= 0.189789	CTF= 0.508839	88.9s
Batch 256:	ERR= 0.132111	WER= 1.170156	FPR= 0.152072	FNR= 0.152040	CTF= 0.187305	109s
Batch 1024:	ERR= 0.078721	WER= 0.568795	FPR= 0.090405	FNR= 0.090364	CTF= 0.389263	156s
Batch 4096:	ERR= 0.096345	WER= 0.302792	FPR= 0.037184	FNR= 0.037178	CTF= 0.582671	548s
Batch 10k:	ERR= 0.203645	WER= 1.120770	FPR= 0.035187	FNR= 0.035183	CTF= 0.768694	1015s
Batch 20k:	ERR= 0.061708	WER= 0.228872	FPR= 0.024233	FNR= 0.024222	CTF= 0.478165	1691s
Batch 30k:	ERR= 0.049526	WER= 0.205725	FPR= 0.019610	FNR= 0.019600	CTF= 0.459974	1691s
Batch 40k:	ERR= 0.039017	WER= 0.154824	FPR= 0.017643	FNR= 0.017633	CTF= 0.507787	1687s
Batch 50k:	ERR= 0.038643	WER= 0.105058	FPR= 0.016904	FNR= 0.016899	CTF= 0.528678	1703s
Batch 60k:	ERR= 0.031622	WER= 0.143902	FPR= 0.016132	FNR= 0.016121	CTF= 0.540129	1694s
Batch 70k:	ERR= 0.034328	WER= 0.168655	FPR= 0.015645	FNR= 0.015633	CTF= 0.518452	1689s
Batch 80k:	ERR= 0.029074	WER= 0.113955	FPR= 0.014330	FNR= 0.014318	CTF= 0.528031	1695s
Batch 90k:	ERR= 0.029218	WER= 0.105002	FPR= 0.013922	FNR= 0.013915	CTF= 0.528786	1747s
Batch 100k:	ERR= 0.027029	WER= 0.109533	FPR= 0.012954	FNR= 0.012947	CTF= 0.522233	1835s
Batch 110k:	ERR= 0.026795	WER= 0.096190	FPR= 0.012189	FNR= 0.012180	CTF= 0.522644	1601s
Batch 120k:	ERR= 0.025555	WER= 0.082634	FPR= 0.011560	FNR= 0.011554	CTF= 0.522160	1612s
Batch 130k:	ERR= 0.027721	WER= 0.102040	FPR= 0.011423	FNR= 0.011414	CTF= 0.548814	1631s
Batch 140k:	ERR= 0.025928	WER= 0.079655	FPR= 0.010507	FNR= 0.010501	CTF= 0.536552	1627s
Batch 150k:	ERR= 0.024346	WER= 0.065691	FPR= 0.010202	FNR= 0.010195	CTF= 0.565873	1622s
Batch 160k:	ERR= 0.025755	WER= 0.067466	FPR= 0.009742	FNR= 0.009738	CTF= 0.527834	1609s
Batch 170k:	ERR= 0.026862	WER= 0.069199	FPR= 0.009421	FNR= 0.009417	CTF= 0.531527	1624s
Batch 180k:	ERR= 0.025221	WER= 0.059379	FPR= 0.009080	FNR= 0.009076	CTF= 0.548276	1624s
Batch 190k:	ERR= 0.026807	WER= 0.068249	FPR= 0.009030	FNR= 0.009027	CTF= 0.525451	1603s
Batch 200k:	ERR= 0.026492	WER= 0.060500	FPR= 0.008610	FNR= 0.008606	CTF= 0.531055	1631s
Batch 210k:	ERR= 0.027424	WER= 0.062703	FPR= 0.008588	FNR= 0.008584	CTF= 0.537245	1622s
Batch 220k:	ERR= 0.026548	WER= 0.057641	FPR= 0.008091	FNR= 0.008085	CTF= 0.537644	1624s
Batch 230k:	ERR= 0.026320	WER= 0.062698	FPR= 0.008331	FNR= 0.008326	CTF= 0.532293	1617s
Batch 240k:	ERR= 0.026850	WER= 0.055466	FPR= 0.007835	FNR= 0.007830	CTF= 0.535338	1629s
Batch 250k:	ERR= 0.026823	WER= 0.055143	FPR= 0.007631	FNR= 0.007624	CTF= 0.537946	1613s
Batch 260k:	ERR= 0.027359	WER= 0.056227	FPR= 0.007624	FNR= 0.007614	CTF= 0.539342	1630s
Batch 270k:	ERR= 0.026158	WER= 0.051269	FPR= 0.007464	FNR= 0.007456	CTF= 0.544269	1625s
Batch 280k:	ERR= 0.026801	WER= 0.052067	FPR= 0.007315	FNR= 0.007310	CTF= 0.538029	1615s
Batch 290k:	ERR= 0.027748	WER= 0.052114	FPR= 0.007218	FNR= 0.007214	CTF= 0.537721	1627s
Batch 300k:	ERR= 0.027551	WER= 0.054436	FPR= 0.007156	FNR= 0.007150	CTF= 0.537323	1630s
Batch 310k:	ERR= 0.026456	WER= 0.049271	FPR= 0.007097	FNR= 0.007092	CTF= 0.545569	1637s
Batch 320k:	ERR= 0.027044	WER= 0.048406	FPR= 0.006889	FNR= 0.006885	CTF= 0.542042	1628s
Batch 330k:	ERR= 0.027696	WER= 0.051264	FPR= 0.007012	FNR= 0.007008	CTF= 0.538602	1449s
Batch 340k:	ERR= 0.027115	WER= 0.048365	FPR= 0.006681	FNR= 0.006677	CTF= 0.540990	1396s
Batch 350k:	ERR= 0.027357	WER= 0.051030	FPR= 0.006648	FNR= 0.006644	CTF= 0.538993	1217s
Batch 360k:	ERR= 0.027043	WER= 0.047038	FPR= 0.006595	FNR= 0.006587	CTF= 0.542121	1050s
Batch 370k:	ERR= 0.026953	WER= 0.044508	FPR= 0.006587	FNR= 0.006580	CTF= 0.547274	1000s
Batch 380k:	ERR= 0.027352	WER= 0.047950	FPR= 0.006439	FNR= 0.006435	CTF= 0.541240	905s
Batch 390k:	ERR= 0.027503	WER= 0.048759	FPR= 0.006434	FNR= 0.006428	CTF= 0.540205	894s
Batch 400k:	ERR= 0.027319	WER= 0.045016	FPR= 0.006368	FNR= 0.006362	CTF= 0.544843	884s
Cycle 2
Batch 1:	ERR= 0.358855	WER= 2.924841	FPR= 0.200869	FNR= 0.200861	CTF= 0.314166	38.1s
Batch 4:	ERR= 0.277368	WER= 2.367094	FPR= 0.200889	FNR= 0.200881	CTF= 0.460349	35.0s
Batch 16:	ERR= 0.189211	WER= 1.759728	FPR= 0.199991	FNR= 0.199982	CTF= 0.633901	49.1s
Batch 64:	ERR= 0.120568	WER= 1.051092	FPR= 0.190822	FNR= 0.190804	CTF= 0.509446	95.3s
Batch 256:	ERR= 0.124983	WER= 1.129406	FPR= 0.153413	FNR= 0.153380	CTF= 0.426930	120s
Batch 1024:	ERR= 0.076664	WER= 0.511799	FPR= 0.083744	FNR= 0.083724	CTF= 0.423730	166s
Batch 4096:	ERR= 0.049636	WER= 0.234370	FPR= 0.036713	FNR= 0.036699	CTF= 0.510762	583s
Batch 10k:	ERR= 0.104304	WER= 0.322352	FPR= 0.035937	FNR= 0.035930	CTF= 0.550441	1098s
Batch 20k:	ERR= 0.194838	WER= 0.237183	FPR= 0.026306	FNR= 0.026298	CTF= 0.528196	1848s
Batch 30k:	ERR= 0.047519	WER= 0.205624	FPR= 0.020500	FNR= 0.020491	CTF= 0.467407	1820s
Batch 40k:	ERR= 0.034978	WER= 0.132417	FPR= 0.017703	FNR= 0.017692	CTF= 0.524912	1816s
Batch 50k:	ERR= 0.031449	WER= 0.116951	FPR= 0.017016	FNR= 0.017010	CTF= 0.560096	1819s
Batch 60k:	ERR= 0.032605	WER= 0.151589	FPR= 0.016284	FNR= 0.016277	CTF= 0.529250	1844s
Batch 70k:	ERR= 0.035633	WER= 0.174283	FPR= 0.015474	FNR= 0.015464	CTF= 0.510092	1829s
Batch 80k:	ERR= 0.028284	WER= 0.104960	FPR= 0.014164	FNR= 0.014157	CTF= 0.535064	1822s
Batch 90k:	ERR= 0.028779	WER= 0.106050	FPR= 0.013501	FNR= 0.013495	CTF= 0.519326	1854s
Batch 100k:	ERR= 0.027030	WER= 0.106159	FPR= 0.012774	FNR= 0.012765	CTF= 0.527413	2017s
Batch 110k:	ERR= 0.026102	WER= 0.091310	FPR= 0.012000	FNR= 0.011992	CTF= 0.555317	1731s
Batch 120k:	ERR= 0.025473	WER= 0.079584	FPR= 0.011376	FNR= 0.011370	CTF= 0.519981	1727s
Batch 130k:	ERR= 0.026422	WER= 0.082107	FPR= 0.010974	FNR= 0.010967	CTF= 0.539002	1725s
Batch 140k:	ERR= 0.025980	WER= 0.081060	FPR= 0.010404	FNR= 0.010399	CTF= 0.539715	1743s
Batch 150k:	ERR= 0.026122	WER= 0.074972	FPR= 0.010102	FNR= 0.010094	CTF= 0.559208	1747s
Batch 160k:	ERR= 0.025794	WER= 0.066043	FPR= 0.009595	FNR= 0.009592	CTF= 0.528414	1727s
Batch 170k:	ERR= 0.027804	WER= 0.070882	FPR= 0.009268	FNR= 0.009262	CTF= 0.532055	1714s
Batch 180k:	ERR= 0.027016	WER= 0.062556	FPR= 0.008975	FNR= 0.008972	CTF= 0.540900	1732s
Batch 190k:	ERR= 0.026410	WER= 0.059674	FPR= 0.008807	FNR= 0.008803	CTF= 0.541460	1740s
Batch 200k:	ERR= 0.027164	WER= 0.060540	FPR= 0.008491	FNR= 0.008488	CTF= 0.531159	1748s
Batch 210k:	ERR= 0.026937	WER= 0.055827	FPR= 0.008271	FNR= 0.008263	CTF= 0.542435	1732s
Batch 220k:	ERR= 0.027248	WER= 0.056640	FPR= 0.008018	FNR= 0.008013	CTF= 0.541820	1730s
Batch 230k:	ERR= 0.027923	WER= 0.059247	FPR= 0.008018	FNR= 0.008014	CTF= 0.532021	1740s
slurmstepd: error: *** JOB 17868364 ON n0068.dori0 CANCELLED AT 2025-07-04T06:27:44 DUE TO TIME LIMIT ***
