java -ea -Xmx400g -Xms400g -cp /clusterfs/jgi/scratch/gentech/genome_analysis/brandonimstepf/bbmap/current/ ml.Trainer in=../ncbi_100_8f.tsv out=cycles_trained_8dims_400k_ncbi_100_8f_6l_075d_smaller.bbnet maxdims=356,100,250,75,10,1 mindims=356,50,100,40,5,1 density=0.75 cycles=4 nets=8 -Xmx400g

Loading ../ncbi_100_8f.tsv
Inferring 356 inputs, 1 output, 0 weights.
Data was organized into 207 sets.
Using 64 worker threads, 8 trainer threads, 22 jobs/trainer/batch, 400000 batches, 4 cycles to train 32 networks total.
Cycle 0
Batch 1:	ERR= 0.169313	WER= 1.625815	FPR= 0.193702	FNR= 0.193621	CTF= 0.154071	37.2s
Batch 4:	ERR= 0.156024	WER= 1.507180	FPR= 0.193875	FNR= 0.193799	CTF= 0.184349	12.4s
Batch 16:	ERR= 0.116202	WER= 0.994661	FPR= 0.195023	FNR= 0.194951	CTF= 0.345391	17.7s
Batch 64:	ERR= 0.114041	WER= 0.923817	FPR= 0.195004	FNR= 0.194905	CTF= 0.471356	37.2s
Batch 256:	ERR= 0.106431	WER= 0.644485	FPR= 0.180046	FNR= 0.179684	CTF= 0.393006	46.4s
Batch 1024:	ERR= 0.104107	WER= 0.627343	FPR= 0.144147	FNR= 0.143996	CTF= 0.400762	65.9s
Batch 4096:	ERR= 0.066966	WER= 0.388384	FPR= 0.034629	FNR= 0.034611	CTF= 0.450205	233s
Batch 10k:	ERR= 0.072469	WER= 0.333771	FPR= 0.026765	FNR= 0.026758	CTF= 0.485536	441s
Batch 20k:	ERR= 0.050356	WER= 0.185315	FPR= 0.021402	FNR= 0.021389	CTF= 0.503628	719s
Batch 30k:	ERR= 0.049270	WER= 0.234982	FPR= 0.019646	FNR= 0.019632	CTF= 0.455952	718s
Batch 40k:	ERR= 0.037843	WER= 0.139082	FPR= 0.018206	FNR= 0.018196	CTF= 0.526230	709s
Batch 50k:	ERR= 0.035560	WER= 0.120479	FPR= 0.017596	FNR= 0.017590	CTF= 0.527148	710s
Batch 60k:	ERR= 0.037160	WER= 0.160066	FPR= 0.017078	FNR= 0.017067	CTF= 0.534850	713s
Batch 70k:	ERR= 0.038423	WER= 0.186025	FPR= 0.016591	FNR= 0.016578	CTF= 0.505503	717s
Batch 80k:	ERR= 0.031474	WER= 0.133202	FPR= 0.016065	FNR= 0.016055	CTF= 0.515316	720s
Batch 90k:	ERR= 0.032099	WER= 0.178548	FPR= 0.015734	FNR= 0.015726	CTF= 0.602672	721s
Batch 100k:	ERR= 0.030420	WER= 0.139151	FPR= 0.015087	FNR= 0.015080	CTF= 0.514311	762s
Batch 110k:	ERR= 0.030771	WER= 0.133582	FPR= 0.014664	FNR= 0.014655	CTF= 0.545113	678s
Batch 120k:	ERR= 0.028430	WER= 0.122518	FPR= 0.014168	FNR= 0.014159	CTF= 0.513509	678s
Batch 130k:	ERR= 0.028044	WER= 0.114341	FPR= 0.013894	FNR= 0.013887	CTF= 0.556342	680s
Batch 140k:	ERR= 0.029573	WER= 0.126491	FPR= 0.013477	FNR= 0.013470	CTF= 0.507624	682s
Batch 150k:	ERR= 0.030323	WER= 0.124890	FPR= 0.013194	FNR= 0.013188	CTF= 0.549931	678s
Batch 160k:	ERR= 0.026340	WER= 0.102700	FPR= 0.012943	FNR= 0.012935	CTF= 0.515354	676s
Batch 170k:	ERR= 0.028131	WER= 0.099717	FPR= 0.012631	FNR= 0.012627	CTF= 0.516663	683s
Batch 180k:	ERR= 0.028900	WER= 0.104253	FPR= 0.012510	FNR= 0.012504	CTF= 0.530976	679s
Batch 190k:	ERR= 0.029120	WER= 0.102435	FPR= 0.012410	FNR= 0.012403	CTF= 0.540267	675s
Batch 200k:	ERR= 0.027889	WER= 0.095298	FPR= 0.012214	FNR= 0.012209	CTF= 0.525360	678s
Batch 210k:	ERR= 0.028387	WER= 0.104958	FPR= 0.012011	FNR= 0.012006	CTF= 0.509525	681s
Batch 220k:	ERR= 0.028805	WER= 0.104302	FPR= 0.011885	FNR= 0.011880	CTF= 0.527992	686s
Batch 230k:	ERR= 0.028269	WER= 0.099792	FPR= 0.011810	FNR= 0.011804	CTF= 0.525485	676s
Batch 240k:	ERR= 0.027425	WER= 0.089785	FPR= 0.011736	FNR= 0.011730	CTF= 0.524943	674s
Batch 250k:	ERR= 0.028880	WER= 0.097593	FPR= 0.011778	FNR= 0.011773	CTF= 0.511893	673s
Batch 260k:	ERR= 0.028661	WER= 0.098986	FPR= 0.011495	FNR= 0.011485	CTF= 0.534761	676s
Batch 270k:	ERR= 0.029666	WER= 0.111486	FPR= 0.011491	FNR= 0.011485	CTF= 0.525503	673s
Batch 280k:	ERR= 0.027357	WER= 0.082238	FPR= 0.011377	FNR= 0.011370	CTF= 0.534124	675s
Batch 290k:	ERR= 0.029901	WER= 0.104396	FPR= 0.011262	FNR= 0.011257	CTF= 0.528082	682s
Batch 300k:	ERR= 0.030060	WER= 0.105424	FPR= 0.011260	FNR= 0.011253	CTF= 0.536132	690s
Batch 310k:	ERR= 0.028460	WER= 0.087372	FPR= 0.011208	FNR= 0.011203	CTF= 0.531201	693s
Batch 320k:	ERR= 0.027498	WER= 0.080822	FPR= 0.011181	FNR= 0.011174	CTF= 0.535608	584s
Batch 330k:	ERR= 0.029759	WER= 0.090003	FPR= 0.011074	FNR= 0.011067	CTF= 0.536546	518s
Batch 340k:	ERR= 0.029949	WER= 0.100914	FPR= 0.011053	FNR= 0.011046	CTF= 0.532969	501s
Batch 350k:	ERR= 0.030637	WER= 0.090527	FPR= 0.010996	FNR= 0.010990	CTF= 0.533159	473s
Batch 360k:	ERR= 0.029612	WER= 0.079810	FPR= 0.010967	FNR= 0.010962	CTF= 0.535075	378s
Batch 370k:	ERR= 0.028142	WER= 0.073532	FPR= 0.010910	FNR= 0.010901	CTF= 0.542478	358s
Batch 380k:	ERR= 0.030079	WER= 0.088877	FPR= 0.010873	FNR= 0.010865	CTF= 0.535413	357s
Batch 390k:	ERR= 0.030104	WER= 0.086767	FPR= 0.010846	FNR= 0.010841	CTF= 0.534403	352s
Batch 400k:	ERR= 0.029720	WER= 0.078398	FPR= 0.010860	FNR= 0.010853	CTF= 0.536603	353s
Cycle 1
Exception in thread "main" java.lang.AssertionError: 300, 355, 1, 134, 356, -207
	at ml.CellNet.pickEdges(CellNet.java:321)
	at ml.CellNet.makeEdgesDense(CellNet.java:262)
	at ml.CellNet.randomize(CellNet.java:135)
	at ml.Trainer.randomNetwork(Trainer.java:1156)
	at ml.Trainer.randomNetwork(Trainer.java:1144)
	at ml.Trainer.randomNetwork(Trainer.java:1139)
	at ml.Trainer.createNetworks(Trainer.java:1128)
	at ml.Trainer.fetchNetworks(Trainer.java:1122)
	at ml.Trainer.runCycle(Trainer.java:954)
	at ml.Trainer.trainNetworks(Trainer.java:916)
	at ml.Trainer.spawnThreads(Trainer.java:872)
	at ml.Trainer.process(Trainer.java:726)
	at ml.Trainer.main(Trainer.java:54)
slurmstepd: error: *** JOB 17967073 ON n0042.dori0 CANCELLED AT 2025-07-10T08:47:15 DUE TO TIME LIMIT ***
