java -ea -Xmx400g -Xms400g -cp /clusterfs/jgi/scratch/gentech/genome_analysis/brandonimstepf/bbmap/current/ ml.Trainer in=../ncbi_master_11-7_splits/ncbi_master_11-7_orig_train.tsv out=cycles_trained_8dims_400k_ncbi_total_8f_6l_small_11-7_orig.bbnet maxdims=358,125,275,75,25,1 mindims=358,50,150,25,5,1 cycles=4 nets=8 -Xmx400g

Loading ../ncbi_master_11-7_splits/ncbi_master_11-7_orig_train.tsv
Inferring 356 inputs, 1 output, 0 weights.
Data was organized into 595 sets.
Using 64 worker threads, 8 trainer threads, 22 jobs/trainer/batch, 400000 batches, 4 cycles to train 32 networks total.
Cycle 0
Exception in thread "main" java.lang.AssertionError: -49, 357, 1, 354, 358
	at ml.CellNet.pickEdges(CellNet.java:319)
	at ml.CellNet.makeEdgesDense(CellNet.java:262)
	at ml.CellNet.randomize(CellNet.java:135)
	at ml.Trainer.randomNetwork(Trainer.java:1156)
	at ml.Trainer.randomNetwork(Trainer.java:1144)
	at ml.Trainer.randomNetwork(Trainer.java:1139)
	at ml.Trainer.createNetworks(Trainer.java:1128)
	at ml.Trainer.fetchNetworks(Trainer.java:1122)
	at ml.Trainer.runCycle(Trainer.java:954)
	at ml.Trainer.trainNetworks(Trainer.java:916)
	at ml.Trainer.spawnThreads(Trainer.java:872)
	at ml.Trainer.process(Trainer.java:726)
	at ml.Trainer.main(Trainer.java:54)
[2025-11-12T10:12:46.605] error: *** JOB 19671070 ON n0029.dori0 CANCELLED AT 2025-11-12T10:12:46 DUE TO TIME LIMIT ***
