java -ea -Xmx400g -Xms400g -cp /clusterfs/jgi/scratch/gentech/genome_analysis/brandonimstepf/bbmap/current/ ml.Trainer in=../ncbi_100_8f.tsv out=cycles_trained_8dims_400k_ncbi_100_8f_6l_060d_small.bbnet maxdims=356,150,200,90,12,1 mindims=356,50,100,40,5,1 density=0.60 cycles=4 nets=8 -Xmx400g

Loading ../ncbi_100_8f.tsv
Inferring 356 inputs, 1 output, 0 weights.
Data was organized into 207 sets.
Using 64 worker threads, 8 trainer threads, 22 jobs/trainer/batch, 400000 batches, 4 cycles to train 32 networks total.
Cycle 0
Batch 1:	ERR= 0.154646	WER= 1.480155	FPR= 0.196793	FNR= 0.196749	CTF= 0.105424	33.1s
Batch 4:	ERR= 0.140875	WER= 1.347080	FPR= 0.196659	FNR= 0.196613	CTF= 0.162417	14.2s
Batch 16:	ERR= 0.115421	WER= 1.048997	FPR= 0.195866	FNR= 0.195816	CTF= 0.321437	20.3s
Batch 64:	ERR= 0.114014	WER= 0.905056	FPR= 0.193925	FNR= 0.193810	CTF= 0.467305	41.4s
Batch 256:	ERR= 0.107438	WER= 0.643700	FPR= 0.187916	FNR= 0.187588	CTF= 0.395418	51.7s
Batch 1024:	ERR= 0.105637	WER= 0.626348	FPR= 0.152906	FNR= 0.152673	CTF= 0.402161	72.7s
Batch 4096:	ERR= 0.054763	WER= 0.267990	FPR= 0.033907	FNR= 0.033899	CTF= 0.454494	257s
Batch 10k:	ERR= 0.088785	WER= 0.186122	FPR= 0.026359	FNR= 0.026353	CTF= 0.430875	484s
Batch 20k:	ERR= 0.056602	WER= 0.202988	FPR= 0.021655	FNR= 0.021645	CTF= 0.501777	798s
Batch 30k:	ERR= 0.049857	WER= 0.214033	FPR= 0.019244	FNR= 0.019234	CTF= 0.456663	798s
Batch 40k:	ERR= 0.037643	WER= 0.133051	FPR= 0.018194	FNR= 0.018187	CTF= 0.524400	795s
Batch 50k:	ERR= 0.040501	WER= 0.155892	FPR= 0.017703	FNR= 0.017694	CTF= 0.540327	790s
Batch 60k:	ERR= 0.039189	WER= 0.177159	FPR= 0.017203	FNR= 0.017193	CTF= 0.509043	792s
Batch 70k:	ERR= 0.038748	WER= 0.188220	FPR= 0.016659	FNR= 0.016650	CTF= 0.518503	796s
Batch 80k:	ERR= 0.037561	WER= 0.175553	FPR= 0.016292	FNR= 0.016280	CTF= 0.505405	796s
Batch 90k:	ERR= 0.032351	WER= 0.154552	FPR= 0.015975	FNR= 0.015971	CTF= 0.536155	805s
Batch 100k:	ERR= 0.032162	WER= 0.136558	FPR= 0.015284	FNR= 0.015276	CTF= 0.513899	853s
Batch 110k:	ERR= 0.033136	WER= 0.144138	FPR= 0.014869	FNR= 0.014859	CTF= 0.514383	749s
Batch 120k:	ERR= 0.030267	WER= 0.124465	FPR= 0.014360	FNR= 0.014351	CTF= 0.510249	750s
Batch 130k:	ERR= 0.030066	WER= 0.124470	FPR= 0.014032	FNR= 0.014023	CTF= 0.545067	761s
Batch 140k:	ERR= 0.033299	WER= 0.130738	FPR= 0.013676	FNR= 0.013665	CTF= 0.528751	756s
Batch 150k:	ERR= 0.032660	WER= 0.139863	FPR= 0.013285	FNR= 0.013276	CTF= 0.527477	743s
Batch 160k:	ERR= 0.030632	WER= 0.118913	FPR= 0.013000	FNR= 0.012993	CTF= 0.514332	757s
Batch 170k:	ERR= 0.030104	WER= 0.107214	FPR= 0.012764	FNR= 0.012760	CTF= 0.525344	751s
Batch 180k:	ERR= 0.032156	WER= 0.119857	FPR= 0.012549	FNR= 0.012540	CTF= 0.514170	753s
Batch 190k:	ERR= 0.030994	WER= 0.120869	FPR= 0.012298	FNR= 0.012293	CTF= 0.511943	751s
Batch 200k:	ERR= 0.029650	WER= 0.103270	FPR= 0.012158	FNR= 0.012154	CTF= 0.521006	752s
Batch 210k:	ERR= 0.031226	WER= 0.130630	FPR= 0.012013	FNR= 0.012007	CTF= 0.495319	760s
Batch 220k:	ERR= 0.031380	WER= 0.122589	FPR= 0.011772	FNR= 0.011767	CTF= 0.526047	758s
Batch 230k:	ERR= 0.029281	WER= 0.104981	FPR= 0.011676	FNR= 0.011669	CTF= 0.518116	752s
Batch 240k:	ERR= 0.029300	WER= 0.099761	FPR= 0.011583	FNR= 0.011577	CTF= 0.517395	750s
Batch 250k:	ERR= 0.029540	WER= 0.106880	FPR= 0.011495	FNR= 0.011491	CTF= 0.508038	750s
Batch 260k:	ERR= 0.031531	WER= 0.127341	FPR= 0.011372	FNR= 0.011364	CTF= 0.524789	750s
Batch 270k:	ERR= 0.028769	WER= 0.090243	FPR= 0.011268	FNR= 0.011263	CTF= 0.530103	746s
Batch 280k:	ERR= 0.027983	WER= 0.090156	FPR= 0.011185	FNR= 0.011180	CTF= 0.526908	753s
Batch 290k:	ERR= 0.030346	WER= 0.116849	FPR= 0.011157	FNR= 0.011150	CTF= 0.521235	757s
Batch 300k:	ERR= 0.029834	WER= 0.102736	FPR= 0.011028	FNR= 0.011020	CTF= 0.532856	754s
Batch 310k:	ERR= 0.029391	WER= 0.121848	FPR= 0.011059	FNR= 0.011054	CTF= 0.514786	739s
Batch 320k:	ERR= 0.027744	WER= 0.084456	FPR= 0.010960	FNR= 0.010954	CTF= 0.529150	684s
Batch 330k:	ERR= 0.029788	WER= 0.110552	FPR= 0.010905	FNR= 0.010899	CTF= 0.525312	628s
Batch 340k:	ERR= 0.029023	WER= 0.104119	FPR= 0.010855	FNR= 0.010848	CTF= 0.536342	601s
Batch 350k:	ERR= 0.028509	WER= 0.084307	FPR= 0.010809	FNR= 0.010801	CTF= 0.531106	558s
Batch 360k:	ERR= 0.028094	WER= 0.081925	FPR= 0.010791	FNR= 0.010785	CTF= 0.533255	493s
Batch 370k:	ERR= 0.028159	WER= 0.079350	FPR= 0.010782	FNR= 0.010772	CTF= 0.548138	420s
Batch 380k:	ERR= 0.028786	WER= 0.108499	FPR= 0.010684	FNR= 0.010674	CTF= 0.536213	393s
Batch 390k:	ERR= 0.029206	WER= 0.084771	FPR= 0.010652	FNR= 0.010645	CTF= 0.538414	396s
Batch 400k:	ERR= 0.028291	WER= 0.080662	FPR= 0.010659	FNR= 0.010653	CTF= 0.536444	392s
Cycle 1
Batch 1:	ERR= 0.179545	WER= 1.679729	FPR= 0.198042	FNR= 0.198024	CTF= 0.076163	20.3s
Batch 4:	ERR= 0.160907	WER= 1.501858	FPR= 0.197871	FNR= 0.197853	CTF= 0.152280	13.5s
Batch 16:	ERR= 0.117684	WER= 0.999457	FPR= 0.198445	FNR= 0.198412	CTF= 0.415953	21.2s
Batch 64:	ERR= 0.113840	WER= 0.924550	FPR= 0.192151	FNR= 0.192098	CTF= 0.482746	40.2s
Batch 256:	ERR= 0.106671	WER= 0.694257	FPR= 0.168460	FNR= 0.168310	CTF= 0.409972	52.1s
Batch 1024:	ERR= 0.098950	WER= 0.631644	FPR= 0.125025	FNR= 0.124924	CTF= 0.394991	73.9s
Batch 4096:	ERR= 0.055548	WER= 0.295616	FPR= 0.034140	FNR= 0.034128	CTF= 0.445958	256s
Batch 10k:	ERR= 0.188837	WER= 0.500496	FPR= 0.028004	FNR= 0.027997	CTF= 0.899014	479s
Batch 20k:	ERR= 0.052681	WER= 0.219591	FPR= 0.021833	FNR= 0.021824	CTF= 0.513157	801s
Batch 30k:	ERR= 0.042632	WER= 0.162528	FPR= 0.018993	FNR= 0.018983	CTF= 0.500850	796s
Batch 40k:	ERR= 0.038961	WER= 0.146144	FPR= 0.018076	FNR= 0.018069	CTF= 0.509466	792s
Batch 50k:	ERR= 0.034585	WER= 0.120161	FPR= 0.017609	FNR= 0.017604	CTF= 0.521489	789s
Batch 60k:	ERR= 0.045223	WER= 0.227621	FPR= 0.016804	FNR= 0.016795	CTF= 0.471649	795s
Batch 70k:	ERR= 0.036905	WER= 0.172473	FPR= 0.016543	FNR= 0.016527	CTF= 0.519421	797s
Batch 80k:	ERR= 0.031597	WER= 0.131507	FPR= 0.015994	FNR= 0.015986	CTF= 0.507645	814s
Batch 90k:	ERR= 0.033412	WER= 0.151678	FPR= 0.015581	FNR= 0.015573	CTF= 0.507632	807s
Batch 100k:	ERR= 0.032144	WER= 0.143226	FPR= 0.015067	FNR= 0.015057	CTF= 0.520101	867s
Batch 110k:	ERR= 0.036416	WER= 0.193978	FPR= 0.014610	FNR= 0.014599	CTF= 0.504713	756s
Batch 120k:	ERR= 0.028800	WER= 0.122448	FPR= 0.014123	FNR= 0.014113	CTF= 0.511121	755s
Batch 130k:	ERR= 0.029801	WER= 0.115969	FPR= 0.013921	FNR= 0.013914	CTF= 0.542569	751s
Batch 140k:	ERR= 0.030611	WER= 0.126020	FPR= 0.013385	FNR= 0.013378	CTF= 0.523597	748s
Batch 150k:	ERR= 0.030973	WER= 0.138699	FPR= 0.013085	FNR= 0.013074	CTF= 0.516629	752s
Batch 160k:	ERR= 0.027590	WER= 0.104854	FPR= 0.012805	FNR= 0.012798	CTF= 0.516335	760s
Batch 170k:	ERR= 0.028014	WER= 0.099662	FPR= 0.012512	FNR= 0.012505	CTF= 0.530683	754s
Batch 180k:	ERR= 0.030424	WER= 0.119169	FPR= 0.012368	FNR= 0.012357	CTF= 0.525107	755s
Batch 190k:	ERR= 0.028843	WER= 0.103132	FPR= 0.012174	FNR= 0.012166	CTF= 0.523206	758s
Batch 200k:	ERR= 0.028360	WER= 0.097514	FPR= 0.012001	FNR= 0.011995	CTF= 0.521796	755s
Batch 210k:	ERR= 0.027942	WER= 0.095757	FPR= 0.011769	FNR= 0.011763	CTF= 0.518455	752s
Batch 220k:	ERR= 0.028733	WER= 0.105652	FPR= 0.011661	FNR= 0.011655	CTF= 0.524800	748s
Batch 230k:	ERR= 0.027823	WER= 0.094899	FPR= 0.011542	FNR= 0.011536	CTF= 0.526578	747s
Batch 240k:	ERR= 0.027253	WER= 0.089381	FPR= 0.011456	FNR= 0.011451	CTF= 0.526067	754s
Batch 250k:	ERR= 0.026665	WER= 0.095877	FPR= 0.011422	FNR= 0.011415	CTF= 0.533368	755s
Batch 260k:	ERR= 0.028643	WER= 0.104783	FPR= 0.011246	FNR= 0.011238	CTF= 0.531611	752s
Batch 270k:	ERR= 0.027841	WER= 0.090763	FPR= 0.011154	FNR= 0.011145	CTF= 0.529497	751s
Batch 280k:	ERR= 0.027316	WER= 0.086132	FPR= 0.011116	FNR= 0.011106	CTF= 0.529164	755s
Batch 290k:	ERR= 0.026991	WER= 0.085677	FPR= 0.011049	FNR= 0.011042	CTF= 0.541551	757s
Batch 300k:	ERR= 0.028877	WER= 0.096607	FPR= 0.010942	FNR= 0.010938	CTF= 0.528303	748s
Batch 310k:	ERR= 0.028613	WER= 0.093927	FPR= 0.010864	FNR= 0.010859	CTF= 0.532094	726s
Batch 320k:	ERR= 0.027641	WER= 0.081499	FPR= 0.010878	FNR= 0.010873	CTF= 0.532580	665s
Batch 330k:	ERR= 0.028510	WER= 0.088398	FPR= 0.010823	FNR= 0.010818	CTF= 0.537775	619s
Batch 340k:	ERR= 0.028015	WER= 0.086177	FPR= 0.010791	FNR= 0.010782	CTF= 0.540441	590s
Batch 350k:	ERR= 0.028787	WER= 0.093447	FPR= 0.010683	FNR= 0.010677	CTF= 0.533535	551s
Batch 360k:	ERR= 0.028310	WER= 0.078075	FPR= 0.010694	FNR= 0.010688	CTF= 0.534548	495s
Batch 370k:	ERR= 0.028478	WER= 0.073847	FPR= 0.010606	FNR= 0.010599	CTF= 0.546559	479s
Batch 380k:	ERR= 0.028857	WER= 0.087450	FPR= 0.010551	FNR= 0.010543	CTF= 0.538010	450s
Batch 390k:	ERR= 0.028835	WER= 0.084971	FPR= 0.010562	FNR= 0.010553	CTF= 0.538801	408s
Batch 400k:	ERR= 0.028722	WER= 0.075284	FPR= 0.010539	FNR= 0.010531	CTF= 0.537463	389s
Cycle 2
Batch 1:	ERR= 0.189520	WER= 1.842386	FPR= 0.200747	FNR= 0.200722	CTF= 0.000335	16.4s
Batch 4:	ERR= 0.169706	WER= 1.660254	FPR= 0.200218	FNR= 0.200191	CTF= 0.063113	10.5s
Batch 16:	ERR= 0.122136	WER= 1.127710	FPR= 0.197054	FNR= 0.197011	CTF= 0.332008	17.1s
Batch 64:	ERR= 0.114020	WER= 0.919407	FPR= 0.193914	FNR= 0.193837	CTF= 0.473016	31.9s
Batch 256:	ERR= 0.104758	WER= 0.673413	FPR= 0.177548	FNR= 0.177271	CTF= 0.376731	38.6s
Batch 1024:	ERR= 0.104576	WER= 0.617902	FPR= 0.140213	FNR= 0.139955	CTF= 0.406598	55.2s
Batch 4096:	ERR= 0.055938	WER= 0.283797	FPR= 0.033721	FNR= 0.033707	CTF= 0.536455	194s
Batch 10k:	ERR= 0.115406	WER= 0.504349	FPR= 0.027679	FNR= 0.027671	CTF= 0.834791	360s
Batch 20k:	ERR= 0.068101	WER= 0.201111	FPR= 0.022802	FNR= 0.022795	CTF= 0.467055	602s
Batch 30k:	ERR= 0.042747	WER= 0.222170	FPR= 0.020316	FNR= 0.020310	CTF= 0.552488	603s
Batch 40k:	ERR= 0.037134	WER= 0.130404	FPR= 0.018306	FNR= 0.018299	CTF= 0.508551	605s
Batch 50k:	ERR= 0.047085	WER= 0.182761	FPR= 0.017993	FNR= 0.017988	CTF= 0.490897	605s
Batch 60k:	ERR= 0.046259	WER= 0.250449	FPR= 0.017165	FNR= 0.017154	CTF= 0.523218	609s
Batch 70k:	ERR= 0.037811	WER= 0.177607	FPR= 0.016836	FNR= 0.016827	CTF= 0.508512	608s
Batch 80k:	ERR= 0.037657	WER= 0.177505	FPR= 0.016372	FNR= 0.016360	CTF= 0.503312	602s
Batch 90k:	ERR= 0.033516	WER= 0.176837	FPR= 0.015938	FNR= 0.015932	CTF= 0.560322	612s
Batch 100k:	ERR= 0.031452	WER= 0.121085	FPR= 0.015481	FNR= 0.015475	CTF= 0.516489	669s
Batch 110k:	ERR= 0.037366	WER= 0.205536	FPR= 0.015042	FNR= 0.015032	CTF= 0.513257	572s
Batch 120k:	ERR= 0.032433	WER= 0.137984	FPR= 0.014632	FNR= 0.014624	CTF= 0.509593	573s
Batch 130k:	ERR= 0.031358	WER= 0.133572	FPR= 0.014364	FNR= 0.014352	CTF= 0.541336	578s
Batch 140k:	ERR= 0.032022	WER= 0.128441	FPR= 0.014024	FNR= 0.014017	CTF= 0.519304	578s
Batch 150k:	ERR= 0.034508	WER= 0.140086	FPR= 0.013543	FNR= 0.013533	CTF= 0.537982	579s
Batch 160k:	ERR= 0.030756	WER= 0.122206	FPR= 0.013335	FNR= 0.013328	CTF= 0.512531	574s
Batch 170k:	ERR= 0.030713	WER= 0.114114	FPR= 0.013087	FNR= 0.013081	CTF= 0.540183	574s
Batch 180k:	ERR= 0.032781	WER= 0.122754	FPR= 0.012866	FNR= 0.012856	CTF= 0.521615	579s
Batch 190k:	ERR= 0.033153	WER= 0.130489	FPR= 0.012693	FNR= 0.012685	CTF= 0.513797	573s
Batch 200k:	ERR= 0.030390	WER= 0.108251	FPR= 0.012561	FNR= 0.012555	CTF= 0.517136	577s
Batch 210k:	ERR= 0.031790	WER= 0.111058	FPR= 0.012346	FNR= 0.012339	CTF= 0.514772	576s
Batch 220k:	ERR= 0.031565	WER= 0.115628	FPR= 0.012169	FNR= 0.012162	CTF= 0.527439	579s
Batch 230k:	ERR= 0.030928	WER= 0.114121	FPR= 0.012045	FNR= 0.012038	CTF= 0.517567	576s
Batch 240k:	ERR= 0.029685	WER= 0.101263	FPR= 0.011987	FNR= 0.011981	CTF= 0.520219	572s
Batch 250k:	ERR= 0.032403	WER= 0.104665	FPR= 0.011840	FNR= 0.011835	CTF= 0.533450	576s
Batch 260k:	ERR= 0.033517	WER= 0.146999	FPR= 0.011732	FNR= 0.011725	CTF= 0.519807	575s
Batch 270k:	ERR= 0.031635	WER= 0.112080	FPR= 0.011621	FNR= 0.011616	CTF= 0.524748	573s
Batch 280k:	ERR= 0.030975	WER= 0.096850	FPR= 0.011657	FNR= 0.011651	CTF= 0.523205	575s
Batch 290k:	ERR= 0.032389	WER= 0.105835	FPR= 0.011626	FNR= 0.011620	CTF= 0.523761	576s
Batch 300k:	ERR= 0.032053	WER= 0.105426	FPR= 0.011404	FNR= 0.011399	CTF= 0.529235	578s
Batch 310k:	ERR= 0.032611	WER= 0.117579	FPR= 0.011354	FNR= 0.011350	CTF= 0.524860	577s
Batch 320k:	ERR= 0.030821	WER= 0.093671	FPR= 0.011363	FNR= 0.011359	CTF= 0.527276	577s
Batch 330k:	ERR= 0.031666	WER= 0.092637	FPR= 0.011327	FNR= 0.011323	CTF= 0.535667	575s
Batch 340k:	ERR= 0.031146	WER= 0.097841	FPR= 0.011199	FNR= 0.011193	CTF= 0.528762	547s
Batch 350k:	ERR= 0.031446	WER= 0.098365	FPR= 0.011151	FNR= 0.011145	CTF= 0.530575	510s
Batch 360k:	ERR= 0.030954	WER= 0.091151	FPR= 0.011146	FNR= 0.011139	CTF= 0.529142	429s
Batch 370k:	ERR= 0.030772	WER= 0.085622	FPR= 0.011130	FNR= 0.011124	CTF= 0.540491	381s
Batch 380k:	ERR= 0.030757	WER= 0.089641	FPR= 0.011019	FNR= 0.011015	CTF= 0.535027	376s
Batch 390k:	ERR= 0.031377	WER= 0.104090	FPR= 0.010995	FNR= 0.010988	CTF= 0.532451	356s
Batch 400k:	ERR= 0.030714	WER= 0.084687	FPR= 0.011002	FNR= 0.010997	CTF= 0.535384	286s
Cycle 3
Batch 1:	ERR= 0.107120	WER= 0.810874	FPR= 0.197202	FNR= 0.197146	CTF= 0.378644	16.0s
Batch 4:	ERR= 0.107330	WER= 0.803992	FPR= 0.197106	FNR= 0.197058	CTF= 0.394099	10.5s
Batch 16:	ERR= 0.111645	WER= 0.865403	FPR= 0.196537	FNR= 0.196484	CTF= 0.457777	15.9s
Batch 64:	ERR= 0.113834	WER= 0.917085	FPR= 0.191653	FNR= 0.191574	CTF= 0.476826	32.2s
Batch 256:	ERR= 0.105438	WER= 0.663077	FPR= 0.182061	FNR= 0.181840	CTF= 0.383730	42.5s
Batch 1024:	ERR= 0.100970	WER= 0.627663	FPR= 0.138166	FNR= 0.138083	CTF= 0.402153	59.6s
Batch 4096:	ERR= 0.060153	WER= 0.341684	FPR= 0.032961	FNR= 0.032952	CTF= 0.474720	206s
Batch 10k:	ERR= 0.057483	WER= 0.211753	FPR= 0.027353	FNR= 0.027346	CTF= 0.597732	387s
Batch 20k:	ERR= 0.051912	WER= 0.261281	FPR= 0.021611	FNR= 0.021604	CTF= 0.517475	657s
Batch 30k:	ERR= 0.046271	WER= 0.184291	FPR= 0.019200	FNR= 0.019194	CTF= 0.469109	655s
Batch 40k:	ERR= 0.036475	WER= 0.125182	FPR= 0.018268	FNR= 0.018261	CTF= 0.517279	669s
Batch 50k:	ERR= 0.037756	WER= 0.138523	FPR= 0.017732	FNR= 0.017725	CTF= 0.524187	659s
Batch 60k:	ERR= 0.046154	WER= 0.274886	FPR= 0.017491	FNR= 0.017480	CTF= 0.584676	658s
Batch 70k:	ERR= 0.040709	WER= 0.207129	FPR= 0.016808	FNR= 0.016796	CTF= 0.502466	657s
Batch 80k:	ERR= 0.035518	WER= 0.157549	FPR= 0.016369	FNR= 0.016359	CTF= 0.503183	659s
Batch 90k:	ERR= 0.028450	WER= 0.130197	FPR= 0.016175	FNR= 0.016170	CTF= 0.556421	668s
Batch 100k:	ERR= 0.032155	WER= 0.141748	FPR= 0.015480	FNR= 0.015471	CTF= 0.504847	709s
Batch 110k:	ERR= 0.034102	WER= 0.146038	FPR= 0.015028	FNR= 0.015017	CTF= 0.522004	617s
Batch 120k:	ERR= 0.031746	WER= 0.135194	FPR= 0.014587	FNR= 0.014578	CTF= 0.510538	626s
Batch 130k:	ERR= 0.030865	WER= 0.136786	FPR= 0.014477	FNR= 0.014471	CTF= 0.537449	618s
Batch 140k:	ERR= 0.031357	WER= 0.128979	FPR= 0.013862	FNR= 0.013854	CTF= 0.519437	612s
Batch 150k:	ERR= 0.032832	WER= 0.134698	FPR= 0.013490	FNR= 0.013482	CTF= 0.534636	611s
Batch 160k:	ERR= 0.028773	WER= 0.112848	FPR= 0.013313	FNR= 0.013308	CTF= 0.515140	613s
Batch 170k:	ERR= 0.029712	WER= 0.116114	FPR= 0.013009	FNR= 0.013003	CTF= 0.523037	613s
Batch 180k:	ERR= 0.031416	WER= 0.125249	FPR= 0.012767	FNR= 0.012759	CTF= 0.515179	620s
Batch 190k:	ERR= 0.030206	WER= 0.110812	FPR= 0.012618	FNR= 0.012611	CTF= 0.526005	622s
Batch 200k:	ERR= 0.028801	WER= 0.103828	FPR= 0.012466	FNR= 0.012459	CTF= 0.520340	620s
Batch 210k:	ERR= 0.029103	WER= 0.110268	FPR= 0.012343	FNR= 0.012334	CTF= 0.503821	622s
Batch 220k:	ERR= 0.029969	WER= 0.117910	FPR= 0.012132	FNR= 0.012126	CTF= 0.522253	620s
Batch 230k:	ERR= 0.028834	WER= 0.102024	FPR= 0.012020	FNR= 0.012011	CTF= 0.530740	621s
Batch 240k:	ERR= 0.028469	WER= 0.099487	FPR= 0.011970	FNR= 0.011965	CTF= 0.522130	613s
Batch 250k:	ERR= 0.028160	WER= 0.109117	FPR= 0.011843	FNR= 0.011834	CTF= 0.510389	615s
Batch 260k:	ERR= 0.029378	WER= 0.104686	FPR= 0.011751	FNR= 0.011741	CTF= 0.528104	619s
Batch 270k:	ERR= 0.027589	WER= 0.104439	FPR= 0.011731	FNR= 0.011727	CTF= 0.522077	613s
Batch 280k:	ERR= 0.027610	WER= 0.094489	FPR= 0.011624	FNR= 0.011619	CTF= 0.527170	618s
Batch 290k:	ERR= 0.028307	WER= 0.091802	FPR= 0.011536	FNR= 0.011529	CTF= 0.532661	614s
Batch 300k:	ERR= 0.028332	WER= 0.094706	FPR= 0.011449	FNR= 0.011442	CTF= 0.533284	570s
Batch 310k:	ERR= 0.028278	WER= 0.095874	FPR= 0.011457	FNR= 0.011448	CTF= 0.527768	558s
Batch 320k:	ERR= 0.027184	WER= 0.088397	FPR= 0.011465	FNR= 0.011458	CTF= 0.529257	564s
Batch 330k:	ERR= 0.027819	WER= 0.093114	FPR= 0.011375	FNR= 0.011370	CTF= 0.530085	502s
Batch 340k:	ERR= 0.027428	WER= 0.093622	FPR= 0.011329	FNR= 0.011323	CTF= 0.534372	500s
Batch 350k:	ERR= 0.028063	WER= 0.090827	FPR= 0.011299	FNR= 0.011292	CTF= 0.531563	463s
Batch 360k:	ERR= 0.027295	WER= 0.082717	FPR= 0.011306	FNR= 0.011299	CTF= 0.534822	397s
Batch 370k:	ERR= 0.029821	WER= 0.086009	FPR= 0.011276	FNR= 0.011270	CTF= 0.539605	365s
Batch 380k:	ERR= 0.027556	WER= 0.088704	FPR= 0.011171	FNR= 0.011166	CTF= 0.535906	358s
Batch 390k:	ERR= 0.029389	WER= 0.090051	FPR= 0.011182	FNR= 0.011176	CTF= 0.533780	346s
Batch 400k:	ERR= 0.029110	WER= 0.083924	FPR= 0.011230	FNR= 0.011223	CTF= 0.534002	349s

Best:		ERR= 0.032490	WER= 0.066892	FPR= 0.009965	FNR= 0.009955	CTF= 0.542995
Final:		ERR= 0.032490	WER= 0.066892	FPR= 0.009965	FNR= 0.009955	CTF= 0.542995
Average:  	ERR= 0.027679	WER= 0.078925	FPR= 0.010687	FNR= 0.010681	CTF= 0.536535

Best Dims:	[356, 149, 167, 69, 12, 1]
Final Dims:	[356, 149, 167, 69, 12, 1]
Average Dims:  	[356, 127, 146, 64, 7, 1]

Best Seed:	7293085865907791160
Time:                         	103188.028 seconds.
Lines Processed:      72306m 	700.72k lines/sec
Edges Processed:       2597t 	25167.86m edges/sec

Lines In:          	10213599
Lines Out:         	28909
Bytes Out:         	37073237
