java -ea -Xmx400g -Xms400g -cp /clusterfs/jgi/scratch/gentech/genome_analysis/brandonimstepf/bbmap/current/ ml.Trainer in=../ncbi_master_11-7_splits/ncbi_master_11-7_train.tsv out=cycles_trained_8dims_400k_ncbi_total_8f_6l_small_11-12_new.bbnet maxdims=356,125,275,75,25,1 mindims=356,50,150,25,5,1 cycles=4 nets=8 -Xmx400g

Loading ../ncbi_master_11-7_splits/ncbi_master_11-7_train.tsv
Inferring 356 inputs, 1 output, 0 weights.
Data was organized into 595 sets.
Using 64 worker threads, 8 trainer threads, 22 jobs/trainer/batch, 400000 batches, 4 cycles to train 32 networks total.
Cycle 0
Batch 1:	ERR= 0.272609	WER= 2.399945	FPR= 0.213964	FNR= 0.213940	CTF= 0.369238	49.7s
Batch 4:	ERR= 0.244470	WER= 2.183116	FPR= 0.213624	FNR= 0.213602	CTF= 0.378860	35.7s
Batch 16:	ERR= 0.150139	WER= 1.395890	FPR= 0.212221	FNR= 0.212199	CTF= 0.530926	36.9s
Batch 64:	ERR= 0.119953	WER= 1.028787	FPR= 0.209837	FNR= 0.209788	CTF= 0.487878	59.0s
Batch 256:	ERR= 0.122880	WER= 1.037068	FPR= 0.197059	FNR= 0.196925	CTF= 0.393515	64.6s
Batch 1024:	ERR= 0.109671	WER= 0.724427	FPR= 0.164025	FNR= 0.163916	CTF= 0.425139	86.0s
Batch 4096:	ERR= 0.072730	WER= 0.532892	FPR= 0.053773	FNR= 0.053760	CTF= 0.350182	259s
Batch 10k:	ERR= 0.063962	WER= 0.396418	FPR= 0.059537	FNR= 0.059526	CTF= 0.421768	469s
Batch 20k:	ERR= 0.103469	WER= 0.408570	FPR= 0.037796	FNR= 0.037789	CTF= 0.297418	773s
Batch 30k:	ERR= 0.062187	WER= 0.405469	FPR= 0.032791	FNR= 0.032782	CTF= 0.465389	764s
Batch 40k:	ERR= 0.056345	WER= 0.238722	FPR= 0.031371	FNR= 0.031362	CTF= 0.491696	778s
Batch 50k:	ERR= 0.049696	WER= 0.213806	FPR= 0.030445	FNR= 0.030437	CTF= 0.442656	754s
Batch 60k:	ERR= 0.057860	WER= 0.339011	FPR= 0.029690	FNR= 0.029682	CTF= 0.417760	759s
Batch 70k:	ERR= 0.060667	WER= 0.318649	FPR= 0.029025	FNR= 0.029015	CTF= 0.443703	753s
Batch 80k:	ERR= 0.058914	WER= 0.254984	FPR= 0.028644	FNR= 0.028632	CTF= 0.464557	758s
Batch 90k:	ERR= 0.057124	WER= 0.291021	FPR= 0.028417	FNR= 0.028408	CTF= 0.435968	819s
Batch 100k:	ERR= 0.058556	WER= 0.239616	FPR= 0.027810	FNR= 0.027798	CTF= 0.472328	965s
Batch 110k:	ERR= 0.075153	WER= 0.369697	FPR= 0.027299	FNR= 0.027287	CTF= 0.481135	721s
Batch 120k:	ERR= 0.063947	WER= 0.292692	FPR= 0.026966	FNR= 0.026954	CTF= 0.443424	731s
Batch 130k:	ERR= 0.073103	WER= 0.370424	FPR= 0.026914	FNR= 0.026897	CTF= 0.426679	720s
Batch 140k:	ERR= 0.069665	WER= 0.303781	FPR= 0.026534	FNR= 0.026518	CTF= 0.443123	735s
Batch 150k:	ERR= 0.075118	WER= 0.341270	FPR= 0.026184	FNR= 0.026166	CTF= 0.437477	728s
Batch 160k:	ERR= 0.080348	WER= 0.355149	FPR= 0.025795	FNR= 0.025774	CTF= 0.457946	722s
Batch 170k:	ERR= 0.098165	WER= 0.632959	FPR= 0.025366	FNR= 0.025335	CTF= 0.504568	722s
Batch 180k:	ERR= 0.097314	WER= 0.612693	FPR= 0.024980	FNR= 0.024944	CTF= 0.504898	721s
Batch 190k:	ERR= 0.095452	WER= 0.572410	FPR= 0.024710	FNR= 0.024678	CTF= 0.504919	721s
Batch 200k:	ERR= 0.090950	WER= 0.504745	FPR= 0.024536	FNR= 0.024505	CTF= 0.485195	724s
Batch 210k:	ERR= 0.096723	WER= 0.608262	FPR= 0.024408	FNR= 0.024369	CTF= 0.506323	723s
Batch 220k:	ERR= 0.095933	WER= 0.576092	FPR= 0.024173	FNR= 0.024139	CTF= 0.505837	727s
Batch 230k:	ERR= 0.095597	WER= 0.564785	FPR= 0.024120	FNR= 0.024088	CTF= 0.509009	725s
Batch 240k:	ERR= 0.091064	WER= 0.505797	FPR= 0.023938	FNR= 0.023907	CTF= 0.489367	722s
Batch 250k:	ERR= 0.096979	WER= 0.596447	FPR= 0.023797	FNR= 0.023764	CTF= 0.505215	727s
Batch 260k:	ERR= 0.096444	WER= 0.579163	FPR= 0.023942	FNR= 0.023907	CTF= 0.504639	725s
Batch 270k:	ERR= 0.095659	WER= 0.551847	FPR= 0.023846	FNR= 0.023814	CTF= 0.507924	725s
Batch 280k:	ERR= 0.092256	WER= 0.499652	FPR= 0.023482	FNR= 0.023454	CTF= 0.492773	727s
Batch 290k:	ERR= 0.097129	WER= 0.581484	FPR= 0.023233	FNR= 0.023201	CTF= 0.504372	735s
Batch 300k:	ERR= 0.095674	WER= 0.543185	FPR= 0.023214	FNR= 0.023184	CTF= 0.503248	724s
Batch 310k:	ERR= 0.095634	WER= 0.541600	FPR= 0.023406	FNR= 0.023374	CTF= 0.506498	722s
Batch 320k:	ERR= 0.094015	WER= 0.513851	FPR= 0.023190	FNR= 0.023162	CTF= 0.494984	728s
Batch 330k:	ERR= 0.097638	WER= 0.589407	FPR= 0.022946	FNR= 0.022914	CTF= 0.503172	638s
Batch 340k:	ERR= 0.095890	WER= 0.543273	FPR= 0.022861	FNR= 0.022832	CTF= 0.501870	600s
Batch 350k:	ERR= 0.096584	WER= 0.556337	FPR= 0.023020	FNR= 0.022989	CTF= 0.504676	577s
Batch 360k:	ERR= 0.094048	WER= 0.506786	FPR= 0.022760	FNR= 0.022732	CTF= 0.496699	502s
Batch 370k:	ERR= 0.096779	WER= 0.561424	FPR= 0.022627	FNR= 0.022593	CTF= 0.502518	467s
Batch 380k:	ERR= 0.096206	WER= 0.545108	FPR= 0.022586	FNR= 0.022554	CTF= 0.501402	423s
Batch 390k:	ERR= 0.096296	WER= 0.546567	FPR= 0.022518	FNR= 0.022487	CTF= 0.503926	381s
Batch 400k:	ERR= 0.094206	WER= 0.500269	FPR= 0.022562	FNR= 0.022532	CTF= 0.497486	368s
Cycle 1
Exception in thread "main" java.lang.AssertionError: 295, 355, 1, 321, 356, -226
	at ml.CellNet.pickEdges(CellNet.java:321)
	at ml.CellNet.makeEdgesDense(CellNet.java:262)
	at ml.CellNet.randomize(CellNet.java:135)
	at ml.Trainer.randomNetwork(Trainer.java:1156)
	at ml.Trainer.randomNetwork(Trainer.java:1144)
	at ml.Trainer.randomNetwork(Trainer.java:1139)
	at ml.Trainer.createNetworks(Trainer.java:1128)
	at ml.Trainer.fetchNetworks(Trainer.java:1122)
	at ml.Trainer.runCycle(Trainer.java:954)
	at ml.Trainer.trainNetworks(Trainer.java:916)
	at ml.Trainer.spawnThreads(Trainer.java:872)
	at ml.Trainer.process(Trainer.java:726)
	at ml.Trainer.main(Trainer.java:54)
[2025-11-14T19:10:03.312] error: *** JOB 19698473 ON n0066.dori0 CANCELLED AT 2025-11-14T19:10:03 DUE TO TIME LIMIT ***
