java -ea -Xmx400g -Xms400g -cp /clusterfs/jgi/scratch/gentech/genome_analysis/brandonimstepf/bbmap/current/ ml.Trainer in=../ncbi_total_training_final.tsv out=cycles_trained_8dims_400k_ncbi_total_8f_6l_small_7-19.bbnet maxdims=356,150,250,100,50,1 mindims=356,50,150,25,5,1 cycles=4 nets=8 -Xmx400g

Loading ../ncbi_total_training_final.tsv
Inferring 356 inputs, 1 output, 0 weights.
Data was organized into 640 sets.
Using 64 worker threads, 8 trainer threads, 22 jobs/trainer/batch, 400000 batches, 4 cycles to train 32 networks total.
Cycle 0
Batch 1:	ERR= 0.348898	WER= 2.981372	FPR= 0.223174	FNR= 0.223151	CTF= -0.117729	64.6s
Batch 4:	ERR= 0.277142	WER= 2.485230	FPR= 0.222586	FNR= 0.222562	CTF= 0.031598	43.9s
Batch 16:	ERR= 0.159041	WER= 1.479150	FPR= 0.218728	FNR= 0.218697	CTF= 0.457497	46.3s
Batch 64:	ERR= 0.119330	WER= 1.024956	FPR= 0.209024	FNR= 0.208981	CTF= 0.492584	74.0s
Batch 256:	ERR= 0.131585	WER= 1.116967	FPR= 0.187056	FNR= 0.186940	CTF= 0.490580	84.0s
Batch 1024:	ERR= 0.105759	WER= 0.698601	FPR= 0.132272	FNR= 0.132172	CTF= 0.457270	104s
Batch 4096:	ERR= 0.073808	WER= 0.305579	FPR= 0.040543	FNR= 0.040534	CTF= 0.418915	307s
Batch 10k:	ERR= 0.434039	WER= 0.833746	FPR= 0.031288	FNR= 0.031285	CTF= 0.613947	570s
Batch 20k:	ERR= 0.124067	WER= 0.280949	FPR= 0.027774	FNR= 0.027766	CTF= 0.564948	932s
Batch 30k:	ERR= 0.047109	WER= 0.236522	FPR= 0.022333	FNR= 0.022320	CTF= 0.520820	929s
Batch 40k:	ERR= 0.042802	WER= 0.153366	FPR= 0.019975	FNR= 0.019968	CTF= 0.526710	917s
Batch 50k:	ERR= 0.050954	WER= 0.226513	FPR= 0.019349	FNR= 0.019345	CTF= 0.472874	928s
Batch 60k:	ERR= 0.048595	WER= 0.251790	FPR= 0.018576	FNR= 0.018566	CTF= 0.444068	923s
Batch 70k:	ERR= 0.042229	WER= 0.215778	FPR= 0.017879	FNR= 0.017870	CTF= 0.546424	923s
Batch 80k:	ERR= 0.042374	WER= 0.171977	FPR= 0.017430	FNR= 0.017421	CTF= 0.500443	941s
Batch 90k:	ERR= 0.038448	WER= 0.154092	FPR= 0.016915	FNR= 0.016908	CTF= 0.498066	950s
Batch 100k:	ERR= 0.037781	WER= 0.146698	FPR= 0.016384	FNR= 0.016378	CTF= 0.501868	1268s
Batch 110k:	ERR= 0.041971	WER= 0.210001	FPR= 0.015846	FNR= 0.015837	CTF= 0.527822	880s
Batch 120k:	ERR= 0.038119	WER= 0.155158	FPR= 0.015367	FNR= 0.015360	CTF= 0.502614	878s
Batch 130k:	ERR= 0.039739	WER= 0.198950	FPR= 0.015070	FNR= 0.015065	CTF= 0.466802	881s
Batch 140k:	ERR= 0.039235	WER= 0.162758	FPR= 0.014585	FNR= 0.014579	CTF= 0.493299	876s
Batch 150k:	ERR= 0.041317	WER= 0.172760	FPR= 0.014259	FNR= 0.014252	CTF= 0.493205	880s
Batch 160k:	ERR= 0.040120	WER= 0.144698	FPR= 0.013968	FNR= 0.013963	CTF= 0.502984	886s
Batch 170k:	ERR= 0.039498	WER= 0.178713	FPR= 0.013735	FNR= 0.013729	CTF= 0.524473	880s
Batch 180k:	ERR= 0.039256	WER= 0.156566	FPR= 0.013591	FNR= 0.013587	CTF= 0.502173	890s
Batch 190k:	ERR= 0.040557	WER= 0.152636	FPR= 0.013259	FNR= 0.013255	CTF= 0.507288	896s
Batch 200k:	ERR= 0.039888	WER= 0.138930	FPR= 0.013133	FNR= 0.013129	CTF= 0.507298	894s
Batch 210k:	ERR= 0.040474	WER= 0.158978	FPR= 0.013071	FNR= 0.013066	CTF= 0.484396	888s
Batch 220k:	ERR= 0.039874	WER= 0.131862	FPR= 0.012911	FNR= 0.012906	CTF= 0.518704	887s
Batch 230k:	ERR= 0.041108	WER= 0.166033	FPR= 0.012701	FNR= 0.012697	CTF= 0.508851	885s
Batch 240k:	ERR= 0.039816	WER= 0.131402	FPR= 0.012649	FNR= 0.012646	CTF= 0.510894	881s
Batch 250k:	ERR= 0.040275	WER= 0.154862	FPR= 0.012569	FNR= 0.012564	CTF= 0.503832	881s
Batch 260k:	ERR= 0.041282	WER= 0.160422	FPR= 0.012405	FNR= 0.012402	CTF= 0.500629	881s
Batch 270k:	ERR= 0.040491	WER= 0.155105	FPR= 0.012325	FNR= 0.012322	CTF= 0.508718	882s
Batch 280k:	ERR= 0.039128	WER= 0.129432	FPR= 0.012329	FNR= 0.012326	CTF= 0.507089	881s
Batch 290k:	ERR= 0.040560	WER= 0.151464	FPR= 0.012190	FNR= 0.012187	CTF= 0.511006	884s
Batch 300k:	ERR= 0.040416	WER= 0.165204	FPR= 0.012119	FNR= 0.012116	CTF= 0.502635	891s
Batch 310k:	ERR= 0.039662	WER= 0.170826	FPR= 0.012098	FNR= 0.012095	CTF= 0.502490	844s
Batch 320k:	ERR= 0.038732	WER= 0.120507	FPR= 0.012052	FNR= 0.012050	CTF= 0.501587	807s
Batch 330k:	ERR= 0.040897	WER= 0.159568	FPR= 0.011920	FNR= 0.011918	CTF= 0.501413	804s
Batch 340k:	ERR= 0.039564	WER= 0.131461	FPR= 0.011839	FNR= 0.011837	CTF= 0.510267	804s
Batch 350k:	ERR= 0.040281	WER= 0.170087	FPR= 0.011853	FNR= 0.011851	CTF= 0.506586	773s
Batch 360k:	ERR= 0.039609	WER= 0.129931	FPR= 0.011829	FNR= 0.011826	CTF= 0.505920	727s
Batch 370k:	ERR= 0.040351	WER= 0.147664	FPR= 0.011755	FNR= 0.011754	CTF= 0.504761	617s
Batch 380k:	ERR= 0.039616	WER= 0.151944	FPR= 0.011702	FNR= 0.011700	CTF= 0.509448	477s
Batch 390k:	ERR= 0.040449	WER= 0.171020	FPR= 0.011679	FNR= 0.011677	CTF= 0.506247	468s
Batch 400k:	ERR= 0.039168	WER= 0.121890	FPR= 0.011652	FNR= 0.011649	CTF= 0.507310	467s
Cycle 1
Exception in thread "main" java.lang.AssertionError: 81, 180, 1, 176, 181, -137
	at ml.CellNet.pickEdges(CellNet.java:321)
	at ml.CellNet.makeEdgesDense(CellNet.java:262)
	at ml.CellNet.randomize(CellNet.java:135)
	at ml.Trainer.randomNetwork(Trainer.java:1156)
	at ml.Trainer.randomNetwork(Trainer.java:1144)
	at ml.Trainer.randomNetwork(Trainer.java:1139)
	at ml.Trainer.createNetworks(Trainer.java:1128)
	at ml.Trainer.fetchNetworks(Trainer.java:1122)
	at ml.Trainer.runCycle(Trainer.java:954)
	at ml.Trainer.trainNetworks(Trainer.java:916)
	at ml.Trainer.spawnThreads(Trainer.java:872)
	at ml.Trainer.process(Trainer.java:726)
	at ml.Trainer.main(Trainer.java:54)
slurmstepd: error: *** JOB 18118438 ON n0073.dori0 CANCELLED AT 2025-07-21T04:55:16 DUE TO TIME LIMIT ***
