java -ea -Xmx400g -Xms400g -cp /clusterfs/jgi/scratch/gentech/genome_analysis/brandonimstepf/bbmap/current/ ml.Trainer in=../ncbi_total_training_final.tsv out=cycles_trained_8dims_400k_ncbi_100_8f_6l_060d_small_7-19.bbnet maxdims=356,150,200,90,12,1 mindims=356,50,100,40,5,1 density=0.60 cycles=4 nets=8 -Xmx400g

Loading ../ncbi_total_training_final.tsv
Inferring 356 inputs, 1 output, 0 weights.
Data was organized into 640 sets.
Using 64 worker threads, 8 trainer threads, 22 jobs/trainer/batch, 400000 batches, 4 cycles to train 32 networks total.
Cycle 0
Batch 1:	ERR= 0.222020	WER= 2.021599	FPR= 0.212567	FNR= 0.212531	CTF= 0.119912	53.7s
Batch 4:	ERR= 0.207760	WER= 1.899127	FPR= 0.212384	FNR= 0.212350	CTF= 0.153572	32.1s
Batch 16:	ERR= 0.130894	WER= 1.212553	FPR= 0.211090	FNR= 0.211056	CTF= 0.360971	33.7s
Batch 64:	ERR= 0.117292	WER= 1.016439	FPR= 0.203057	FNR= 0.202969	CTF= 0.482798	49.0s
Batch 256:	ERR= 0.112920	WER= 0.812922	FPR= 0.184973	FNR= 0.184706	CTF= 0.412336	62.0s
Batch 1024:	ERR= 0.106588	WER= 0.705995	FPR= 0.132318	FNR= 0.132219	CTF= 0.412927	83.4s
Batch 4096:	ERR= 0.064489	WER= 0.263049	FPR= 0.034039	FNR= 0.034029	CTF= 0.499802	229s
Batch 10k:	ERR= 0.244068	WER= 0.701449	FPR= 0.034074	FNR= 0.034046	CTF= 0.923000	413s
Batch 20k:	ERR= 0.138196	WER= 0.357291	FPR= 0.029387	FNR= 0.029372	CTF= 0.345641	670s
Batch 30k:	ERR= 0.053158	WER= 0.277068	FPR= 0.025744	FNR= 0.025728	CTF= 0.499860	669s
Batch 40k:	ERR= 0.042899	WER= 0.150076	FPR= 0.020945	FNR= 0.020940	CTF= 0.519892	666s
Batch 50k:	ERR= 0.050225	WER= 0.210364	FPR= 0.020049	FNR= 0.020043	CTF= 0.555591	675s
Batch 60k:	ERR= 0.048417	WER= 0.211141	FPR= 0.019177	FNR= 0.019168	CTF= 0.482753	667s
Batch 70k:	ERR= 0.045802	WER= 0.235671	FPR= 0.018697	FNR= 0.018688	CTF= 0.533066	662s
Batch 80k:	ERR= 0.042986	WER= 0.165155	FPR= 0.018275	FNR= 0.018267	CTF= 0.498112	692s
Batch 90k:	ERR= 0.047699	WER= 0.244359	FPR= 0.017916	FNR= 0.017907	CTF= 0.465427	678s
Batch 100k:	ERR= 0.040973	WER= 0.172519	FPR= 0.017444	FNR= 0.017437	CTF= 0.500582	894s
Batch 110k:	ERR= 0.045809	WER= 0.230590	FPR= 0.017200	FNR= 0.017192	CTF= 0.488029	635s
Batch 120k:	ERR= 0.042306	WER= 0.189767	FPR= 0.016861	FNR= 0.016852	CTF= 0.495124	635s
Batch 130k:	ERR= 0.042909	WER= 0.235681	FPR= 0.016607	FNR= 0.016600	CTF= 0.503767	635s
Batch 140k:	ERR= 0.041708	WER= 0.161838	FPR= 0.016181	FNR= 0.016173	CTF= 0.508337	639s
Batch 150k:	ERR= 0.044147	WER= 0.217628	FPR= 0.015951	FNR= 0.015943	CTF= 0.516953	635s
Batch 160k:	ERR= 0.042850	WER= 0.180975	FPR= 0.015616	FNR= 0.015607	CTF= 0.499917	638s
Batch 170k:	ERR= 0.045016	WER= 0.226706	FPR= 0.015480	FNR= 0.015473	CTF= 0.497216	636s
Batch 180k:	ERR= 0.042392	WER= 0.194828	FPR= 0.015180	FNR= 0.015172	CTF= 0.492499	632s
Batch 190k:	ERR= 0.042124	WER= 0.184160	FPR= 0.015106	FNR= 0.015099	CTF= 0.508210	634s
Batch 200k:	ERR= 0.042975	WER= 0.172350	FPR= 0.014882	FNR= 0.014875	CTF= 0.509624	627s
Batch 210k:	ERR= 0.043581	WER= 0.223430	FPR= 0.014638	FNR= 0.014633	CTF= 0.527820	632s
Batch 220k:	ERR= 0.044372	WER= 0.187215	FPR= 0.014616	FNR= 0.014610	CTF= 0.512454	632s
Batch 230k:	ERR= 0.043697	WER= 0.171623	FPR= 0.014375	FNR= 0.014370	CTF= 0.503233	649s
Batch 240k:	ERR= 0.043217	WER= 0.164661	FPR= 0.014303	FNR= 0.014297	CTF= 0.510880	629s
Batch 250k:	ERR= 0.043445	WER= 0.181711	FPR= 0.014165	FNR= 0.014160	CTF= 0.508264	632s
Batch 260k:	ERR= 0.045056	WER= 0.212823	FPR= 0.014090	FNR= 0.014084	CTF= 0.514012	634s
Batch 270k:	ERR= 0.044386	WER= 0.202681	FPR= 0.013984	FNR= 0.013980	CTF= 0.509853	639s
Batch 280k:	ERR= 0.043815	WER= 0.171898	FPR= 0.013898	FNR= 0.013894	CTF= 0.509921	628s
Batch 290k:	ERR= 0.044110	WER= 0.180994	FPR= 0.013783	FNR= 0.013779	CTF= 0.504360	636s
Batch 300k:	ERR= 0.045318	WER= 0.198855	FPR= 0.013692	FNR= 0.013689	CTF= 0.503523	619s
Batch 310k:	ERR= 0.043832	WER= 0.221850	FPR= 0.013648	FNR= 0.013645	CTF= 0.506146	503s
Batch 320k:	ERR= 0.043416	WER= 0.161754	FPR= 0.013589	FNR= 0.013586	CTF= 0.512683	474s
Batch 330k:	ERR= 0.044332	WER= 0.191171	FPR= 0.013510	FNR= 0.013508	CTF= 0.502274	473s
Batch 340k:	ERR= 0.044090	WER= 0.200503	FPR= 0.013474	FNR= 0.013471	CTF= 0.506787	472s
Batch 350k:	ERR= 0.044020	WER= 0.185028	FPR= 0.013390	FNR= 0.013387	CTF= 0.507825	434s
Batch 360k:	ERR= 0.043369	WER= 0.134852	FPR= 0.013391	FNR= 0.013388	CTF= 0.511064	427s
Batch 370k:	ERR= 0.044697	WER= 0.183427	FPR= 0.013310	FNR= 0.013307	CTF= 0.513726	349s
Batch 380k:	ERR= 0.044353	WER= 0.181524	FPR= 0.013237	FNR= 0.013235	CTF= 0.510499	335s
Batch 390k:	ERR= 0.044810	WER= 0.193790	FPR= 0.013210	FNR= 0.013208	CTF= 0.507254	340s
Batch 400k:	ERR= 0.043600	WER= 0.147831	FPR= 0.013202	FNR= 0.013200	CTF= 0.519447	336s
Cycle 1
Batch 1:	ERR= 0.233744	WER= 2.289059	FPR= 0.212170	FNR= 0.212140	CTF= -0.075450	53.3s
Batch 4:	ERR= 0.203523	WER= 2.018275	FPR= 0.211591	FNR= 0.211561	CTF= 0.001504	33.0s
Batch 16:	ERR= 0.115805	WER= 0.981815	FPR= 0.209524	FNR= 0.209480	CTF= 0.409896	37.6s
Batch 64:	ERR= 0.117897	WER= 1.029316	FPR= 0.205737	FNR= 0.205663	CTF= 0.483256	59.2s
Batch 256:	ERR= 0.111281	WER= 0.738502	FPR= 0.190795	FNR= 0.190583	CTF= 0.392911	63.2s
Batch 1024:	ERR= 0.108697	WER= 0.739248	FPR= 0.136635	FNR= 0.136507	CTF= 0.421667	87.1s
Batch 4096:	ERR= 0.063074	WER= 0.239926	FPR= 0.033278	FNR= 0.033268	CTF= 0.507064	238s
Batch 10k:	ERR= 0.106919	WER= 0.452662	FPR= 0.030869	FNR= 0.030864	CTF= 0.705819	426s
Batch 20k:	ERR= 0.118639	WER= 0.250219	FPR= 0.024985	FNR= 0.024974	CTF= 0.601282	700s
Batch 30k:	ERR= 0.116199	WER= 0.298883	FPR= 0.023159	FNR= 0.023151	CTF= 0.349950	705s
Batch 40k:	ERR= 0.042263	WER= 0.154091	FPR= 0.020276	FNR= 0.020268	CTF= 0.510024	707s
Batch 50k:	ERR= 0.042364	WER= 0.152484	FPR= 0.019757	FNR= 0.019753	CTF= 0.546450	706s
Batch 60k:	ERR= 0.044714	WER= 0.174465	FPR= 0.018995	FNR= 0.018987	CTF= 0.524849	705s
Batch 70k:	ERR= 0.046591	WER= 0.225190	FPR= 0.018511	FNR= 0.018503	CTF= 0.461369	703s
Batch 80k:	ERR= 0.044047	WER= 0.171913	FPR= 0.017955	FNR= 0.017946	CTF= 0.507115	712s
Batch 90k:	ERR= 0.039715	WER= 0.154646	FPR= 0.017600	FNR= 0.017593	CTF= 0.482675	787s
Batch 100k:	ERR= 0.039266	WER= 0.153075	FPR= 0.017082	FNR= 0.017075	CTF= 0.504386	887s
Batch 110k:	ERR= 0.043444	WER= 0.191195	FPR= 0.016741	FNR= 0.016733	CTF= 0.481979	673s
Batch 120k:	ERR= 0.040561	WER= 0.158968	FPR= 0.016369	FNR= 0.016361	CTF= 0.507983	673s
Batch 130k:	ERR= 0.043612	WER= 0.242651	FPR= 0.016125	FNR= 0.016117	CTF= 0.573067	666s
Batch 140k:	ERR= 0.039881	WER= 0.159049	FPR= 0.015797	FNR= 0.015791	CTF= 0.505117	670s
Batch 150k:	ERR= 0.043614	WER= 0.196344	FPR= 0.015425	FNR= 0.015418	CTF= 0.485893	666s
Batch 160k:	ERR= 0.042053	WER= 0.168310	FPR= 0.015213	FNR= 0.015207	CTF= 0.507046	667s
Batch 170k:	ERR= 0.044564	WER= 0.232179	FPR= 0.014985	FNR= 0.014978	CTF= 0.518817	670s
Batch 180k:	ERR= 0.042179	WER= 0.175095	FPR= 0.015008	FNR= 0.015001	CTF= 0.519057	671s
Batch 190k:	ERR= 0.042608	WER= 0.171300	FPR= 0.014595	FNR= 0.014590	CTF= 0.510910	676s
Batch 200k:	ERR= 0.042976	WER= 0.163024	FPR= 0.014453	FNR= 0.014446	CTF= 0.505537	672s
Batch 210k:	ERR= 0.045585	WER= 0.179226	FPR= 0.014365	FNR= 0.014358	CTF= 0.497883	674s
Batch 220k:	ERR= 0.044673	WER= 0.209982	FPR= 0.014160	FNR= 0.014153	CTF= 0.519130	667s
Batch 230k:	ERR= 0.043751	WER= 0.155761	FPR= 0.014089	FNR= 0.014084	CTF= 0.510784	675s
Batch 240k:	ERR= 0.043671	WER= 0.145799	FPR= 0.014010	FNR= 0.014006	CTF= 0.504258	674s
Batch 250k:	ERR= 0.045766	WER= 0.166841	FPR= 0.013824	FNR= 0.013820	CTF= 0.497773	673s
Batch 260k:	ERR= 0.046039	WER= 0.187353	FPR= 0.013851	FNR= 0.013847	CTF= 0.515236	673s
Batch 270k:	ERR= 0.045621	WER= 0.183833	FPR= 0.013653	FNR= 0.013649	CTF= 0.503383	676s
Batch 280k:	ERR= 0.044056	WER= 0.148017	FPR= 0.013644	FNR= 0.013640	CTF= 0.505456	673s
Batch 290k:	ERR= 0.045733	WER= 0.190742	FPR= 0.013536	FNR= 0.013532	CTF= 0.504296	676s
Batch 300k:	ERR= 0.045298	WER= 0.156473	FPR= 0.013443	FNR= 0.013439	CTF= 0.509561	670s
Batch 310k:	ERR= 0.044381	WER= 0.171863	FPR= 0.013421	FNR= 0.013417	CTF= 0.508758	624s
Batch 320k:	ERR= 0.044058	WER= 0.130349	FPR= 0.013383	FNR= 0.013380	CTF= 0.505443	618s
Batch 330k:	ERR= 0.045145	WER= 0.191756	FPR= 0.013284	FNR= 0.013280	CTF= 0.511973	564s
Batch 340k:	ERR= 0.044554	WER= 0.167846	FPR= 0.013204	FNR= 0.013201	CTF= 0.502535	526s
Batch 350k:	ERR= 0.044858	WER= 0.176125	FPR= 0.013173	FNR= 0.013170	CTF= 0.508370	458s
Batch 360k:	ERR= 0.044542	WER= 0.132508	FPR= 0.013182	FNR= 0.013180	CTF= 0.517843	371s
Batch 370k:	ERR= 0.045513	WER= 0.205290	FPR= 0.013155	FNR= 0.013151	CTF= 0.508893	354s
Batch 380k:	ERR= 0.044850	WER= 0.162104	FPR= 0.013018	FNR= 0.013016	CTF= 0.510036	352s
Batch 390k:	ERR= 0.044922	WER= 0.157498	FPR= 0.012980	FNR= 0.012978	CTF= 0.515814	357s
Batch 400k:	ERR= 0.043792	WER= 0.136430	FPR= 0.012983	FNR= 0.012981	CTF= 0.508617	353s
Cycle 2
Batch 1:	ERR= 0.224193	WER= 2.062210	FPR= 0.209076	FNR= 0.209039	CTF= 0.017302	57.7s
Batch 4:	ERR= 0.181218	WER= 1.693033	FPR= 0.208723	FNR= 0.208685	CTF= 0.165678	27.9s
Batch 16:	ERR= 0.124975	WER= 1.071253	FPR= 0.208743	FNR= 0.208694	CTF= 0.447356	39.5s
Batch 64:	ERR= 0.117561	WER= 1.036298	FPR= 0.205963	FNR= 0.205864	CTF= 0.480652	58.4s
Batch 256:	ERR= 0.112437	WER= 0.725049	FPR= 0.188020	FNR= 0.187789	CTF= 0.409489	64.1s
Batch 1024:	ERR= 0.107756	WER= 0.712259	FPR= 0.149345	FNR= 0.149227	CTF= 0.414831	89.8s
Batch 4096:	ERR= 0.068549	WER= 0.286751	FPR= 0.036912	FNR= 0.036896	CTF= 0.511150	256s
Batch 10k:	ERR= 0.067841	WER= 0.260383	FPR= 0.033294	FNR= 0.033291	CTF= 0.556645	457s
Batch 20k:	ERR= 0.217178	WER= 0.407062	FPR= 0.027119	FNR= 0.027114	CTF= 0.717028	752s
Batch 30k:	ERR= 0.050384	WER= 0.197325	FPR= 0.022837	FNR= 0.022828	CTF= 0.480186	758s
Batch 40k:	ERR= 0.042829	WER= 0.149658	FPR= 0.020327	FNR= 0.020321	CTF= 0.519633	756s
Batch 50k:	ERR= 0.043456	WER= 0.166831	FPR= 0.019759	FNR= 0.019754	CTF= 0.504062	760s
Batch 60k:	ERR= 0.043506	WER= 0.203639	FPR= 0.019189	FNR= 0.019179	CTF= 0.479713	763s
Batch 70k:	ERR= 0.046607	WER= 0.234300	FPR= 0.018393	FNR= 0.018381	CTF= 0.543749	769s
Batch 80k:	ERR= 0.044891	WER= 0.189555	FPR= 0.018009	FNR= 0.018000	CTF= 0.503311	831s
Batch 90k:	ERR= 0.050490	WER= 0.212945	FPR= 0.017618	FNR= 0.017610	CTF= 0.461960	775s
Batch 100k:	ERR= 0.041631	WER= 0.171906	FPR= 0.017059	FNR= 0.017051	CTF= 0.501768	951s
Batch 110k:	ERR= 0.047713	WER= 0.214713	FPR= 0.016802	FNR= 0.016793	CTF= 0.484086	717s
Batch 120k:	ERR= 0.039942	WER= 0.160686	FPR= 0.016363	FNR= 0.016355	CTF= 0.503544	723s
Batch 130k:	ERR= 0.042044	WER= 0.179685	FPR= 0.016170	FNR= 0.016162	CTF= 0.528574	714s
Batch 140k:	ERR= 0.043425	WER= 0.168558	FPR= 0.015718	FNR= 0.015711	CTF= 0.505248	724s
Batch 150k:	ERR= 0.043943	WER= 0.200040	FPR= 0.015488	FNR= 0.015481	CTF= 0.486622	717s
Batch 160k:	ERR= 0.041739	WER= 0.166976	FPR= 0.015287	FNR= 0.015280	CTF= 0.499678	714s
Batch 170k:	ERR= 0.043777	WER= 0.206785	FPR= 0.015104	FNR= 0.015095	CTF= 0.466605	704s
Batch 180k:	ERR= 0.043597	WER= 0.191512	FPR= 0.014887	FNR= 0.014879	CTF= 0.491405	717s
Batch 190k:	ERR= 0.042563	WER= 0.176926	FPR= 0.014747	FNR= 0.014740	CTF= 0.509548	731s
Batch 200k:	ERR= 0.041915	WER= 0.157969	FPR= 0.014583	FNR= 0.014577	CTF= 0.509238	713s
Batch 210k:	ERR= 0.044055	WER= 0.209715	FPR= 0.014507	FNR= 0.014501	CTF= 0.475969	716s
Batch 220k:	ERR= 0.044031	WER= 0.174164	FPR= 0.014316	FNR= 0.014310	CTF= 0.505946	717s
Batch 230k:	ERR= 0.044003	WER= 0.176554	FPR= 0.014157	FNR= 0.014152	CTF= 0.503319	723s
Batch 240k:	ERR= 0.042735	WER= 0.144038	FPR= 0.014111	FNR= 0.014107	CTF= 0.508563	714s
Batch 250k:	ERR= 0.044370	WER= 0.170974	FPR= 0.013949	FNR= 0.013945	CTF= 0.508223	719s
Batch 260k:	ERR= 0.046871	WER= 0.198999	FPR= 0.013842	FNR= 0.013837	CTF= 0.502961	714s
Batch 270k:	ERR= 0.044715	WER= 0.181804	FPR= 0.013780	FNR= 0.013774	CTF= 0.515062	722s
Batch 280k:	ERR= 0.043582	WER= 0.148573	FPR= 0.013712	FNR= 0.013709	CTF= 0.505400	712s
Batch 290k:	ERR= 0.044935	WER= 0.169089	FPR= 0.013594	FNR= 0.013590	CTF= 0.506814	713s
Batch 300k:	ERR= 0.045775	WER= 0.196415	FPR= 0.013498	FNR= 0.013494	CTF= 0.503117	614s
Batch 310k:	ERR= 0.044519	WER= 0.183888	FPR= 0.013486	FNR= 0.013482	CTF= 0.512868	508s
Batch 320k:	ERR= 0.044042	WER= 0.132799	FPR= 0.013442	FNR= 0.013440	CTF= 0.509240	443s
Batch 330k:	ERR= 0.045930	WER= 0.215160	FPR= 0.013337	FNR= 0.013334	CTF= 0.501208	445s
Batch 340k:	ERR= 0.044689	WER= 0.164909	FPR= 0.013297	FNR= 0.013294	CTF= 0.500562	438s
Batch 350k:	ERR= 0.045094	WER= 0.197813	FPR= 0.013234	FNR= 0.013231	CTF= 0.507500	409s
Batch 360k:	ERR= 0.044247	WER= 0.138068	FPR= 0.013277	FNR= 0.013274	CTF= 0.514077	402s
Batch 370k:	ERR= 0.045780	WER= 0.191525	FPR= 0.013185	FNR= 0.013182	CTF= 0.509873	400s
Batch 380k:	ERR= 0.045503	WER= 0.184680	FPR= 0.013097	FNR= 0.013095	CTF= 0.508190	398s
Batch 390k:	ERR= 0.046096	WER= 0.212325	FPR= 0.013130	FNR= 0.013128	CTF= 0.508182	403s
Batch 400k:	ERR= 0.044011	WER= 0.128869	FPR= 0.013103	FNR= 0.013101	CTF= 0.516847	401s
Cycle 3
Batch 1:	ERR= 0.217932	WER= 1.946966	FPR= 0.215548	FNR= 0.215509	CTF= 0.158990	59.0s
Batch 4:	ERR= 0.190124	WER= 1.718965	FPR= 0.215287	FNR= 0.215250	CTF= 0.239062	34.3s
Batch 16:	ERR= 0.127424	WER= 1.104877	FPR= 0.214019	FNR= 0.213976	CTF= 0.472444	38.1s
Batch 64:	ERR= 0.118399	WER= 1.051904	FPR= 0.209425	FNR= 0.209328	CTF= 0.478527	57.7s
Batch 256:	ERR= 0.111454	WER= 0.742533	FPR= 0.188696	FNR= 0.188492	CTF= 0.397196	67.1s
Batch 1024:	ERR= 0.105866	WER= 0.707592	FPR= 0.127342	FNR= 0.127254	CTF= 0.411349	86.4s
Batch 4096:	ERR= 0.068059	WER= 0.293225	FPR= 0.034752	FNR= 0.034740	CTF= 0.523068	244s
Batch 10k:	ERR= 0.097829	WER= 0.440255	FPR= 0.030594	FNR= 0.030589	CTF= 0.408813	444s
Batch 20k:	ERR= 0.090425	WER= 0.428448	FPR= 0.023712	FNR= 0.023704	CTF= 0.509129	758s
Batch 30k:	ERR= 0.049660	WER= 0.202036	FPR= 0.021311	FNR= 0.021302	CTF= 0.481000	755s
Batch 40k:	ERR= 0.042303	WER= 0.152827	FPR= 0.019959	FNR= 0.019953	CTF= 0.510186	747s
Batch 50k:	ERR= 0.043851	WER= 0.197317	FPR= 0.019380	FNR= 0.019371	CTF= 0.528883	761s
Batch 60k:	ERR= 0.056096	WER= 0.357588	FPR= 0.018744	FNR= 0.018734	CTF= 0.590418	748s
Batch 70k:	ERR= 0.046738	WER= 0.217059	FPR= 0.018293	FNR= 0.018282	CTF= 0.473905	747s
Batch 80k:	ERR= 0.042005	WER= 0.168376	FPR= 0.017664	FNR= 0.017655	CTF= 0.505210	774s
Batch 90k:	ERR= 0.040305	WER= 0.154063	FPR= 0.017296	FNR= 0.017289	CTF= 0.508062	775s
Batch 100k:	ERR= 0.041028	WER= 0.161685	FPR= 0.016709	FNR= 0.016700	CTF= 0.505699	989s
Batch 110k:	ERR= 0.042777	WER= 0.191781	FPR= 0.016516	FNR= 0.016506	CTF= 0.512502	715s
Batch 120k:	ERR= 0.040050	WER= 0.159930	FPR= 0.016126	FNR= 0.016119	CTF= 0.503680	724s
Batch 130k:	ERR= 0.041315	WER= 0.189791	FPR= 0.015941	FNR= 0.015934	CTF= 0.510866	722s
Batch 140k:	ERR= 0.041237	WER= 0.166442	FPR= 0.015540	FNR= 0.015533	CTF= 0.503005	724s
Batch 150k:	ERR= 0.043384	WER= 0.191067	FPR= 0.015222	FNR= 0.015214	CTF= 0.500544	719s
Batch 160k:	ERR= 0.041442	WER= 0.161764	FPR= 0.014950	FNR= 0.014944	CTF= 0.499540	713s
Batch 170k:	ERR= 0.042782	WER= 0.184848	FPR= 0.014731	FNR= 0.014725	CTF= 0.529111	713s
Batch 180k:	ERR= 0.042375	WER= 0.171111	FPR= 0.014536	FNR= 0.014530	CTF= 0.495972	707s
Batch 190k:	ERR= 0.041564	WER= 0.160854	FPR= 0.014355	FNR= 0.014350	CTF= 0.511863	719s
Batch 200k:	ERR= 0.043630	WER= 0.173321	FPR= 0.014177	FNR= 0.014170	CTF= 0.503586	716s
Batch 210k:	ERR= 0.043820	WER= 0.158210	FPR= 0.014031	FNR= 0.014025	CTF= 0.498220	711s
Batch 220k:	ERR= 0.043981	WER= 0.176947	FPR= 0.013881	FNR= 0.013875	CTF= 0.507931	719s
Batch 230k:	ERR= 0.043289	WER= 0.164335	FPR= 0.013757	FNR= 0.013752	CTF= 0.505639	723s
Batch 240k:	ERR= 0.042336	WER= 0.139960	FPR= 0.013706	FNR= 0.013701	CTF= 0.508351	725s
Batch 250k:	ERR= 0.043606	WER= 0.148285	FPR= 0.013550	FNR= 0.013546	CTF= 0.508576	713s
Batch 260k:	ERR= 0.045448	WER= 0.166222	FPR= 0.013463	FNR= 0.013459	CTF= 0.506799	715s
Batch 270k:	ERR= 0.044092	WER= 0.161607	FPR= 0.013452	FNR= 0.013448	CTF= 0.508837	724s
Batch 280k:	ERR= 0.043089	WER= 0.138594	FPR= 0.013350	FNR= 0.013347	CTF= 0.507951	714s
Batch 290k:	ERR= 0.044869	WER= 0.172347	FPR= 0.013246	FNR= 0.013242	CTF= 0.499993	634s
Batch 300k:	ERR= 0.044940	WER= 0.180899	FPR= 0.013158	FNR= 0.013155	CTF= 0.512535	608s
Batch 310k:	ERR= 0.043686	WER= 0.189144	FPR= 0.013170	FNR= 0.013167	CTF= 0.502512	615s
Batch 320k:	ERR= 0.043779	WER= 0.137890	FPR= 0.013039	FNR= 0.013036	CTF= 0.507727	589s
Batch 330k:	ERR= 0.045411	WER= 0.193721	FPR= 0.012998	FNR= 0.012995	CTF= 0.508605	541s
Batch 340k:	ERR= 0.044294	WER= 0.165862	FPR= 0.012936	FNR= 0.012933	CTF= 0.511097	488s
Batch 350k:	ERR= 0.044553	WER= 0.148236	FPR= 0.012867	FNR= 0.012864	CTF= 0.508633	494s
Batch 360k:	ERR= 0.044132	WER= 0.135782	FPR= 0.012864	FNR= 0.012861	CTF= 0.515518	487s
Batch 370k:	ERR= 0.045425	WER= 0.177839	FPR= 0.012768	FNR= 0.012766	CTF= 0.508042	488s
Batch 380k:	ERR= 0.044782	WER= 0.157807	FPR= 0.012734	FNR= 0.012732	CTF= 0.512060	438s
Batch 390k:	ERR= 0.045308	WER= 0.165712	FPR= 0.012715	FNR= 0.012712	CTF= 0.510154	444s
Batch 400k:	ERR= 0.043165	WER= 0.120672	FPR= 0.012694	FNR= 0.012692	CTF= 0.510713	376s

Best:		ERR= 0.042943	WER= 0.117602	FPR= 0.012245	FNR= 0.012243	CTF= 0.510997
Final:		ERR= 0.042943	WER= 0.117602	FPR= 0.012245	FNR= 0.012243	CTF= 0.510997
Average:  	ERR= 0.043648	WER= 0.132654	FPR= 0.012802	FNR= 0.012799	CTF= 0.516008

Best Dims:	[356, 141, 158, 66, 8, 1]
Final Dims:	[356, 141, 158, 66, 8, 1]
Average Dims:  	[356, 117, 154, 70, 8, 1]

Best Seed:	5391686036134700723
Time:                         	104308.213 seconds.
Lines Processed:      77696m 	744.87k lines/sec
Edges Processed:       2549t 	24445.22m edges/sec

Lines In:          	42724617
Lines Out:         	24745
Bytes Out:         	29788126
