java -ea -Xmx400g -Xms400g -cp /clusterfs/jgi/scratch/gentech/genome_analysis/brandonimstepf/bbmap/current/ ml.Trainer -Xmx400g in=ncbi_100_fixed.tsv out=cycles_trained.bbnet maxdims=353,180,90,1 mindims=353,120,45,1 cycles=4 nets=8

Loading ncbi_100_fixed.tsv
Inferring 353 inputs, 1 output, 0 weights.
Data was organized into 208 sets.
Using 64 worker threads, 8 trainer threads, 22 jobs/trainer/batch, 400000 batches, 4 cycles to train 32 networks total.
Cycle 0
Batch 1:	ERR= 0.354261	WER= 3.178758	FPR= 0.201759	FNR= 0.201751	CTF= 0.747763	78.0s
Batch 4:	ERR= 0.322559	WER= 2.908154	FPR= 0.201418	FNR= 0.201411	CTF= 0.766739	13.8s
Batch 16:	ERR= 0.256792	WER= 2.275173	FPR= 0.198903	FNR= 0.198896	CTF= 0.701138	19.5s
Batch 64:	ERR= 0.148923	WER= 1.335035	FPR= 0.182382	FNR= 0.182367	CTF= 0.582260	36.5s
Batch 256:	ERR= 0.126531	WER= 1.078542	FPR= 0.134590	FNR= 0.134563	CTF= 0.398820	47.1s
Batch 1024:	ERR= 0.094160	WER= 0.787256	FPR= 0.092386	FNR= 0.092352	CTF= 0.421237	63.7s
Batch 4096:	ERR= 0.056718	WER= 0.336434	FPR= 0.049991	FNR= 0.049982	CTF= 0.425454	214s
Batch 10k:	ERR= 0.323696	WER= 0.676305	FPR= 0.044672	FNR= 0.044668	CTF= 0.243043	397s
Batch 20k:	ERR= 0.102648	WER= 0.316091	FPR= 0.035244	FNR= 0.035236	CTF= 0.358049	652s
Batch 30k:	ERR= 0.083083	WER= 0.291425	FPR= 0.029660	FNR= 0.029649	CTF= 0.413862	649s
Batch 40k:	ERR= 0.062296	WER= 0.211162	FPR= 0.028291	FNR= 0.028281	CTF= 0.475366	651s
Batch 50k:	ERR= 0.062421	WER= 0.231720	FPR= 0.027602	FNR= 0.027593	CTF= 0.472773	650s
Batch 60k:	ERR= 0.075634	WER= 0.440798	FPR= 0.026625	FNR= 0.026614	CTF= 0.479406	647s
Batch 70k:	ERR= 0.057610	WER= 0.240517	FPR= 0.025799	FNR= 0.025787	CTF= 0.525959	649s
Batch 80k:	ERR= 0.057710	WER= 0.234564	FPR= 0.025259	FNR= 0.025247	CTF= 0.490700	650s
Batch 90k:	ERR= 0.065424	WER= 0.329272	FPR= 0.024926	FNR= 0.024908	CTF= 0.469173	656s
Batch 100k:	ERR= 0.064317	WER= 0.315302	FPR= 0.024115	FNR= 0.024094	CTF= 0.492339	724s
Batch 110k:	ERR= 0.067606	WER= 0.337798	FPR= 0.023552	FNR= 0.023536	CTF= 0.473716	612s
Batch 120k:	ERR= 0.068520	WER= 0.376349	FPR= 0.022529	FNR= 0.022501	CTF= 0.475468	614s
Batch 130k:	ERR= 0.073202	WER= 0.431104	FPR= 0.021665	FNR= 0.021641	CTF= 0.506755	612s
Batch 140k:	ERR= 0.070583	WER= 0.374652	FPR= 0.021042	FNR= 0.021019	CTF= 0.502121	613s
Batch 150k:	ERR= 0.071107	WER= 0.378974	FPR= 0.020661	FNR= 0.020638	CTF= 0.504783	610s
Batch 160k:	ERR= 0.068515	WER= 0.327690	FPR= 0.020332	FNR= 0.020309	CTF= 0.500005	616s
Batch 170k:	ERR= 0.070878	WER= 0.360940	FPR= 0.019828	FNR= 0.019809	CTF= 0.505945	615s
Batch 180k:	ERR= 0.069584	WER= 0.328796	FPR= 0.019463	FNR= 0.019446	CTF= 0.504448	616s
Batch 190k:	ERR= 0.068527	WER= 0.312882	FPR= 0.019137	FNR= 0.019122	CTF= 0.505911	611s
Batch 200k:	ERR= 0.067603	WER= 0.294615	FPR= 0.018892	FNR= 0.018877	CTF= 0.502698	614s
Batch 210k:	ERR= 0.069111	WER= 0.316361	FPR= 0.018630	FNR= 0.018613	CTF= 0.505498	614s
Batch 220k:	ERR= 0.068022	WER= 0.291298	FPR= 0.018299	FNR= 0.018287	CTF= 0.504871	613s
Batch 230k:	ERR= 0.067018	WER= 0.276687	FPR= 0.018120	FNR= 0.018106	CTF= 0.506144	611s
Batch 240k:	ERR= 0.066357	WER= 0.264854	FPR= 0.018021	FNR= 0.018007	CTF= 0.504327	615s
Batch 250k:	ERR= 0.066246	WER= 0.265279	FPR= 0.017740	FNR= 0.017724	CTF= 0.506175	615s
Batch 260k:	ERR= 0.066225	WER= 0.269065	FPR= 0.017575	FNR= 0.017561	CTF= 0.506143	613s
Batch 270k:	ERR= 0.065894	WER= 0.261769	FPR= 0.017406	FNR= 0.017395	CTF= 0.506541	610s
Batch 280k:	ERR= 0.064828	WER= 0.234577	FPR= 0.017294	FNR= 0.017283	CTF= 0.505200	613s
Batch 290k:	ERR= 0.064822	WER= 0.244686	FPR= 0.017019	FNR= 0.017007	CTF= 0.505532	613s
Batch 300k:	ERR= 0.064657	WER= 0.246818	FPR= 0.016912	FNR= 0.016900	CTF= 0.505250	616s
Batch 310k:	ERR= 0.064819	WER= 0.241698	FPR= 0.016851	FNR= 0.016841	CTF= 0.505278	614s
Batch 320k:	ERR= 0.062885	WER= 0.217993	FPR= 0.016818	FNR= 0.016808	CTF= 0.506032	617s
Batch 330k:	ERR= 0.064108	WER= 0.227413	FPR= 0.016650	FNR= 0.016640	CTF= 0.505160	614s
Batch 340k:	ERR= 0.063683	WER= 0.225289	FPR= 0.016450	FNR= 0.016439	CTF= 0.507758	612s
Batch 350k:	ERR= 0.063502	WER= 0.224979	FPR= 0.016423	FNR= 0.016412	CTF= 0.506228	613s
Batch 360k:	ERR= 0.062532	WER= 0.202399	FPR= 0.016409	FNR= 0.016397	CTF= 0.505957	547s
Batch 370k:	ERR= 0.061979	WER= 0.209479	FPR= 0.016253	FNR= 0.016243	CTF= 0.505092	496s
Batch 380k:	ERR= 0.062180	WER= 0.206719	FPR= 0.016099	FNR= 0.016091	CTF= 0.506757	426s
Batch 390k:	ERR= 0.062537	WER= 0.207608	FPR= 0.016089	FNR= 0.016081	CTF= 0.507126	332s
Batch 400k:	ERR= 0.060790	WER= 0.191469	FPR= 0.016039	FNR= 0.016029	CTF= 0.507362	309s
Cycle 1
Batch 1:	ERR= 0.423537	WER= 3.219880	FPR= 0.201627	FNR= 0.201619	CTF= 0.126728	17.6s
Batch 4:	ERR= 0.355717	WER= 2.828598	FPR= 0.201074	FNR= 0.201069	CTF= 0.259506	12.4s
Batch 16:	ERR= 0.224957	WER= 2.045935	FPR= 0.198601	FNR= 0.198592	CTF= 0.662773	17.6s
Batch 64:	ERR= 0.154670	WER= 1.401378	FPR= 0.184113	FNR= 0.184101	CTF= 0.595348	33.4s
Batch 256:	ERR= 0.150762	WER= 1.376709	FPR= 0.136902	FNR= 0.136869	CTF= 0.317741	42.1s
Batch 1024:	ERR= 0.088708	WER= 0.698445	FPR= 0.108639	FNR= 0.108596	CTF= 0.358334	56.1s
Batch 4096:	ERR= 0.056143	WER= 0.348948	FPR= 0.050732	FNR= 0.050724	CTF= 0.401202	198s
Batch 10k:	ERR= 0.134154	WER= 0.437750	FPR= 0.043270	FNR= 0.043262	CTF= 0.535626	370s
Batch 20k:	ERR= 0.065218	WER= 0.233449	FPR= 0.034955	FNR= 0.034949	CTF= 0.461309	625s
Batch 30k:	ERR= 0.067273	WER= 0.238353	FPR= 0.030536	FNR= 0.030527	CTF= 0.440747	622s
Batch 40k:	ERR= 0.061365	WER= 0.224674	FPR= 0.028101	FNR= 0.028091	CTF= 0.467849	625s
Batch 50k:	ERR= 0.066594	WER= 0.298958	FPR= 0.027481	FNR= 0.027472	CTF= 0.405722	620s
Batch 60k:	ERR= 0.067415	WER= 0.397571	FPR= 0.026564	FNR= 0.026552	CTF= 0.511780	625s
Batch 70k:	ERR= 0.060545	WER= 0.288722	FPR= 0.026189	FNR= 0.026177	CTF= 0.487974	626s
Batch 80k:	ERR= 0.059817	WER= 0.258822	FPR= 0.025605	FNR= 0.025589	CTF= 0.486549	615s
Batch 90k:	ERR= 0.065213	WER= 0.331135	FPR= 0.024785	FNR= 0.024768	CTF= 0.490951	625s
Batch 100k:	ERR= 0.064659	WER= 0.307264	FPR= 0.023913	FNR= 0.023898	CTF= 0.491080	686s
Batch 110k:	ERR= 0.067273	WER= 0.390559	FPR= 0.023378	FNR= 0.023356	CTF= 0.470454	582s
Batch 120k:	ERR= 0.067883	WER= 0.360718	FPR= 0.022515	FNR= 0.022496	CTF= 0.491019	585s
Batch 130k:	ERR= 0.073662	WER= 0.441119	FPR= 0.021876	FNR= 0.021849	CTF= 0.506093	586s
Batch 140k:	ERR= 0.070804	WER= 0.385238	FPR= 0.021302	FNR= 0.021278	CTF= 0.506230	587s
Batch 150k:	ERR= 0.071566	WER= 0.390705	FPR= 0.020898	FNR= 0.020870	CTF= 0.506274	583s
Batch 160k:	ERR= 0.068260	WER= 0.342145	FPR= 0.020578	FNR= 0.020555	CTF= 0.499130	588s
Batch 170k:	ERR= 0.070909	WER= 0.374300	FPR= 0.020049	FNR= 0.020027	CTF= 0.506863	585s
Batch 180k:	ERR= 0.069288	WER= 0.347507	FPR= 0.019771	FNR= 0.019747	CTF= 0.501810	579s
Batch 190k:	ERR= 0.068911	WER= 0.333604	FPR= 0.019519	FNR= 0.019498	CTF= 0.506522	580s
Batch 200k:	ERR= 0.067344	WER= 0.307845	FPR= 0.019230	FNR= 0.019211	CTF= 0.502775	585s
Batch 210k:	ERR= 0.068908	WER= 0.332717	FPR= 0.018904	FNR= 0.018885	CTF= 0.506661	581s
Batch 220k:	ERR= 0.067628	WER= 0.307403	FPR= 0.018667	FNR= 0.018651	CTF= 0.505608	586s
Batch 230k:	ERR= 0.066987	WER= 0.294401	FPR= 0.018508	FNR= 0.018495	CTF= 0.506769	582s
Batch 240k:	ERR= 0.066509	WER= 0.285044	FPR= 0.018383	FNR= 0.018367	CTF= 0.504452	589s
Batch 250k:	ERR= 0.066279	WER= 0.283814	FPR= 0.018129	FNR= 0.018117	CTF= 0.507360	587s
Batch 260k:	ERR= 0.066670	WER= 0.286948	FPR= 0.017874	FNR= 0.017857	CTF= 0.507241	585s
Batch 270k:	ERR= 0.067266	WER= 0.283114	FPR= 0.017795	FNR= 0.017783	CTF= 0.506430	582s
Batch 280k:	ERR= 0.064788	WER= 0.255368	FPR= 0.017695	FNR= 0.017683	CTF= 0.504813	589s
Batch 290k:	ERR= 0.066022	WER= 0.268740	FPR= 0.017606	FNR= 0.017593	CTF= 0.505954	583s
Batch 300k:	ERR= 0.065171	WER= 0.265034	FPR= 0.017339	FNR= 0.017329	CTF= 0.507353	584s
Batch 310k:	ERR= 0.064944	WER= 0.259724	FPR= 0.017271	FNR= 0.017261	CTF= 0.505445	584s
Batch 320k:	ERR= 0.063427	WER= 0.236201	FPR= 0.017273	FNR= 0.017260	CTF= 0.505550	585s
Batch 330k:	ERR= 0.064045	WER= 0.249817	FPR= 0.017011	FNR= 0.017001	CTF= 0.507288	580s
Batch 340k:	ERR= 0.063746	WER= 0.243677	FPR= 0.017011	FNR= 0.016999	CTF= 0.508774	555s
Batch 350k:	ERR= 0.063859	WER= 0.244750	FPR= 0.016859	FNR= 0.016850	CTF= 0.507299	521s
Batch 360k:	ERR= 0.062947	WER= 0.224745	FPR= 0.016827	FNR= 0.016813	CTF= 0.505931	477s
Batch 370k:	ERR= 0.062901	WER= 0.232861	FPR= 0.016697	FNR= 0.016683	CTF= 0.507655	411s
Batch 380k:	ERR= 0.062900	WER= 0.229877	FPR= 0.016612	FNR= 0.016601	CTF= 0.508684	356s
Batch 390k:	ERR= 0.063758	WER= 0.234107	FPR= 0.016618	FNR= 0.016607	CTF= 0.507484	314s
Batch 400k:	ERR= 0.062810	WER= 0.217037	FPR= 0.016507	FNR= 0.016495	CTF= 0.507163	294s
Cycle 2
Batch 1:	ERR= 0.498826	WER= 4.158272	FPR= 0.198773	FNR= 0.198766	CTF= 0.637440	16.7s
Batch 4:	ERR= 0.386604	WER= 3.009160	FPR= 0.198477	FNR= 0.198471	CTF= 0.311209	11.5s
Batch 16:	ERR= 0.252819	WER= 2.213145	FPR= 0.196109	FNR= 0.196097	CTF= 0.675329	15.9s
Batch 64:	ERR= 0.161933	WER= 1.460719	FPR= 0.182835	FNR= 0.182825	CTF= 0.604183	29.6s
Batch 256:	ERR= 0.162940	WER= 1.560163	FPR= 0.137180	FNR= 0.137151	CTF= 0.389993	37.1s
Batch 1024:	ERR= 0.089378	WER= 0.836872	FPR= 0.092059	FNR= 0.092038	CTF= 0.237109	51.9s
Batch 4096:	ERR= 0.078403	WER= 0.445374	FPR= 0.049800	FNR= 0.049791	CTF= 0.357384	180s
Batch 10k:	ERR= 0.112244	WER= 0.353231	FPR= 0.041631	FNR= 0.041622	CTF= 0.373347	337s
Batch 20k:	ERR= 0.071944	WER= 0.265473	FPR= 0.033213	FNR= 0.033204	CTF= 0.412631	561s
Batch 30k:	ERR= 0.069751	WER= 0.331870	FPR= 0.032253	FNR= 0.032239	CTF= 0.402722	568s
Batch 40k:	ERR= 0.062418	WER= 0.218579	FPR= 0.028078	FNR= 0.028068	CTF= 0.473765	559s
Batch 50k:	ERR= 0.069308	WER= 0.302679	FPR= 0.027574	FNR= 0.027565	CTF= 0.429377	553s
Batch 60k:	ERR= 0.067101	WER= 0.268385	FPR= 0.026732	FNR= 0.026725	CTF= 0.448359	559s
Batch 70k:	ERR= 0.062835	WER= 0.330210	FPR= 0.026143	FNR= 0.026133	CTF= 0.460352	554s
Batch 80k:	ERR= 0.062106	WER= 0.268401	FPR= 0.025413	FNR= 0.025399	CTF= 0.488194	554s
Batch 90k:	ERR= 0.062725	WER= 0.265227	FPR= 0.025310	FNR= 0.025293	CTF= 0.503313	564s
Batch 100k:	ERR= 0.067698	WER= 0.337900	FPR= 0.024262	FNR= 0.024244	CTF= 0.461496	644s
Batch 110k:	ERR= 0.070601	WER= 0.384726	FPR= 0.023727	FNR= 0.023704	CTF= 0.518173	531s
Batch 120k:	ERR= 0.070315	WER= 0.362098	FPR= 0.023317	FNR= 0.023300	CTF= 0.492971	530s
Batch 130k:	ERR= 0.075146	WER= 0.435009	FPR= 0.022563	FNR= 0.022538	CTF= 0.506218	531s
Batch 140k:	ERR= 0.072089	WER= 0.397373	FPR= 0.021771	FNR= 0.021747	CTF= 0.494922	533s
Batch 150k:	ERR= 0.073352	WER= 0.401627	FPR= 0.021370	FNR= 0.021349	CTF= 0.503901	526s
Batch 160k:	ERR= 0.070362	WER= 0.360699	FPR= 0.021068	FNR= 0.021048	CTF= 0.494658	529s
Batch 170k:	ERR= 0.073704	WER= 0.405166	FPR= 0.020571	FNR= 0.020542	CTF= 0.505756	526s
Batch 180k:	ERR= 0.071819	WER= 0.368885	FPR= 0.020288	FNR= 0.020266	CTF= 0.503047	525s
Batch 190k:	ERR= 0.071991	WER= 0.362820	FPR= 0.019937	FNR= 0.019919	CTF= 0.504651	526s
Batch 200k:	ERR= 0.070205	WER= 0.333849	FPR= 0.019795	FNR= 0.019771	CTF= 0.499419	527s
Batch 210k:	ERR= 0.072841	WER= 0.376948	FPR= 0.019560	FNR= 0.019536	CTF= 0.505783	528s
Batch 220k:	ERR= 0.070743	WER= 0.327950	FPR= 0.019243	FNR= 0.019225	CTF= 0.507765	534s
Batch 230k:	ERR= 0.070664	WER= 0.327885	FPR= 0.019000	FNR= 0.018987	CTF= 0.505311	531s
Batch 240k:	ERR= 0.069874	WER= 0.321510	FPR= 0.018970	FNR= 0.018953	CTF= 0.501222	527s
Batch 250k:	ERR= 0.070644	WER= 0.329642	FPR= 0.018651	FNR= 0.018630	CTF= 0.507023	530s
Batch 260k:	ERR= 0.070406	WER= 0.322173	FPR= 0.018464	FNR= 0.018450	CTF= 0.506665	529s
Batch 270k:	ERR= 0.070504	WER= 0.322323	FPR= 0.018410	FNR= 0.018388	CTF= 0.505144	529s
Batch 280k:	ERR= 0.068738	WER= 0.290985	FPR= 0.018370	FNR= 0.018355	CTF= 0.503180	528s
Batch 290k:	ERR= 0.069865	WER= 0.314505	FPR= 0.018133	FNR= 0.018115	CTF= 0.505937	532s
Batch 300k:	ERR= 0.069625	WER= 0.308177	FPR= 0.018113	FNR= 0.018098	CTF= 0.506832	533s
Batch 310k:	ERR= 0.069305	WER= 0.303106	FPR= 0.017910	FNR= 0.017897	CTF= 0.505191	532s
Batch 320k:	ERR= 0.068324	WER= 0.282598	FPR= 0.017917	FNR= 0.017903	CTF= 0.503767	532s
Batch 330k:	ERR= 0.069428	WER= 0.305075	FPR= 0.017690	FNR= 0.017674	CTF= 0.506132	525s
Batch 340k:	ERR= 0.068616	WER= 0.290379	FPR= 0.017674	FNR= 0.017660	CTF= 0.507738	519s
Batch 350k:	ERR= 0.069041	WER= 0.299416	FPR= 0.017558	FNR= 0.017542	CTF= 0.505338	467s
Batch 360k:	ERR= 0.067977	WER= 0.277245	FPR= 0.017550	FNR= 0.017531	CTF= 0.504504	476s
Batch 370k:	ERR= 0.068562	WER= 0.289164	FPR= 0.017461	FNR= 0.017445	CTF= 0.506254	373s
Batch 380k:	ERR= 0.068279	WER= 0.282041	FPR= 0.017357	FNR= 0.017344	CTF= 0.506440	272s
Batch 390k:	ERR= 0.068350	WER= 0.285780	FPR= 0.017310	FNR= 0.017298	CTF= 0.505892	270s
Batch 400k:	ERR= 0.067223	WER= 0.267119	FPR= 0.017293	FNR= 0.017277	CTF= 0.505769	272s
Cycle 3
Exception in thread "main" java.lang.IndexOutOfBoundsException: bitIndex < 0: -89
	at java.base/java.util.BitSet.get(BitSet.java:628)
	at ml.CellNet.pickEdges(CellNet.java:319)
	at ml.CellNet.makeEdgesDense(CellNet.java:262)
	at ml.CellNet.randomize(CellNet.java:135)
	at ml.Trainer.randomNetwork(Trainer.java:1156)
	at ml.Trainer.randomNetwork(Trainer.java:1144)
	at ml.Trainer.randomNetwork(Trainer.java:1139)
	at ml.Trainer.createNetworks(Trainer.java:1128)
	at ml.Trainer.fetchNetworks(Trainer.java:1122)
	at ml.Trainer.runCycle(Trainer.java:954)
	at ml.Trainer.trainNetworks(Trainer.java:916)
	at ml.Trainer.spawnThreads(Trainer.java:872)
	at ml.Trainer.process(Trainer.java:726)
	at ml.Trainer.main(Trainer.java:54)
slurmstepd: error: *** JOB 17733918 ON n0025.dori0 CANCELLED AT 2025-06-19T15:36:53 DUE TO TIME LIMIT ***
