java -ea -Xmx400g -Xms400g -cp /clusterfs/jgi/scratch/gentech/genome_analysis/brandonimstepf/bbmap/current/ ml.Trainer in=../ncbi_100_8f.tsv out=cycles_trained_8dims_400k_ncbi_100_8f_6l_075d_small.bbnet maxdims=356,150,200,90,12,1 mindims=356,50,100,40,5,1 density=0.75 cycles=4 nets=8 -Xmx400g

Loading ../ncbi_100_8f.tsv
Inferring 356 inputs, 1 output, 0 weights.
Data was organized into 207 sets.
Using 64 worker threads, 8 trainer threads, 22 jobs/trainer/batch, 400000 batches, 4 cycles to train 32 networks total.
Cycle 0
Batch 1:	ERR= 0.306729	WER= 2.406075	FPR= 0.201700	FNR= 0.201647	CTF= 0.137511	36.5s
Batch 4:	ERR= 0.294234	WER= 2.311810	FPR= 0.201564	FNR= 0.201515	CTF= 0.147835	14.1s
Batch 16:	ERR= 0.232483	WER= 1.870361	FPR= 0.200542	FNR= 0.200492	CTF= 0.211289	19.6s
Batch 64:	ERR= 0.113920	WER= 0.927301	FPR= 0.196112	FNR= 0.196040	CTF= 0.477845	36.6s
Batch 256:	ERR= 0.105798	WER= 0.662810	FPR= 0.182947	FNR= 0.182727	CTF= 0.386194	44.4s
Batch 1024:	ERR= 0.101742	WER= 0.671589	FPR= 0.144594	FNR= 0.144359	CTF= 0.372198	64.1s
Batch 4096:	ERR= 0.056766	WER= 0.299764	FPR= 0.034680	FNR= 0.034672	CTF= 0.520939	227s
Batch 10k:	ERR= 0.067474	WER= 0.248577	FPR= 0.028302	FNR= 0.028297	CTF= 0.582917	428s
Batch 20k:	ERR= 0.052882	WER= 0.280538	FPR= 0.022365	FNR= 0.022351	CTF= 0.524141	719s
Batch 30k:	ERR= 0.048974	WER= 0.209133	FPR= 0.019419	FNR= 0.019413	CTF= 0.461630	710s
Batch 40k:	ERR= 0.037917	WER= 0.153222	FPR= 0.018344	FNR= 0.018335	CTF= 0.505689	711s
Batch 50k:	ERR= 0.033201	WER= 0.129599	FPR= 0.017693	FNR= 0.017687	CTF= 0.536398	703s
Batch 60k:	ERR= 0.034739	WER= 0.139867	FPR= 0.016995	FNR= 0.016986	CTF= 0.520227	709s
Batch 70k:	ERR= 0.040233	WER= 0.201039	FPR= 0.016805	FNR= 0.016795	CTF= 0.492123	713s
Batch 80k:	ERR= 0.032401	WER= 0.145776	FPR= 0.016220	FNR= 0.016207	CTF= 0.500754	704s
Batch 90k:	ERR= 0.028661	WER= 0.128390	FPR= 0.015869	FNR= 0.015860	CTF= 0.534973	722s
Batch 100k:	ERR= 0.029870	WER= 0.132654	FPR= 0.015300	FNR= 0.015290	CTF= 0.515655	770s
Batch 110k:	ERR= 0.035234	WER= 0.181874	FPR= 0.014805	FNR= 0.014794	CTF= 0.583261	669s
Batch 120k:	ERR= 0.027302	WER= 0.117160	FPR= 0.014342	FNR= 0.014337	CTF= 0.513431	676s
Batch 130k:	ERR= 0.027627	WER= 0.122351	FPR= 0.014141	FNR= 0.014134	CTF= 0.559211	681s
Batch 140k:	ERR= 0.028857	WER= 0.120285	FPR= 0.013523	FNR= 0.013515	CTF= 0.527622	676s
Batch 150k:	ERR= 0.029058	WER= 0.140946	FPR= 0.013234	FNR= 0.013227	CTF= 0.539340	667s
Batch 160k:	ERR= 0.026457	WER= 0.107975	FPR= 0.012909	FNR= 0.012904	CTF= 0.517712	674s
Batch 170k:	ERR= 0.027366	WER= 0.113340	FPR= 0.012677	FNR= 0.012668	CTF= 0.524021	670s
Batch 180k:	ERR= 0.027827	WER= 0.110230	FPR= 0.012412	FNR= 0.012404	CTF= 0.526259	669s
Batch 190k:	ERR= 0.029485	WER= 0.136757	FPR= 0.012391	FNR= 0.012383	CTF= 0.514667	672s
Batch 200k:	ERR= 0.026411	WER= 0.094980	FPR= 0.012041	FNR= 0.012032	CTF= 0.523174	680s
Batch 210k:	ERR= 0.025958	WER= 0.092376	FPR= 0.012103	FNR= 0.012096	CTF= 0.532339	680s
Batch 220k:	ERR= 0.028357	WER= 0.108588	FPR= 0.011966	FNR= 0.011960	CTF= 0.528759	674s
Batch 230k:	ERR= 0.026541	WER= 0.101617	FPR= 0.011674	FNR= 0.011664	CTF= 0.539329	668s
Batch 240k:	ERR= 0.026834	WER= 0.089244	FPR= 0.011705	FNR= 0.011700	CTF= 0.529939	676s
Batch 250k:	ERR= 0.028407	WER= 0.119022	FPR= 0.011720	FNR= 0.011716	CTF= 0.509806	673s
Batch 260k:	ERR= 0.029573	WER= 0.100704	FPR= 0.011425	FNR= 0.011416	CTF= 0.539219	671s
Batch 270k:	ERR= 0.025590	WER= 0.087458	FPR= 0.011265	FNR= 0.011260	CTF= 0.530992	668s
Batch 280k:	ERR= 0.026843	WER= 0.084599	FPR= 0.011387	FNR= 0.011378	CTF= 0.535163	676s
Batch 290k:	ERR= 0.026685	WER= 0.094656	FPR= 0.011109	FNR= 0.011104	CTF= 0.535903	676s
Batch 300k:	ERR= 0.027395	WER= 0.090357	FPR= 0.011014	FNR= 0.011007	CTF= 0.532384	679s
Batch 310k:	ERR= 0.027310	WER= 0.100819	FPR= 0.011094	FNR= 0.011089	CTF= 0.533169	671s
Batch 320k:	ERR= 0.026425	WER= 0.079642	FPR= 0.010923	FNR= 0.010916	CTF= 0.536931	673s
Batch 330k:	ERR= 0.028329	WER= 0.093660	FPR= 0.011048	FNR= 0.011043	CTF= 0.530377	608s
Batch 340k:	ERR= 0.027054	WER= 0.103479	FPR= 0.010744	FNR= 0.010735	CTF= 0.536717	542s
Batch 350k:	ERR= 0.027683	WER= 0.101938	FPR= 0.010803	FNR= 0.010797	CTF= 0.534910	490s
Batch 360k:	ERR= 0.027237	WER= 0.076719	FPR= 0.010727	FNR= 0.010721	CTF= 0.539431	453s
Batch 370k:	ERR= 0.028081	WER= 0.081331	FPR= 0.010753	FNR= 0.010748	CTF= 0.527184	385s
Batch 380k:	ERR= 0.027727	WER= 0.113617	FPR= 0.010669	FNR= 0.010662	CTF= 0.539623	350s
Batch 390k:	ERR= 0.027731	WER= 0.088644	FPR= 0.010710	FNR= 0.010699	CTF= 0.542117	338s
Batch 400k:	ERR= 0.027414	WER= 0.074441	FPR= 0.010603	FNR= 0.010598	CTF= 0.543339	339s
Cycle 1
Batch 1:	ERR= 0.303338	WER= 2.398617	FPR= 0.203092	FNR= 0.203064	CTF= -0.031203	17.8s
Batch 4:	ERR= 0.285684	WER= 2.252012	FPR= 0.202869	FNR= 0.202843	CTF= 0.022103	12.9s
Batch 16:	ERR= 0.218070	WER= 1.770912	FPR= 0.201463	FNR= 0.201426	CTF= 0.195207	17.9s
Batch 64:	ERR= 0.113899	WER= 0.926823	FPR= 0.195003	FNR= 0.194901	CTF= 0.472456	34.1s
Batch 256:	ERR= 0.103283	WER= 0.701319	FPR= 0.182415	FNR= 0.182226	CTF= 0.359467	42.6s
Batch 1024:	ERR= 0.102218	WER= 0.632818	FPR= 0.150801	FNR= 0.150698	CTF= 0.398695	59.7s
Batch 4096:	ERR= 0.056575	WER= 0.236206	FPR= 0.036767	FNR= 0.036760	CTF= 0.470991	204s
Batch 10k:	ERR= 0.199716	WER= 0.668193	FPR= 0.030195	FNR= 0.030174	CTF= 0.402393	385s
Batch 20k:	ERR= 0.050279	WER= 0.220450	FPR= 0.022857	FNR= 0.022843	CTF= 0.523108	644s
Batch 30k:	ERR= 0.044573	WER= 0.173154	FPR= 0.019733	FNR= 0.019723	CTF= 0.527620	644s
Batch 40k:	ERR= 0.035246	WER= 0.117491	FPR= 0.018235	FNR= 0.018229	CTF= 0.515110	643s
Batch 50k:	ERR= 0.037586	WER= 0.192459	FPR= 0.017726	FNR= 0.017717	CTF= 0.583059	641s
Batch 60k:	ERR= 0.034802	WER= 0.148213	FPR= 0.016952	FNR= 0.016945	CTF= 0.519513	640s
Batch 70k:	ERR= 0.036281	WER= 0.169938	FPR= 0.016537	FNR= 0.016527	CTF= 0.491142	642s
Batch 80k:	ERR= 0.033109	WER= 0.148989	FPR= 0.015999	FNR= 0.015990	CTF= 0.511761	639s
Batch 90k:	ERR= 0.028586	WER= 0.134887	FPR= 0.015797	FNR= 0.015788	CTF= 0.543661	651s
Batch 100k:	ERR= 0.029864	WER= 0.136181	FPR= 0.015112	FNR= 0.015103	CTF= 0.512848	716s
Batch 110k:	ERR= 0.034542	WER= 0.168587	FPR= 0.014660	FNR= 0.014651	CTF= 0.553630	615s
Batch 120k:	ERR= 0.028492	WER= 0.122394	FPR= 0.014159	FNR= 0.014151	CTF= 0.512156	613s
Batch 130k:	ERR= 0.027503	WER= 0.105625	FPR= 0.013783	FNR= 0.013777	CTF= 0.528703	608s
Batch 140k:	ERR= 0.029446	WER= 0.120733	FPR= 0.013385	FNR= 0.013377	CTF= 0.532474	612s
Batch 150k:	ERR= 0.029281	WER= 0.122279	FPR= 0.013068	FNR= 0.013060	CTF= 0.541453	609s
Batch 160k:	ERR= 0.026990	WER= 0.108972	FPR= 0.012867	FNR= 0.012859	CTF= 0.518219	607s
Batch 170k:	ERR= 0.026879	WER= 0.098939	FPR= 0.012562	FNR= 0.012557	CTF= 0.507543	605s
Batch 180k:	ERR= 0.029216	WER= 0.123519	FPR= 0.012371	FNR= 0.012363	CTF= 0.517835	607s
Batch 190k:	ERR= 0.027613	WER= 0.097772	FPR= 0.012113	FNR= 0.012105	CTF= 0.536995	608s
Batch 200k:	ERR= 0.026467	WER= 0.093607	FPR= 0.011996	FNR= 0.011990	CTF= 0.522968	612s
Batch 210k:	ERR= 0.027741	WER= 0.114635	FPR= 0.011824	FNR= 0.011821	CTF= 0.498765	614s
Batch 220k:	ERR= 0.027108	WER= 0.105446	FPR= 0.011711	FNR= 0.011703	CTF= 0.524697	608s
Batch 230k:	ERR= 0.026221	WER= 0.092444	FPR= 0.011616	FNR= 0.011612	CTF= 0.534544	608s
Batch 240k:	ERR= 0.025878	WER= 0.086301	FPR= 0.011532	FNR= 0.011525	CTF= 0.526540	607s
Batch 250k:	ERR= 0.027304	WER= 0.113188	FPR= 0.011378	FNR= 0.011373	CTF= 0.522551	610s
Batch 260k:	ERR= 0.027820	WER= 0.108520	FPR= 0.011342	FNR= 0.011337	CTF= 0.534547	610s
Batch 270k:	ERR= 0.025506	WER= 0.083573	FPR= 0.011307	FNR= 0.011298	CTF= 0.541218	607s
Batch 280k:	ERR= 0.025471	WER= 0.080388	FPR= 0.011224	FNR= 0.011216	CTF= 0.533820	607s
Batch 290k:	ERR= 0.028499	WER= 0.101964	FPR= 0.011170	FNR= 0.011162	CTF= 0.519360	608s
Batch 300k:	ERR= 0.026700	WER= 0.100599	FPR= 0.011082	FNR= 0.011077	CTF= 0.535908	610s
Batch 310k:	ERR= 0.027227	WER= 0.090928	FPR= 0.011075	FNR= 0.011069	CTF= 0.535275	608s
Batch 320k:	ERR= 0.025003	WER= 0.076256	FPR= 0.010984	FNR= 0.010980	CTF= 0.535588	616s
Batch 330k:	ERR= 0.026977	WER= 0.075919	FPR= 0.011003	FNR= 0.010996	CTF= 0.543516	556s
Batch 340k:	ERR= 0.026616	WER= 0.080814	FPR= 0.010884	FNR= 0.010877	CTF= 0.544671	552s
Batch 350k:	ERR= 0.027199	WER= 0.082868	FPR= 0.010902	FNR= 0.010894	CTF= 0.542147	535s
Batch 360k:	ERR= 0.025616	WER= 0.073600	FPR= 0.010850	FNR= 0.010845	CTF= 0.540211	497s
Batch 370k:	ERR= 0.025846	WER= 0.071574	FPR= 0.010791	FNR= 0.010783	CTF= 0.547235	460s
Batch 380k:	ERR= 0.025879	WER= 0.077699	FPR= 0.010777	FNR= 0.010773	CTF= 0.544076	433s
Batch 390k:	ERR= 0.027623	WER= 0.084600	FPR= 0.010765	FNR= 0.010758	CTF= 0.538127	414s
Batch 400k:	ERR= 0.027128	WER= 0.072272	FPR= 0.010723	FNR= 0.010714	CTF= 0.541917	344s
Cycle 2
Batch 1:	ERR= 0.156125	WER= 1.486622	FPR= 0.199792	FNR= 0.199750	CTF= 0.096773	18.8s
Batch 4:	ERR= 0.145565	WER= 1.372284	FPR= 0.199658	FNR= 0.199609	CTF= 0.139473	15.6s
Batch 16:	ERR= 0.109547	WER= 0.893860	FPR= 0.199353	FNR= 0.199294	CTF= 0.365421	20.2s
Batch 64:	ERR= 0.114035	WER= 0.923902	FPR= 0.197850	FNR= 0.197773	CTF= 0.474407	42.4s
Batch 256:	ERR= 0.106073	WER= 0.655000	FPR= 0.184111	FNR= 0.183894	CTF= 0.391047	53.8s
Batch 1024:	ERR= 0.103654	WER= 0.624191	FPR= 0.147857	FNR= 0.147676	CTF= 0.405384	73.1s
Batch 4096:	ERR= 0.049452	WER= 0.295754	FPR= 0.036586	FNR= 0.036577	CTF= 0.453403	257s
Batch 10k:	ERR= 0.095951	WER= 0.367098	FPR= 0.029897	FNR= 0.029894	CTF= 0.391963	484s
Batch 20k:	ERR= 0.103881	WER= 0.221214	FPR= 0.022455	FNR= 0.022446	CTF= 0.500064	825s
Batch 30k:	ERR= 0.047741	WER= 0.227565	FPR= 0.019435	FNR= 0.019424	CTF= 0.451018	810s
Batch 40k:	ERR= 0.037289	WER= 0.149972	FPR= 0.017925	FNR= 0.017914	CTF= 0.530359	813s
Batch 50k:	ERR= 0.039331	WER= 0.159421	FPR= 0.017318	FNR= 0.017312	CTF= 0.510175	813s
Batch 60k:	ERR= 0.034980	WER= 0.148406	FPR= 0.016700	FNR= 0.016690	CTF= 0.519198	810s
Batch 70k:	ERR= 0.038311	WER= 0.204166	FPR= 0.016206	FNR= 0.016197	CTF= 0.482669	813s
Batch 80k:	ERR= 0.032645	WER= 0.129622	FPR= 0.015498	FNR= 0.015491	CTF= 0.514534	807s
Batch 90k:	ERR= 0.035087	WER= 0.122777	FPR= 0.015223	FNR= 0.015217	CTF= 0.520205	833s
Batch 100k:	ERR= 0.029492	WER= 0.121181	FPR= 0.014508	FNR= 0.014501	CTF= 0.512173	882s
Batch 110k:	ERR= 0.031980	WER= 0.149654	FPR= 0.013998	FNR= 0.013989	CTF= 0.492168	782s
Batch 120k:	ERR= 0.028655	WER= 0.116072	FPR= 0.013465	FNR= 0.013458	CTF= 0.515492	781s
Batch 130k:	ERR= 0.027390	WER= 0.102875	FPR= 0.013202	FNR= 0.013196	CTF= 0.529945	772s
Batch 140k:	ERR= 0.029484	WER= 0.113945	FPR= 0.012881	FNR= 0.012872	CTF= 0.526423	769s
Batch 150k:	ERR= 0.028093	WER= 0.100256	FPR= 0.012325	FNR= 0.012318	CTF= 0.536279	777s
Batch 160k:	ERR= 0.026885	WER= 0.095730	FPR= 0.012089	FNR= 0.012084	CTF= 0.523608	774s
Batch 170k:	ERR= 0.028817	WER= 0.120019	FPR= 0.011875	FNR= 0.011871	CTF= 0.510485	777s
Batch 180k:	ERR= 0.028672	WER= 0.099812	FPR= 0.011653	FNR= 0.011646	CTF= 0.528624	774s
Batch 190k:	ERR= 0.027565	WER= 0.088473	FPR= 0.011445	FNR= 0.011437	CTF= 0.547337	770s
Batch 200k:	ERR= 0.028708	WER= 0.085442	FPR= 0.011288	FNR= 0.011282	CTF= 0.528081	778s
Batch 210k:	ERR= 0.029623	WER= 0.107436	FPR= 0.011018	FNR= 0.011014	CTF= 0.507605	785s
Batch 220k:	ERR= 0.028941	WER= 0.092928	FPR= 0.010922	FNR= 0.010916	CTF= 0.527391	779s
Batch 230k:	ERR= 0.028883	WER= 0.084110	FPR= 0.010786	FNR= 0.010779	CTF= 0.529414	778s
Batch 240k:	ERR= 0.028710	WER= 0.076819	FPR= 0.010719	FNR= 0.010712	CTF= 0.534915	779s
Batch 250k:	ERR= 0.028736	WER= 0.078515	FPR= 0.010585	FNR= 0.010581	CTF= 0.529538	775s
Batch 260k:	ERR= 0.030202	WER= 0.084685	FPR= 0.010474	FNR= 0.010469	CTF= 0.533504	774s
Batch 270k:	ERR= 0.028708	WER= 0.075956	FPR= 0.010496	FNR= 0.010490	CTF= 0.536425	767s
Batch 280k:	ERR= 0.029232	WER= 0.072849	FPR= 0.010320	FNR= 0.010314	CTF= 0.534316	770s
Batch 290k:	ERR= 0.028650	WER= 0.078585	FPR= 0.010459	FNR= 0.010454	CTF= 0.534654	769s
Batch 300k:	ERR= 0.029962	WER= 0.082711	FPR= 0.010127	FNR= 0.010120	CTF= 0.537809	783s
Batch 310k:	ERR= 0.029878	WER= 0.085610	FPR= 0.010213	FNR= 0.010206	CTF= 0.529586	780s
Batch 320k:	ERR= 0.029636	WER= 0.071142	FPR= 0.009952	FNR= 0.009947	CTF= 0.536366	779s
Batch 330k:	ERR= 0.030491	WER= 0.083543	FPR= 0.009969	FNR= 0.009962	CTF= 0.534586	718s
Batch 340k:	ERR= 0.029679	WER= 0.075216	FPR= 0.009862	FNR= 0.009855	CTF= 0.535979	700s
Batch 350k:	ERR= 0.030455	WER= 0.076417	FPR= 0.009809	FNR= 0.009801	CTF= 0.536903	636s
Batch 360k:	ERR= 0.029919	WER= 0.066372	FPR= 0.009811	FNR= 0.009805	CTF= 0.540827	513s
Batch 370k:	ERR= 0.030225	WER= 0.067990	FPR= 0.009711	FNR= 0.009706	CTF= 0.541454	475s
Batch 380k:	ERR= 0.030391	WER= 0.080006	FPR= 0.009577	FNR= 0.009570	CTF= 0.536991	447s
Batch 390k:	ERR= 0.030418	WER= 0.075270	FPR= 0.009575	FNR= 0.009571	CTF= 0.537883	438s
Batch 400k:	ERR= 0.030333	WER= 0.066138	FPR= 0.009555	FNR= 0.009550	CTF= 0.540832	390s
Cycle 3
Batch 1:	ERR= 0.305554	WER= 2.460361	FPR= 0.193569	FNR= 0.193530	CTF= -0.138619	15.6s
Batch 4:	ERR= 0.287421	WER= 2.334252	FPR= 0.193386	FNR= 0.193350	CTF= -0.103598	10.5s
Batch 16:	ERR= 0.170506	WER= 1.496375	FPR= 0.191773	FNR= 0.191729	CTF= 0.155607	15.6s
Batch 64:	ERR= 0.113596	WER= 0.908664	FPR= 0.188153	FNR= 0.188074	CTF= 0.475782	31.5s
Batch 256:	ERR= 0.104043	WER= 0.683161	FPR= 0.173514	FNR= 0.173351	CTF= 0.377702	40.8s
Batch 1024:	ERR= 0.102637	WER= 0.633534	FPR= 0.142191	FNR= 0.142056	CTF= 0.396870	55.7s
Batch 4096:	ERR= 0.117994	WER= 0.497264	FPR= 0.035584	FNR= 0.035575	CTF= 0.464695	192s
Batch 10k:	ERR= 0.064232	WER= 0.423973	FPR= 0.029202	FNR= 0.029127	CTF= 0.770795	365s
Batch 20k:	ERR= 0.106083	WER= 0.268747	FPR= 0.023599	FNR= 0.023591	CTF= 0.493930	608s
Batch 30k:	ERR= 0.055944	WER= 0.257183	FPR= 0.020073	FNR= 0.020063	CTF= 0.424536	611s
Batch 40k:	ERR= 0.038051	WER= 0.138633	FPR= 0.018746	FNR= 0.018741	CTF= 0.502762	613s
Batch 50k:	ERR= 0.044508	WER= 0.156287	FPR= 0.018189	FNR= 0.018183	CTF= 0.471606	610s
Batch 60k:	ERR= 0.043496	WER= 0.199542	FPR= 0.017640	FNR= 0.017630	CTF= 0.503251	616s
Batch 70k:	ERR= 0.040964	WER= 0.199367	FPR= 0.017176	FNR= 0.017165	CTF= 0.486981	609s
Batch 80k:	ERR= 0.036388	WER= 0.161065	FPR= 0.016743	FNR= 0.016733	CTF= 0.509480	611s
Batch 90k:	ERR= 0.032450	WER= 0.125578	FPR= 0.016451	FNR= 0.016445	CTF= 0.563041	626s
Batch 100k:	ERR= 0.031162	WER= 0.128446	FPR= 0.015915	FNR= 0.015906	CTF= 0.513020	672s
Batch 110k:	ERR= 0.035448	WER= 0.177573	FPR= 0.015489	FNR= 0.015477	CTF= 0.548376	579s
Batch 120k:	ERR= 0.030336	WER= 0.131070	FPR= 0.015006	FNR= 0.014998	CTF= 0.510714	580s
Batch 130k:	ERR= 0.030464	WER= 0.133264	FPR= 0.014684	FNR= 0.014677	CTF= 0.561721	581s
Batch 140k:	ERR= 0.031884	WER= 0.128880	FPR= 0.014211	FNR= 0.014202	CTF= 0.527097	578s
Batch 150k:	ERR= 0.035016	WER= 0.156065	FPR= 0.014038	FNR= 0.014029	CTF= 0.537656	576s
Batch 160k:	ERR= 0.028972	WER= 0.119536	FPR= 0.013597	FNR= 0.013592	CTF= 0.515924	583s
Batch 170k:	ERR= 0.029347	WER= 0.118259	FPR= 0.013314	FNR= 0.013308	CTF= 0.536331	582s
Batch 180k:	ERR= 0.032126	WER= 0.131170	FPR= 0.013113	FNR= 0.013104	CTF= 0.520601	583s
Batch 190k:	ERR= 0.031432	WER= 0.129937	FPR= 0.013021	FNR= 0.013015	CTF= 0.531013	582s
Batch 200k:	ERR= 0.028655	WER= 0.105589	FPR= 0.012779	FNR= 0.012775	CTF= 0.518106	581s
Batch 210k:	ERR= 0.029395	WER= 0.121286	FPR= 0.012623	FNR= 0.012619	CTF= 0.510056	584s
Batch 220k:	ERR= 0.029869	WER= 0.107779	FPR= 0.012412	FNR= 0.012407	CTF= 0.524981	580s
Batch 230k:	ERR= 0.028919	WER= 0.112624	FPR= 0.012232	FNR= 0.012225	CTF= 0.519208	579s
Batch 240k:	ERR= 0.028728	WER= 0.100754	FPR= 0.012162	FNR= 0.012155	CTF= 0.524136	579s
Batch 250k:	ERR= 0.031078	WER= 0.128027	FPR= 0.012040	FNR= 0.012035	CTF= 0.506173	581s
Batch 260k:	ERR= 0.029964	WER= 0.109540	FPR= 0.011876	FNR= 0.011870	CTF= 0.530999	585s
Batch 270k:	ERR= 0.027705	WER= 0.092500	FPR= 0.011810	FNR= 0.011804	CTF= 0.536733	582s
Batch 280k:	ERR= 0.027469	WER= 0.091419	FPR= 0.011731	FNR= 0.011724	CTF= 0.528201	579s
Batch 290k:	ERR= 0.030687	WER= 0.100482	FPR= 0.011642	FNR= 0.011636	CTF= 0.529060	581s
Batch 300k:	ERR= 0.028507	WER= 0.101080	FPR= 0.011524	FNR= 0.011517	CTF= 0.533063	580s
Batch 310k:	ERR= 0.028985	WER= 0.128081	FPR= 0.011535	FNR= 0.011526	CTF= 0.531274	581s
Batch 320k:	ERR= 0.027104	WER= 0.090404	FPR= 0.011489	FNR= 0.011484	CTF= 0.529815	581s
Batch 330k:	ERR= 0.027654	WER= 0.083534	FPR= 0.011417	FNR= 0.011412	CTF= 0.537691	583s
Batch 340k:	ERR= 0.027389	WER= 0.097708	FPR= 0.011313	FNR= 0.011307	CTF= 0.538160	544s
Batch 350k:	ERR= 0.028011	WER= 0.097159	FPR= 0.011332	FNR= 0.011324	CTF= 0.535338	419s
Batch 360k:	ERR= 0.027344	WER= 0.082922	FPR= 0.011291	FNR= 0.011285	CTF= 0.538055	384s
Batch 370k:	ERR= 0.029313	WER= 0.089069	FPR= 0.011214	FNR= 0.011209	CTF= 0.539837	362s
Batch 380k:	ERR= 0.027746	WER= 0.091752	FPR= 0.011186	FNR= 0.011181	CTF= 0.541131	361s
Batch 390k:	ERR= 0.027455	WER= 0.094306	FPR= 0.011169	FNR= 0.011163	CTF= 0.537780	352s
Batch 400k:	ERR= 0.027249	WER= 0.077424	FPR= 0.011159	FNR= 0.011152	CTF= 0.540088	332s

Best:		ERR= 0.031977	WER= 0.087143	FPR= 0.009317	FNR= 0.009314	CTF= 0.527149
Final:		ERR= 0.032772	WER= 0.059605	FPR= 0.009329	FNR= 0.009323	CTF= 0.545750
Average:  	ERR= 0.027520	WER= 0.068875	FPR= 0.010113	FNR= 0.010107	CTF= 0.541878

Best Dims:	[356, 113, 138, 66, 9, 1]
Final Dims:	[356, 139, 162, 58, 9, 1]
Average Dims:  	[356, 130, 136, 64, 9, 1]

Best Seed:	6176596382702104559
Time:                         	101827.884 seconds.
Lines Processed:      72306m 	710.08k lines/sec
Edges Processed:       3191t 	31338.78m edges/sec

Lines In:          	10213599
Lines Out:         	24578
Bytes Out:         	35444616
