java -ea -Xmx400g -Xms400g -cp /clusterfs/jgi/scratch/gentech/genome_analysis/brandonimstepf/bbmap/current/ ml.Trainer in=ncbi_100_fixed.tsv out=cycles_trained_5dims_400k_d075_ncbi_100.bbnet maxdims=353,270,180,90,1 mindims=353,100,90,10,1 cycles=4 nets=8 density=0.75 -Xmx400g

Loading ncbi_100_fixed.tsv
Inferring 353 inputs, 1 output, 0 weights.
Data was organized into 208 sets.
Using 64 worker threads, 8 trainer threads, 22 jobs/trainer/batch, 400000 batches, 4 cycles to train 32 networks total.
Cycle 0
Batch 1:	ERR= 0.304001	WER= 2.720906	FPR= 0.196586	FNR= 0.196570	CTF= 0.473351	68.9s
Batch 4:	ERR= 0.265409	WER= 2.404784	FPR= 0.196608	FNR= 0.196595	CTF= 0.513096	18.5s
Batch 16:	ERR= 0.209376	WER= 1.863370	FPR= 0.196400	FNR= 0.196388	CTF= 0.654803	27.8s
Batch 64:	ERR= 0.130727	WER= 1.164694	FPR= 0.188775	FNR= 0.188755	CTF= 0.544742	52.1s
Batch 256:	ERR= 0.149731	WER= 1.354435	FPR= 0.154223	FNR= 0.154180	CTF= 0.415785	68.6s
Batch 1024:	ERR= 0.089242	WER= 0.686920	FPR= 0.121987	FNR= 0.121949	CTF= 0.365302	97.6s
Batch 4096:	ERR= 0.112570	WER= 0.418187	FPR= 0.048729	FNR= 0.048720	CTF= 0.402187	342s
Batch 10k:	ERR= 0.193992	WER= 0.680847	FPR= 0.041803	FNR= 0.041799	CTF= 0.536293	653s
Batch 20k:	ERR= 0.067692	WER= 0.314182	FPR= 0.031745	FNR= 0.031736	CTF= 0.442882	1068s
Batch 30k:	ERR= 0.068992	WER= 0.350825	FPR= 0.028826	FNR= 0.028814	CTF= 0.421811	1059s
Batch 40k:	ERR= 0.058131	WER= 0.211345	FPR= 0.027933	FNR= 0.027925	CTF= 0.479335	1062s
Batch 50k:	ERR= 0.055401	WER= 0.228353	FPR= 0.027285	FNR= 0.027275	CTF= 0.512155	1062s
Batch 60k:	ERR= 0.057257	WER= 0.278000	FPR= 0.026846	FNR= 0.026831	CTF= 0.473823	1056s
Batch 70k:	ERR= 0.051055	WER= 0.227716	FPR= 0.026424	FNR= 0.026411	CTF= 0.535626	1054s
Batch 80k:	ERR= 0.054562	WER= 0.284518	FPR= 0.025939	FNR= 0.025919	CTF= 0.508434	1073s
Batch 90k:	ERR= 0.067424	WER= 0.474910	FPR= 0.025889	FNR= 0.025852	CTF= 0.541840	1083s
Batch 100k:	ERR= 0.058172	WER= 0.344527	FPR= 0.024956	FNR= 0.024922	CTF= 0.501157	1127s
Batch 110k:	ERR= 0.064274	WER= 0.407193	FPR= 0.024323	FNR= 0.024288	CTF= 0.505634	1013s
Batch 120k:	ERR= 0.063621	WER= 0.381218	FPR= 0.023832	FNR= 0.023800	CTF= 0.504439	1004s
Batch 130k:	ERR= 0.066640	WER= 0.444374	FPR= 0.023222	FNR= 0.023179	CTF= 0.505734	1015s
Batch 140k:	ERR= 0.063808	WER= 0.378295	FPR= 0.022885	FNR= 0.022854	CTF= 0.507798	1022s
Batch 150k:	ERR= 0.063679	WER= 0.392249	FPR= 0.022370	FNR= 0.022326	CTF= 0.505517	1002s
Batch 160k:	ERR= 0.061163	WER= 0.338827	FPR= 0.022063	FNR= 0.022032	CTF= 0.510962	1003s
Batch 170k:	ERR= 0.062705	WER= 0.390060	FPR= 0.021593	FNR= 0.021558	CTF= 0.505977	1005s
Batch 180k:	ERR= 0.060718	WER= 0.350878	FPR= 0.021244	FNR= 0.021216	CTF= 0.506916	1003s
Batch 190k:	ERR= 0.059784	WER= 0.345259	FPR= 0.020850	FNR= 0.020827	CTF= 0.505328	1010s
Batch 200k:	ERR= 0.058286	WER= 0.318933	FPR= 0.020730	FNR= 0.020710	CTF= 0.509707	1014s
Batch 210k:	ERR= 0.059869	WER= 0.358926	FPR= 0.020333	FNR= 0.020306	CTF= 0.506650	1018s
Batch 220k:	ERR= 0.058109	WER= 0.323328	FPR= 0.020206	FNR= 0.020181	CTF= 0.505575	1005s
Batch 230k:	ERR= 0.057450	WER= 0.314766	FPR= 0.019923	FNR= 0.019901	CTF= 0.505041	1005s
Batch 240k:	ERR= 0.056746	WER= 0.301229	FPR= 0.019722	FNR= 0.019702	CTF= 0.510851	1009s
Batch 250k:	ERR= 0.056581	WER= 0.307854	FPR= 0.019446	FNR= 0.019427	CTF= 0.507578	1015s
Batch 260k:	ERR= 0.056592	WER= 0.306444	FPR= 0.019297	FNR= 0.019283	CTF= 0.506191	1026s
Batch 270k:	ERR= 0.056127	WER= 0.300235	FPR= 0.019050	FNR= 0.019033	CTF= 0.505697	1021s
Batch 280k:	ERR= 0.054979	WER= 0.269092	FPR= 0.018963	FNR= 0.018947	CTF= 0.509816	1014s
Batch 290k:	ERR= 0.055631	WER= 0.285714	FPR= 0.018678	FNR= 0.018657	CTF= 0.507138	981s
Batch 300k:	ERR= 0.055358	WER= 0.275242	FPR= 0.018505	FNR= 0.018486	CTF= 0.507443	831s
Batch 310k:	ERR= 0.055663	WER= 0.272914	FPR= 0.018425	FNR= 0.018411	CTF= 0.508582	802s
Batch 320k:	ERR= 0.054860	WER= 0.249538	FPR= 0.018325	FNR= 0.018310	CTF= 0.510730	762s
Batch 330k:	ERR= 0.056204	WER= 0.271205	FPR= 0.018183	FNR= 0.018170	CTF= 0.509303	732s
Batch 340k:	ERR= 0.055815	WER= 0.257609	FPR= 0.017968	FNR= 0.017951	CTF= 0.511986	653s
Batch 350k:	ERR= 0.056187	WER= 0.263234	FPR= 0.017845	FNR= 0.017829	CTF= 0.510393	577s
Batch 360k:	ERR= 0.055607	WER= 0.242881	FPR= 0.017821	FNR= 0.017807	CTF= 0.511267	551s
Batch 370k:	ERR= 0.055954	WER= 0.250692	FPR= 0.017629	FNR= 0.017615	CTF= 0.511346	543s
Batch 380k:	ERR= 0.055892	WER= 0.247662	FPR= 0.017535	FNR= 0.017520	CTF= 0.510744	543s
Batch 390k:	ERR= 0.056028	WER= 0.249357	FPR= 0.017479	FNR= 0.017465	CTF= 0.510064	545s
Batch 400k:	ERR= 0.055335	WER= 0.235078	FPR= 0.017429	FNR= 0.017412	CTF= 0.512525	545s
Cycle 1
Batch 1:	ERR= 0.579025	WER= 4.059782	FPR= 0.205916	FNR= 0.205909	CTF= -0.201979	26.4s
Batch 4:	ERR= 0.471607	WER= 3.476405	FPR= 0.205776	FNR= 0.205769	CTF= 0.014414	22.0s
Batch 16:	ERR= 0.235270	WER= 2.148237	FPR= 0.203595	FNR= 0.203587	CTF= 0.660125	31.7s
Batch 64:	ERR= 0.148608	WER= 1.344462	FPR= 0.186200	FNR= 0.186187	CTF= 0.579861	59.1s
Batch 256:	ERR= 0.207040	WER= 2.075901	FPR= 0.151251	FNR= 0.151201	CTF= 0.363391	71.3s
Batch 1024:	ERR= 0.082564	WER= 0.667149	FPR= 0.104863	FNR= 0.104837	CTF= 0.362914	101s
Batch 4096:	ERR= 0.095355	WER= 0.360517	FPR= 0.049958	FNR= 0.049948	CTF= 0.458512	360s
Batch 10k:	ERR= 0.066232	WER= 0.307992	FPR= 0.041028	FNR= 0.041020	CTF= 0.465528	679s
Batch 20k:	ERR= 0.066664	WER= 0.223190	FPR= 0.031770	FNR= 0.031762	CTF= 0.442175	1136s
Batch 30k:	ERR= 0.066062	WER= 0.394222	FPR= 0.028740	FNR= 0.028731	CTF= 0.420286	1125s
Batch 40k:	ERR= 0.055935	WER= 0.221394	FPR= 0.027736	FNR= 0.027721	CTF= 0.490568	1131s
Batch 50k:	ERR= 0.059063	WER= 0.271620	FPR= 0.027190	FNR= 0.027183	CTF= 0.515396	1134s
Batch 60k:	ERR= 0.057874	WER= 0.254790	FPR= 0.026935	FNR= 0.026923	CTF= 0.472125	1137s
Batch 70k:	ERR= 0.052642	WER= 0.249602	FPR= 0.026163	FNR= 0.026148	CTF= 0.504159	1135s
Batch 80k:	ERR= 0.050852	WER= 0.231948	FPR= 0.025481	FNR= 0.025465	CTF= 0.517968	1136s
Batch 90k:	ERR= 0.064692	WER= 0.452188	FPR= 0.024959	FNR= 0.024916	CTF= 0.505520	1143s
Batch 100k:	ERR= 0.059692	WER= 0.371054	FPR= 0.024274	FNR= 0.024243	CTF= 0.504758	1237s
Batch 110k:	ERR= 0.060088	WER= 0.391768	FPR= 0.024212	FNR= 0.024175	CTF= 0.533287	1080s
Batch 120k:	ERR= 0.061139	WER= 0.343846	FPR= 0.023211	FNR= 0.023183	CTF= 0.509973	1074s
Batch 130k:	ERR= 0.064147	WER= 0.418039	FPR= 0.022576	FNR= 0.022535	CTF= 0.505937	1071s
Batch 140k:	ERR= 0.060948	WER= 0.351721	FPR= 0.022080	FNR= 0.022052	CTF= 0.508566	1063s
Batch 150k:	ERR= 0.059899	WER= 0.363642	FPR= 0.021651	FNR= 0.021625	CTF= 0.506083	1074s
Batch 160k:	ERR= 0.056929	WER= 0.297199	FPR= 0.021247	FNR= 0.021227	CTF= 0.513340	1083s
Batch 170k:	ERR= 0.058653	WER= 0.350085	FPR= 0.020808	FNR= 0.020776	CTF= 0.506982	1082s
Batch 180k:	ERR= 0.056917	WER= 0.302660	FPR= 0.020451	FNR= 0.020430	CTF= 0.512563	1070s
Batch 190k:	ERR= 0.054910	WER= 0.292711	FPR= 0.020195	FNR= 0.020174	CTF= 0.507993	1071s
Batch 200k:	ERR= 0.054055	WER= 0.263788	FPR= 0.019830	FNR= 0.019811	CTF= 0.512697	1068s
Batch 210k:	ERR= 0.055452	WER= 0.302191	FPR= 0.019440	FNR= 0.019421	CTF= 0.508268	1082s
Batch 220k:	ERR= 0.053992	WER= 0.275885	FPR= 0.019042	FNR= 0.019022	CTF= 0.509582	1081s
Batch 230k:	ERR= 0.053799	WER= 0.261755	FPR= 0.018816	FNR= 0.018800	CTF= 0.509490	1071s
Batch 240k:	ERR= 0.052783	WER= 0.244679	FPR= 0.018599	FNR= 0.018585	CTF= 0.514222	1066s
Batch 250k:	ERR= 0.053052	WER= 0.253404	FPR= 0.018334	FNR= 0.018319	CTF= 0.510638	1070s
Batch 260k:	ERR= 0.053286	WER= 0.257160	FPR= 0.018173	FNR= 0.018158	CTF= 0.508379	1069s
Batch 270k:	ERR= 0.052776	WER= 0.245886	FPR= 0.017943	FNR= 0.017927	CTF= 0.511223	1076s
Batch 280k:	ERR= 0.051620	WER= 0.213266	FPR= 0.017914	FNR= 0.017902	CTF= 0.514257	1087s
Batch 290k:	ERR= 0.052244	WER= 0.228140	FPR= 0.017524	FNR= 0.017512	CTF= 0.513220	1078s
Batch 300k:	ERR= 0.052046	WER= 0.226488	FPR= 0.017385	FNR= 0.017372	CTF= 0.509641	1069s
Batch 310k:	ERR= 0.052301	WER= 0.218884	FPR= 0.017222	FNR= 0.017211	CTF= 0.510331	975s
Batch 320k:	ERR= 0.051518	WER= 0.196015	FPR= 0.017115	FNR= 0.017103	CTF= 0.514976	988s
Batch 330k:	ERR= 0.052410	WER= 0.210443	FPR= 0.016944	FNR= 0.016933	CTF= 0.512482	906s
Batch 340k:	ERR= 0.052106	WER= 0.196583	FPR= 0.016819	FNR= 0.016810	CTF= 0.513772	878s
Batch 350k:	ERR= 0.052830	WER= 0.202480	FPR= 0.016734	FNR= 0.016723	CTF= 0.512360	854s
Batch 360k:	ERR= 0.052198	WER= 0.182176	FPR= 0.016645	FNR= 0.016637	CTF= 0.516203	694s
Batch 370k:	ERR= 0.052992	WER= 0.191632	FPR= 0.016421	FNR= 0.016410	CTF= 0.512830	610s
Batch 380k:	ERR= 0.052600	WER= 0.180092	FPR= 0.016347	FNR= 0.016335	CTF= 0.516610	609s
Batch 390k:	ERR= 0.053241	WER= 0.185986	FPR= 0.016300	FNR= 0.016291	CTF= 0.515809	565s
Batch 400k:	ERR= 0.053043	WER= 0.171119	FPR= 0.016172	FNR= 0.016162	CTF= 0.518431	548s
Cycle 2
Batch 1:	ERR= 0.410210	WER= 3.134364	FPR= 0.195912	FNR= 0.195898	CTF= -0.158497	22.7s
Batch 4:	ERR= 0.333984	WER= 2.680037	FPR= 0.195642	FNR= 0.195628	CTF= 0.011061	17.5s
Batch 16:	ERR= 0.177569	WER= 1.607551	FPR= 0.194440	FNR= 0.194421	CTF= 0.506045	28.0s
Batch 64:	ERR= 0.124567	WER= 1.084258	FPR= 0.188590	FNR= 0.188557	CTF= 0.520302	53.5s
Batch 256:	ERR= 0.130173	WER= 1.296798	FPR= 0.159233	FNR= 0.159188	CTF= 0.265500	65.3s
Batch 1024:	ERR= 0.096995	WER= 0.733730	FPR= 0.116133	FNR= 0.116088	CTF= 0.359387	99.6s
Batch 4096:	ERR= 0.058150	WER= 0.389802	FPR= 0.046459	FNR= 0.046447	CTF= 0.408399	353s
Batch 10k:	ERR= 0.222123	WER= 0.694215	FPR= 0.039015	FNR= 0.039010	CTF= 0.468848	663s
Batch 20k:	ERR= 0.062522	WER= 0.247505	FPR= 0.031957	FNR= 0.031945	CTF= 0.439481	1077s
Batch 30k:	ERR= 0.063423	WER= 0.339518	FPR= 0.029074	FNR= 0.029060	CTF= 0.452214	1074s
Batch 40k:	ERR= 0.056864	WER= 0.213824	FPR= 0.027737	FNR= 0.027728	CTF= 0.488084	1073s
Batch 50k:	ERR= 0.053711	WER= 0.199310	FPR= 0.027612	FNR= 0.027603	CTF= 0.515505	1070s
Batch 60k:	ERR= 0.061622	WER= 0.308607	FPR= 0.027395	FNR= 0.027383	CTF= 0.451963	1068s
Batch 70k:	ERR= 0.055280	WER= 0.253265	FPR= 0.026306	FNR= 0.026292	CTF= 0.481874	1065s
slurmstepd: error: *** JOB 17743798 ON n0004.dori0 CANCELLED AT 2025-06-21T10:53:57 DUE TO TIME LIMIT ***
