java -ea -Xmx400g -Xms400g -cp /clusterfs/jgi/scratch/gentech/genome_analysis/brandonimstepf/bbmap/current/ ml.Trainer in=ncbi_100_fixed.tsv out=cycles_trained.bbnet maxdims=353,180,90,1 mindims=353,120,45,1 cycles=4 nets=8 -Xmx400g

Loading ncbi_100_fixed.tsv
Inferring 353 inputs, 1 output, 0 weights.
Data was organized into 208 sets.
Using 64 worker threads, 8 trainer threads, 22 jobs/trainer/batch, 400000 batches, 4 cycles to train 32 networks total.
Cycle 0
Batch 1:	ERR= 0.333805	WER= 2.641507	FPR= 0.195564	FNR= 0.195558	CTF= 0.259663	31.7s
Batch 4:	ERR= 0.289938	WER= 2.382984	FPR= 0.195090	FNR= 0.195083	CTF= 0.395542	13.2s
Batch 16:	ERR= 0.215209	WER= 1.962188	FPR= 0.192771	FNR= 0.192762	CTF= 0.663364	18.4s
Batch 64:	ERR= 0.140118	WER= 1.264466	FPR= 0.179844	FNR= 0.179830	CTF= 0.575816	35.8s
Batch 256:	ERR= 0.143755	WER= 1.382062	FPR= 0.134407	FNR= 0.134380	CTF= 0.506883	42.1s
Batch 1024:	ERR= 0.087032	WER= 0.653547	FPR= 0.099137	FNR= 0.099099	CTF= 0.371942	57.5s
Batch 4096:	ERR= 0.056155	WER= 0.329381	FPR= 0.051102	FNR= 0.051092	CTF= 0.438589	186s
Batch 10k:	ERR= 0.195998	WER= 1.018741	FPR= 0.040988	FNR= 0.040985	CTF= 0.743637	353s
Batch 20k:	ERR= 0.105507	WER= 0.709209	FPR= 0.035179	FNR= 0.035172	CTF= 0.582879	580s
Batch 30k:	ERR= 0.069196	WER= 0.260532	FPR= 0.029427	FNR= 0.029417	CTF= 0.424865	571s
Batch 40k:	ERR= 0.062951	WER= 0.228445	FPR= 0.027894	FNR= 0.027884	CTF= 0.461868	569s
Batch 50k:	ERR= 0.062859	WER= 0.272788	FPR= 0.027371	FNR= 0.027360	CTF= 0.432652	574s
Batch 60k:	ERR= 0.064083	WER= 0.272774	FPR= 0.026759	FNR= 0.026746	CTF= 0.475255	573s
Batch 70k:	ERR= 0.055786	WER= 0.217447	FPR= 0.026195	FNR= 0.026186	CTF= 0.488684	562s
Batch 80k:	ERR= 0.059253	WER= 0.245525	FPR= 0.025435	FNR= 0.025420	CTF= 0.482493	573s
Batch 90k:	ERR= 0.063715	WER= 0.333008	FPR= 0.025107	FNR= 0.025088	CTF= 0.477797	575s
Batch 100k:	ERR= 0.065913	WER= 0.353765	FPR= 0.024477	FNR= 0.024453	CTF= 0.492018	679s
Batch 110k:	ERR= 0.067806	WER= 0.404794	FPR= 0.023993	FNR= 0.023974	CTF= 0.507814	551s
Batch 120k:	ERR= 0.065872	WER= 0.328924	FPR= 0.023195	FNR= 0.023172	CTF= 0.491083	547s
Batch 130k:	ERR= 0.072756	WER= 0.430848	FPR= 0.022589	FNR= 0.022557	CTF= 0.506493	543s
Batch 140k:	ERR= 0.070593	WER= 0.394664	FPR= 0.022004	FNR= 0.021974	CTF= 0.499745	547s
Batch 150k:	ERR= 0.072022	WER= 0.410549	FPR= 0.021591	FNR= 0.021561	CTF= 0.506102	542s
Batch 160k:	ERR= 0.068910	WER= 0.359589	FPR= 0.021297	FNR= 0.021274	CTF= 0.495020	541s
Batch 170k:	ERR= 0.072234	WER= 0.410782	FPR= 0.020746	FNR= 0.020719	CTF= 0.506176	541s
Batch 180k:	ERR= 0.070429	WER= 0.373176	FPR= 0.020514	FNR= 0.020493	CTF= 0.502181	546s
Batch 190k:	ERR= 0.070717	WER= 0.368020	FPR= 0.020143	FNR= 0.020119	CTF= 0.506363	545s
Batch 200k:	ERR= 0.068956	WER= 0.342395	FPR= 0.020022	FNR= 0.020002	CTF= 0.498086	551s
Batch 210k:	ERR= 0.071210	WER= 0.376653	FPR= 0.019660	FNR= 0.019640	CTF= 0.506099	550s
./bbmap/train.sh: line 170: 2336438 Killed                  java -ea -Xmx400g -Xms400g -cp /clusterfs/jgi/scratch/gentech/genome_analysis/brandonimstepf/bbmap/current/ ml.Trainer in=ncbi_100_fixed.tsv out=cycles_trained.bbnet maxdims=353,180,90,1 mindims=353,120,45,1 cycles=4 nets=8 -Xmx400g
slurmstepd: error: Detected 1 oom-kill event(s) in StepId=17734952.batch. Some of your processes may have been killed by the cgroup out-of-memory handler.
