java -ea -Xmx400g -Xms400g -cp /clusterfs/jgi/scratch/gentech/genome_analysis/brandonimstepf/bbmap/current/ ml.Trainer in=../ncbi_master_11-7_splits/ncbi_master_11-7_tol3_train.shuffled.tsv out=cycles_trained_8dims_400k_ncbi_total_8f_6l_small_11-7_tol3.bbnet maxdims=358,125,275,75,25,1 mindims=358,50,150,25,5,1 cycles=4 nets=8 -Xmx400g

Loading ../ncbi_master_11-7_splits/ncbi_master_11-7_tol3_train.shuffled.tsv
Inferring 356 inputs, 1 output, 0 weights.
Data was organized into 634 sets.
Using 64 worker threads, 8 trainer threads, 22 jobs/trainer/batch, 400000 batches, 4 cycles to train 32 networks total.
Cycle 0
Exception in thread "Thread-6" java.lang.AssertionError: 356; [358, 122, 153, 73, 9, 1]
	at ml.CellNet.applyInput(CellNet.java:462)
	at ml.CellNet.processSample(CellNet.java:419)
	at ml.WorkerThread.processSample(WorkerThread.java:191)
	at ml.WorkerThread.processSamples(WorkerThread.java:159)
	at ml.WorkerThread.processInner(WorkerThread.java:60)
	at ml.WorkerThread.run(WorkerThread.java:24)
Exception in thread "Thread-22" java.lang.AssertionError: 356; [358, 122, 153, 73, 9, 1]
	at ml.CellNet.applyInput(CellNet.java:462)
	at ml.CellNet.processSample(CellNet.java:419)
	at ml.WorkerThread.processSample(WorkerThread.java:191)
	at ml.WorkerThread.processSamples(WorkerThread.java:159)
	at ml.WorkerThread.processInner(WorkerThread.java:60)
	at ml.WorkerThread.run(WorkerThread.java:24)
Exception in thread "Thread-18" java.lang.AssertionError: 356; [358, 122, 153, 73, 9, 1]
	at ml.CellNet.applyInput(CellNet.java:462)
	at ml.CellNet.processSample(CellNet.java:419)
	at ml.WorkerThread.processSample(WorkerThread.java:191)
	at ml.WorkerThread.processSamples(WorkerThread.java:159)
	at ml.WorkerThread.processInner(WorkerThread.java:60)
	at ml.WorkerThread.run(WorkerThread.java:24)
Exception in thread "Thread-14" java.lang.AssertionError: 356; [358, 122, 153, 73, 9, 1]
	at ml.CellNet.applyInput(CellNet.java:462)
	at ml.CellNet.processSample(CellNet.java:419)
	at ml.WorkerThread.processSample(WorkerThread.java:191)
	at ml.WorkerThread.processSamples(WorkerThread.java:159)
	at ml.WorkerThread.processInner(WorkerThread.java:60)
	at ml.WorkerThread.run(WorkerThread.java:24)
Exception in thread "Thread-7" Exception in thread "Thread-17" Exception in thread "Thread-5" Exception in thread "Thread-8" Exception in thread "Thread-15" Exception in thread "Thread-16" java.lang.AssertionError: 356; [358, 122, 153, 73, 9, 1]
	at ml.CellNet.applyInput(CellNet.java:462)
	at ml.CellNet.processSample(CellNet.java:419)
	at ml.WorkerThread.processSample(WorkerThread.java:191)
	at ml.WorkerThread.processSamples(WorkerThread.java:159)
	at ml.WorkerThread.processInner(WorkerThread.java:60)
	at ml.WorkerThread.run(WorkerThread.java:24)
java.lang.AssertionError: 356; [358, 122, 153, 73, 9, 1]
	at ml.CellNet.applyInput(CellNet.java:462)
	at ml.CellNet.processSample(CellNet.java:419)
	at ml.WorkerThread.processSample(WorkerThread.java:191)
	at ml.WorkerThread.processSamples(WorkerThread.java:159)
	at ml.WorkerThread.processInner(WorkerThread.java:60)
	at ml.WorkerThread.run(WorkerThread.java:24)
Exception in thread "Thread-2" java.lang.AssertionError: 356; [358, 122, 153, 73, 9, 1]
	at ml.CellNet.applyInput(CellNet.java:462)
	at ml.CellNet.processSample(CellNet.java:419)
	at ml.WorkerThread.processSample(WorkerThread.java:191)
	at ml.WorkerThread.processSamples(WorkerThread.java:159)
	at ml.WorkerThread.processInner(WorkerThread.java:60)
	at ml.WorkerThread.run(WorkerThread.java:24)
Exception in thread "Thread-13" java.lang.AssertionError: 356; [358, 122, 153, 73, 9, 1]
	at ml.CellNet.applyInput(CellNet.java:462)
	at ml.CellNet.processSample(CellNet.java:419)
	at ml.WorkerThread.processSample(WorkerThread.java:191)
	at ml.WorkerThread.processSamples(WorkerThread.java:159)
	at ml.WorkerThread.processInner(WorkerThread.java:60)
	at ml.WorkerThread.run(WorkerThread.java:24)
java.lang.AssertionError: 356; [358, 122, 153, 73, 9, 1]
	at ml.CellNet.applyInput(CellNet.java:462)
	at ml.CellNet.processSample(CellNet.java:419)
	at ml.WorkerThread.processSample(WorkerThread.java:191)
	at ml.WorkerThread.processSamples(WorkerThread.java:159)
	at ml.WorkerThread.processInner(WorkerThread.java:60)
	at ml.WorkerThread.run(WorkerThread.java:24)
java.lang.AssertionError: 356; [358, 122, 153, 73, 9, 1]
	at ml.CellNet.applyInput(CellNet.java:462)
	at ml.CellNet.processSample(CellNet.java:419)
	at ml.WorkerThread.processSample(WorkerThread.java:191)
	at ml.WorkerThread.processSamples(WorkerThread.java:159)
	at ml.WorkerThread.processInner(WorkerThread.java:60)
	at ml.WorkerThread.run(WorkerThread.java:24)
java.lang.AssertionError: 356; [358, 122, 153, 73, 9, 1]
	at ml.CellNet.applyInput(CellNet.java:462)
	at ml.CellNet.processSample(CellNet.java:419)
	at ml.WorkerThread.processSample(WorkerThread.java:191)
	at ml.WorkerThread.processSamples(WorkerThread.java:159)
	at ml.WorkerThread.processInner(WorkerThread.java:60)
	at ml.WorkerThread.run(WorkerThread.java:24)
Exception in thread "Thread-11" Exception in thread "Thread-25" Exception in thread "Thread-39" java.lang.AssertionError: 356; [358, 122, 153, 73, 9, 1]
	at ml.CellNet.applyInput(CellNet.java:462)
	at ml.CellNet.processSample(CellNet.java:419)
	at ml.WorkerThread.processSample(WorkerThread.java:191)
	at ml.WorkerThread.processSamples(WorkerThread.java:159)
	at ml.WorkerThread.processInner(WorkerThread.java:60)
	at ml.WorkerThread.run(WorkerThread.java:24)
Exception in thread "Thread-29" Exception in thread "Thread-3" Exception in thread "Thread-1" Exception in thread "Thread-19" Exception in thread "Thread-21" Exception in thread "Thread-12" Exception in thread "Thread-24" java.lang.AssertionError: 356; [358, 122, 153, 73, 9, 1]
	at ml.CellNet.applyInput(CellNet.java:462)
	at ml.CellNet.processSample(CellNet.java:419)
	at ml.WorkerThread.processSample(WorkerThread.java:191)
	at ml.WorkerThread.processSamples(WorkerThread.java:159)
	at ml.WorkerThread.processInner(WorkerThread.java:60)
	at ml.WorkerThread.run(WorkerThread.java:24)
Exception in thread "Thread-33" Exception in thread "Thread-27" java.lang.AssertionError: 356; [358, 60, 253, 61, 24, 1]
	at ml.CellNet.applyInput(CellNet.java:462)
	at ml.CellNet.processSample(CellNet.java:419)
	at ml.WorkerThread.processSample(WorkerThread.java:191)
	at ml.WorkerThread.processSamples(WorkerThread.java:159)
	at ml.WorkerThread.processInner(WorkerThread.java:60)
	at ml.WorkerThread.run(WorkerThread.java:24)
java.lang.AssertionError: 356; [358, 60, 253, 61, 24, 1]
	at ml.CellNet.applyInput(CellNet.java:462)
	at ml.CellNet.processSample(CellNet.java:419)
	at ml.WorkerThread.processSample(WorkerThread.java:191)
	at ml.WorkerThread.processSamples(WorkerThread.java:159)
	at ml.WorkerThread.processInner(WorkerThread.java:60)
	at ml.WorkerThread.run(WorkerThread.java:24)
Exception in thread "Thread-37" Exception in thread "Thread-26" Exception in thread "Thread-32" java.lang.AssertionError: 356; [358, 60, 253, 61, 24, 1]
	at ml.CellNet.applyInput(CellNet.java:462)
	at ml.CellNet.processSample(CellNet.java:419)
	at ml.WorkerThread.processSample(WorkerThread.java:191)
	at ml.WorkerThread.processSamples(WorkerThread.java:159)
	at ml.WorkerThread.processInner(WorkerThread.java:60)
	at ml.WorkerThread.run(WorkerThread.java:24)
Exception in thread "Thread-28" java.lang.AssertionError: 356; [358, 60, 253, 61, 24, 1]
	at ml.CellNet.applyInput(CellNet.java:462)
	at ml.CellNet.processSample(CellNet.java:419)
	at ml.WorkerThread.processSample(WorkerThread.java:191)
	at ml.WorkerThread.processSamples(WorkerThread.java:159)
	at ml.WorkerThread.processInner(WorkerThread.java:60)
	at ml.WorkerThread.run(WorkerThread.java:24)
Exception in thread "Thread-38" java.lang.AssertionError: 356; [358, 60, 253, 61, 24, 1]
	at ml.CellNet.applyInput(CellNet.java:462)
	at ml.CellNet.processSample(CellNet.java:419)
	at ml.WorkerThread.processSample(WorkerThread.java:191)
	at ml.WorkerThread.processSamples(WorkerThread.java:159)
	at ml.WorkerThread.processInner(WorkerThread.java:60)
	at ml.WorkerThread.run(WorkerThread.java:24)
java.lang.AssertionError: 356; [358, 60, 253, 61, 24, 1]
	at ml.CellNet.applyInput(CellNet.java:462)
	at ml.CellNet.processSample(CellNet.java:419)
	at ml.WorkerThread.processSample(WorkerThread.java:191)
	at ml.WorkerThread.processSamples(WorkerThread.java:159)
	at ml.WorkerThread.processInner(WorkerThread.java:60)
	at ml.WorkerThread.run(WorkerThread.java:24)
java.lang.AssertionError: 356; [358, 122, 153, 73, 9, 1]
	at ml.CellNet.applyInput(CellNet.java:462)
	at ml.CellNet.processSample(CellNet.java:419)
	at ml.WorkerThread.processSample(WorkerThread.java:191)
	at ml.WorkerThread.processSamples(WorkerThread.java:159)
	at ml.WorkerThread.processInner(WorkerThread.java:60)
	at ml.WorkerThread.run(WorkerThread.java:24)
java.lang.AssertionError: 356; [358, 122, 153, 73, 9, 1]
	at ml.CellNet.applyInput(CellNet.java:462)
	at ml.CellNet.processSample(CellNet.java:419)
	at ml.WorkerThread.processSample(WorkerThread.java:191)
	at ml.WorkerThread.processSamples(WorkerThread.java:159)
	at ml.WorkerThread.processInner(WorkerThread.java:60)
	at ml.WorkerThread.run(WorkerThread.java:24)
java.lang.AssertionError: 356; [358, 122, 153, 73, 9, 1]
	at ml.CellNet.applyInput(CellNet.java:462)
	at ml.CellNet.processSample(CellNet.java:419)
	at ml.WorkerThread.processSample(WorkerThread.java:191)
	at ml.WorkerThread.processSamples(WorkerThread.java:159)
	at ml.WorkerThread.processInner(WorkerThread.java:60)
	at ml.WorkerThread.run(WorkerThread.java:24)
Exception in thread "Thread-40" Exception in thread "Thread-41" java.lang.AssertionError: 356; [358, 122, 153, 73, 9, 1]
	at ml.CellNet.applyInput(CellNet.java:462)
	at ml.CellNet.processSample(CellNet.java:419)
	at ml.WorkerThread.processSample(WorkerThread.java:191)
	at ml.WorkerThread.processSamples(WorkerThread.java:159)
	at ml.WorkerThread.processInner(WorkerThread.java:60)
	at ml.WorkerThread.run(WorkerThread.java:24)
java.lang.AssertionError: 356; [358, 122, 153, 73, 9, 1]
	at ml.CellNet.applyInput(CellNet.java:462)
	at ml.CellNet.processSample(CellNet.java:419)
	at ml.WorkerThread.processSample(WorkerThread.java:191)
	at ml.WorkerThread.processSamples(WorkerThread.java:159)
	at ml.WorkerThread.processInner(WorkerThread.java:60)
	at ml.WorkerThread.run(WorkerThread.java:24)
Exception in thread "Thread-42" Exception in thread "Thread-23" java.lang.AssertionError: 356; [358, 60, 253, 61, 24, 1]
	at ml.CellNet.applyInput(CellNet.java:462)
	at ml.CellNet.processSample(CellNet.java:419)
	at ml.WorkerThread.processSample(WorkerThread.java:191)
	at ml.WorkerThread.processSamples(WorkerThread.java:159)
	at ml.WorkerThread.processInner(WorkerThread.java:60)
	at ml.WorkerThread.run(WorkerThread.java:24)
Exception in thread "Thread-4" java.lang.AssertionError: 356; [358, 60, 253, 61, 24, 1]
	at ml.CellNet.applyInput(CellNet.java:462)
	at ml.CellNet.processSample(CellNet.java:419)
	at ml.WorkerThread.processSample(WorkerThread.java:191)
	at ml.WorkerThread.processSamples(WorkerThread.java:159)
	at ml.WorkerThread.processInner(WorkerThread.java:60)
	at ml.WorkerThread.run(WorkerThread.java:24)
Exception in thread "Thread-30" java.lang.AssertionError: 356; [358, 60, 253, 61, 24, 1]
	at ml.CellNet.applyInput(CellNet.java:462)
	at ml.CellNet.processSample(CellNet.java:419)
	at ml.WorkerThread.processSample(WorkerThread.java:191)
	at ml.WorkerThread.processSamples(WorkerThread.java:159)
	at ml.WorkerThread.processInner(WorkerThread.java:60)
	at ml.WorkerThread.run(WorkerThread.java:24)
Exception in thread "Thread-10" Exception in thread "Thread-31" java.lang.AssertionError: 356; [358, 60, 253, 61, 24, 1]
	at ml.CellNet.applyInput(CellNet.java:462)
	at ml.CellNet.processSample(CellNet.java:419)
	at ml.WorkerThread.processSample(WorkerThread.java:191)
	at ml.WorkerThread.processSamples(WorkerThread.java:159)
	at ml.WorkerThread.processInner(WorkerThread.java:60)
	at ml.WorkerThread.run(WorkerThread.java:24)
Exception in thread "Thread-9" java.lang.AssertionError: 356; [358, 122, 153, 73, 9, 1]
	at ml.CellNet.applyInput(CellNet.java:462)
	at ml.CellNet.processSample(CellNet.java:419)
	at ml.WorkerThread.processSample(WorkerThread.java:191)
	at ml.WorkerThread.processSamples(WorkerThread.java:159)
	at ml.WorkerThread.processInner(WorkerThread.java:60)
	at ml.WorkerThread.run(WorkerThread.java:24)
Exception in thread "Thread-34" java.lang.AssertionError: 356; [358, 60, 253, 61, 24, 1]
	at ml.CellNet.applyInput(CellNet.java:462)
	at ml.CellNet.processSample(CellNet.java:419)
	at ml.WorkerThread.processSample(WorkerThread.java:191)
	at ml.WorkerThread.processSamples(WorkerThread.java:159)
	at ml.WorkerThread.processInner(WorkerThread.java:60)
	at ml.WorkerThread.run(WorkerThread.java:24)
Exception in thread "Thread-20" java.lang.AssertionError: 356; [358, 122, 153, 73, 9, 1]
	at ml.CellNet.applyInput(CellNet.java:462)
	at ml.CellNet.processSample(CellNet.java:419)
	at ml.WorkerThread.processSample(WorkerThread.java:191)
	at ml.WorkerThread.processSamples(WorkerThread.java:159)
	at ml.WorkerThread.processInner(WorkerThread.java:60)
	at ml.WorkerThread.run(WorkerThread.java:24)
Exception in thread "Thread-43" java.lang.AssertionError: 356; [358, 60, 253, 61, 24, 1]
	at ml.CellNet.applyInput(CellNet.java:462)
	at ml.CellNet.processSample(CellNet.java:419)
	at ml.WorkerThread.processSample(WorkerThread.java:191)
	at ml.WorkerThread.processSamples(WorkerThread.java:159)
	at ml.WorkerThread.processInner(WorkerThread.java:60)
	at ml.WorkerThread.run(WorkerThread.java:24)
Exception in thread "Thread-44" java.lang.AssertionError: 356; [358, 60, 253, 61, 24, 1]
	at ml.CellNet.applyInput(CellNet.java:462)
	at ml.CellNet.processSample(CellNet.java:419)
	at ml.WorkerThread.processSample(WorkerThread.java:191)
	at ml.WorkerThread.processSamples(WorkerThread.java:159)
	at ml.WorkerThread.processInner(WorkerThread.java:60)
	at ml.WorkerThread.run(WorkerThread.java:24)
java.lang.AssertionError: 356; [358, 60, 253, 61, 24, 1]
	at ml.CellNet.applyInput(CellNet.java:462)
	at ml.CellNet.processSample(CellNet.java:419)
	at ml.WorkerThread.processSample(WorkerThread.java:191)
	at ml.WorkerThread.processSamples(WorkerThread.java:159)
	at ml.WorkerThread.processInner(WorkerThread.java:60)
	at ml.WorkerThread.run(WorkerThread.java:24)
java.lang.AssertionError: 356; [358, 60, 253, 61, 24, 1]
	at ml.CellNet.applyInput(CellNet.java:462)
	at ml.CellNet.processSample(CellNet.java:419)
	at ml.WorkerThread.processSample(WorkerThread.java:191)
	at ml.WorkerThread.processSamples(WorkerThread.java:159)
	at ml.WorkerThread.processInner(WorkerThread.java:60)
	at ml.WorkerThread.run(WorkerThread.java:24)
java.lang.AssertionError: 356; [358, 122, 153, 73, 9, 1]
	at ml.CellNet.applyInput(CellNet.java:462)
	at ml.CellNet.processSample(CellNet.java:419)
	at ml.WorkerThread.processSample(WorkerThread.java:191)
	at ml.WorkerThread.processSamples(WorkerThread.java:159)
	at ml.WorkerThread.processInner(WorkerThread.java:60)
	at ml.WorkerThread.run(WorkerThread.java:24)
java.lang.AssertionError: 356; [358, 122, 153, 73, 9, 1]
	at ml.CellNet.applyInput(CellNet.java:462)
	at ml.CellNet.processSample(CellNet.java:419)
	at ml.WorkerThread.processSample(WorkerThread.java:191)
	at ml.WorkerThread.processSamples(WorkerThread.java:159)
	at ml.WorkerThread.processInner(WorkerThread.java:60)
	at ml.WorkerThread.run(WorkerThread.java:24)
java.lang.AssertionError: 356; [358, 60, 253, 61, 24, 1]
	at ml.CellNet.applyInput(CellNet.java:462)
	at ml.CellNet.processSample(CellNet.java:419)
	at ml.WorkerThread.processSample(WorkerThread.java:191)
	at ml.WorkerThread.processSamples(WorkerThread.java:159)
	at ml.WorkerThread.processInner(WorkerThread.java:60)
	at ml.WorkerThread.run(WorkerThread.java:24)
java.lang.AssertionError: 356; [358, 60, 253, 61, 24, 1]
	at ml.CellNet.applyInput(CellNet.java:462)
	at ml.CellNet.processSample(CellNet.java:419)
	at ml.WorkerThread.processSample(WorkerThread.java:191)
	at ml.WorkerThread.processSamples(WorkerThread.java:159)
	at ml.WorkerThread.processInner(WorkerThread.java:60)
	at ml.WorkerThread.run(WorkerThread.java:24)
java.lang.AssertionError: 356; [358, 60, 253, 61, 24, 1]
	at ml.CellNet.applyInput(CellNet.java:462)
	at ml.CellNet.processSample(CellNet.java:419)
	at ml.WorkerThread.processSample(WorkerThread.java:191)
	at ml.WorkerThread.processSamples(WorkerThread.java:159)
	at ml.WorkerThread.processInner(WorkerThread.java:60)
	at ml.WorkerThread.run(WorkerThread.java:24)
java.lang.AssertionError: 356; [358, 60, 253, 61, 24, 1]
	at ml.CellNet.applyInput(CellNet.java:462)
	at ml.CellNet.processSample(CellNet.java:419)
	at ml.WorkerThread.processSample(WorkerThread.java:191)
	at ml.WorkerThread.processSamples(WorkerThread.java:159)
	at ml.WorkerThread.processInner(WorkerThread.java:60)
	at ml.WorkerThread.run(WorkerThread.java:24)
java.lang.AssertionError: 356; [358, 60, 253, 61, 24, 1]
	at ml.CellNet.applyInput(CellNet.java:462)
	at ml.CellNet.processSample(CellNet.java:419)
	at ml.WorkerThread.processSample(WorkerThread.java:191)
	at ml.WorkerThread.processSamples(WorkerThread.java:159)
	at ml.WorkerThread.processInner(WorkerThread.java:60)
	at ml.WorkerThread.run(WorkerThread.java:24)
Exception in thread "Thread-35" Exception in thread "Thread-36" java.lang.AssertionError: 356; [358, 60, 253, 61, 24, 1]
	at ml.CellNet.applyInput(CellNet.java:462)
	at ml.CellNet.processSample(CellNet.java:419)
	at ml.WorkerThread.processSample(WorkerThread.java:191)
	at ml.WorkerThread.processSamples(WorkerThread.java:159)
	at ml.WorkerThread.processInner(WorkerThread.java:60)
	at ml.WorkerThread.run(WorkerThread.java:24)
java.lang.AssertionError: 356; [358, 60, 253, 61, 24, 1]
	at ml.CellNet.applyInput(CellNet.java:462)
	at ml.CellNet.processSample(CellNet.java:419)
	at ml.WorkerThread.processSample(WorkerThread.java:191)
	at ml.WorkerThread.processSamples(WorkerThread.java:159)
	at ml.WorkerThread.processInner(WorkerThread.java:60)
	at ml.WorkerThread.run(WorkerThread.java:24)
Exception in thread "Thread-45" java.lang.AssertionError: 356; [358, 101, 178, 32, 23, 1]
	at ml.CellNet.applyInput(CellNet.java:462)
	at ml.CellNet.processSample(CellNet.java:419)
	at ml.WorkerThread.processSample(WorkerThread.java:191)
	at ml.WorkerThread.processSamples(WorkerThread.java:159)
	at ml.WorkerThread.processInner(WorkerThread.java:60)
	at ml.WorkerThread.run(WorkerThread.java:24)
Exception in thread "Thread-48" Exception in thread "Thread-46" Exception in thread "Thread-47" java.lang.AssertionError: 356; [358, 101, 178, 32, 23, 1]
	at ml.CellNet.applyInput(CellNet.java:462)
	at ml.CellNet.processSample(CellNet.java:419)
	at ml.WorkerThread.processSample(WorkerThread.java:191)
	at ml.WorkerThread.processSamples(WorkerThread.java:159)
	at ml.WorkerThread.processInner(WorkerThread.java:60)
	at ml.WorkerThread.run(WorkerThread.java:24)
Exception in thread "Thread-49" java.lang.AssertionError: 356; [358, 101, 178, 32, 23, 1]
	at ml.CellNet.applyInput(CellNet.java:462)
	at ml.CellNet.processSample(CellNet.java:419)
	at ml.WorkerThread.processSample(WorkerThread.java:191)
	at ml.WorkerThread.processSamples(WorkerThread.java:159)
	at ml.WorkerThread.processInner(WorkerThread.java:60)
	at ml.WorkerThread.run(WorkerThread.java:24)
java.lang.AssertionError: 356; [358, 101, 178, 32, 23, 1]
	at ml.CellNet.applyInput(CellNet.java:462)
	at ml.CellNet.processSample(CellNet.java:419)
	at ml.WorkerThread.processSample(WorkerThread.java:191)
	at ml.WorkerThread.processSamples(WorkerThread.java:159)
	at ml.WorkerThread.processInner(WorkerThread.java:60)
	at ml.WorkerThread.run(WorkerThread.java:24)
java.lang.AssertionError: 356; [358, 101, 178, 32, 23, 1]
	at ml.CellNet.applyInput(CellNet.java:462)
	at ml.CellNet.processSample(CellNet.java:419)
	at ml.WorkerThread.processSample(WorkerThread.java:191)
	at ml.WorkerThread.processSamples(WorkerThread.java:159)
	at ml.WorkerThread.processInner(WorkerThread.java:60)
	at ml.WorkerThread.run(WorkerThread.java:24)
Exception in thread "Thread-57" Exception in thread "Thread-56" java.lang.AssertionError: 356; [358, 101, 178, 32, 23, 1]
	at ml.CellNet.applyInput(CellNet.java:462)
	at ml.CellNet.processSample(CellNet.java:419)
	at ml.WorkerThread.processSample(WorkerThread.java:191)
	at ml.WorkerThread.processSamples(WorkerThread.java:159)
	at ml.WorkerThread.processInner(WorkerThread.java:60)
	at ml.WorkerThread.run(WorkerThread.java:24)
Exception in thread "Thread-55" Exception in thread "Thread-54" java.lang.AssertionError: 356; [358, 101, 178, 32, 23, 1]
	at ml.CellNet.applyInput(CellNet.java:462)
	at ml.CellNet.processSample(CellNet.java:419)
	at ml.WorkerThread.processSample(WorkerThread.java:191)
	at ml.WorkerThread.processSamples(WorkerThread.java:159)
	at ml.WorkerThread.processInner(WorkerThread.java:60)
	at ml.WorkerThread.run(WorkerThread.java:24)
Exception in thread "Thread-53" Exception in thread "Thread-51" Exception in thread "Thread-50" java.lang.AssertionError: 356; [358, 101, 178, 32, 23, 1]
	at ml.CellNet.applyInput(CellNet.java:462)
	at ml.CellNet.processSample(CellNet.java:419)
	at ml.WorkerThread.processSample(WorkerThread.java:191)
	at ml.WorkerThread.processSamples(WorkerThread.java:159)
	at ml.WorkerThread.processInner(WorkerThread.java:60)
	at ml.WorkerThread.run(WorkerThread.java:24)
java.lang.AssertionError: 356; [358, 101, 178, 32, 23, 1]
	at ml.CellNet.applyInput(CellNet.java:462)
	at ml.CellNet.processSample(CellNet.java:419)
	at ml.WorkerThread.processSample(WorkerThread.java:191)
	at ml.WorkerThread.processSamples(WorkerThread.java:159)
	at ml.WorkerThread.processInner(WorkerThread.java:60)
	at ml.WorkerThread.run(WorkerThread.java:24)
java.lang.AssertionError: 356; [358, 101, 178, 32, 23, 1]
	at ml.CellNet.applyInput(CellNet.java:462)
	at ml.CellNet.processSample(CellNet.java:419)
	at ml.WorkerThread.processSample(WorkerThread.java:191)
	at ml.WorkerThread.processSamples(WorkerThread.java:159)
	at ml.WorkerThread.processInner(WorkerThread.java:60)
	at ml.WorkerThread.run(WorkerThread.java:24)
java.lang.AssertionError: 356; [358, 101, 178, 32, 23, 1]
	at ml.CellNet.applyInput(CellNet.java:462)
	at ml.CellNet.processSample(CellNet.java:419)
	at ml.WorkerThread.processSample(WorkerThread.java:191)
	at ml.WorkerThread.processSamples(WorkerThread.java:159)
	at ml.WorkerThread.processInner(WorkerThread.java:60)
	at ml.WorkerThread.run(WorkerThread.java:24)
java.lang.AssertionError: 356; [358, 101, 178, 32, 23, 1]
	at ml.CellNet.applyInput(CellNet.java:462)
	at ml.CellNet.processSample(CellNet.java:419)
	at ml.WorkerThread.processSample(WorkerThread.java:191)
	at ml.WorkerThread.processSamples(WorkerThread.java:159)
	at ml.WorkerThread.processInner(WorkerThread.java:60)
	at ml.WorkerThread.run(WorkerThread.java:24)
Exception in thread "Thread-64" java.lang.AssertionError: 356; [358, 101, 178, 32, 23, 1]
	at ml.CellNet.applyInput(CellNet.java:462)
	at ml.CellNet.processSample(CellNet.java:419)
	at ml.WorkerThread.processSample(WorkerThread.java:191)
	at ml.WorkerThread.processSamples(WorkerThread.java:159)
	at ml.WorkerThread.processInner(WorkerThread.java:60)
	at ml.WorkerThread.run(WorkerThread.java:24)
Exception in thread "Thread-59" java.lang.AssertionError: 356; [358, 101, 178, 32, 23, 1]
	at ml.CellNet.applyInput(CellNet.java:462)
	at ml.CellNet.processSample(CellNet.java:419)
	at ml.WorkerThread.processSample(WorkerThread.java:191)
	at ml.WorkerThread.processSamples(WorkerThread.java:159)
	at ml.WorkerThread.processInner(WorkerThread.java:60)
	at ml.WorkerThread.run(WorkerThread.java:24)
Exception in thread "Thread-52" java.lang.AssertionError: 356; [358, 101, 178, 32, 23, 1]
	at ml.CellNet.applyInput(CellNet.java:462)
	at ml.CellNet.processSample(CellNet.java:419)
	at ml.WorkerThread.processSample(WorkerThread.java:191)
	at ml.WorkerThread.processSamples(WorkerThread.java:159)
	at ml.WorkerThread.processInner(WorkerThread.java:60)
	at ml.WorkerThread.run(WorkerThread.java:24)
Exception in thread "Thread-63" java.lang.AssertionError: 356; [358, 101, 178, 32, 23, 1]
	at ml.CellNet.applyInput(CellNet.java:462)
	at ml.CellNet.processSample(CellNet.java:419)
	at ml.WorkerThread.processSample(WorkerThread.java:191)
	at ml.WorkerThread.processSamples(WorkerThread.java:159)
	at ml.WorkerThread.processInner(WorkerThread.java:60)
	at ml.WorkerThread.run(WorkerThread.java:24)
Exception in thread "Thread-58" Exception in thread "Thread-61" java.lang.AssertionError: 356; [358, 101, 178, 32, 23, 1]
	at ml.CellNet.applyInput(CellNet.java:462)
	at ml.CellNet.processSample(CellNet.java:419)
	at ml.WorkerThread.processSample(WorkerThread.java:191)
	at ml.WorkerThread.processSamples(WorkerThread.java:159)
	at ml.WorkerThread.processInner(WorkerThread.java:60)
	at ml.WorkerThread.run(WorkerThread.java:24)
Exception in thread "Thread-60" java.lang.AssertionError: 356; [358, 101, 178, 32, 23, 1]
	at ml.CellNet.applyInput(CellNet.java:462)
	at ml.CellNet.processSample(CellNet.java:419)
	at ml.WorkerThread.processSample(WorkerThread.java:191)
	at ml.WorkerThread.processSamples(WorkerThread.java:159)
	at ml.WorkerThread.processInner(WorkerThread.java:60)
	at ml.WorkerThread.run(WorkerThread.java:24)
Exception in thread "Thread-62" java.lang.AssertionError: 356; [358, 101, 178, 32, 23, 1]
	at ml.CellNet.applyInput(CellNet.java:462)
	at ml.CellNet.processSample(CellNet.java:419)
	at ml.WorkerThread.processSample(WorkerThread.java:191)
	at ml.WorkerThread.processSamples(WorkerThread.java:159)
	at ml.WorkerThread.processInner(WorkerThread.java:60)
	at ml.WorkerThread.run(WorkerThread.java:24)
java.lang.AssertionError: 356; [358, 101, 178, 32, 23, 1]
	at ml.CellNet.applyInput(CellNet.java:462)
	at ml.CellNet.processSample(CellNet.java:419)
	at ml.WorkerThread.processSample(WorkerThread.java:191)
	at ml.WorkerThread.processSamples(WorkerThread.java:159)
	at ml.WorkerThread.processInner(WorkerThread.java:60)
	at ml.WorkerThread.run(WorkerThread.java:24)
[2025-11-16T11:40:13.283] error: *** JOB 19718486 ON n0009.dori0 CANCELLED AT 2025-11-16T11:40:13 DUE TO TIME LIMIT ***
