java -ea -Xmx400g -Xms400g -cp /clusterfs/jgi/scratch/gentech/genome_analysis/brandonimstepf/bbmap/current/ ml.Trainer in=ncbi_100_6f.tsv out=cycles_trained_6dims_400k_ncbi_100_6f.bbnet maxdims=354,300,240,180,90,1 mindims=354,150,120,90,10,1 cycles=4 nets=8 -Xmx400g

Loading ncbi_100_6f.tsv
Inferring 354 inputs, 1 output, 0 weights.
Data was organized into 208 sets.
Using 64 worker threads, 8 trainer threads, 22 jobs/trainer/batch, 400000 batches, 4 cycles to train 32 networks total.
Cycle 0
Batch 1:	ERR= 0.578558	WER= 4.195879	FPR= 0.202099	FNR= 0.202089	CTF= 0.206237	91.6s
Batch 4:	ERR= 0.516397	WER= 3.807153	FPR= 0.201871	FNR= 0.201861	CTF= 0.283432	32.7s
Batch 16:	ERR= 0.315000	WER= 2.674684	FPR= 0.199336	FNR= 0.199327	CTF= 0.490099	43.3s
Batch 64:	ERR= 0.121506	WER= 1.061331	FPR= 0.188506	FNR= 0.188480	CTF= 0.499406	94.6s
Batch 256:	ERR= 0.172016	WER= 1.678183	FPR= 0.157264	FNR= 0.157222	CTF= 0.210174	124s
Batch 1024:	ERR= 0.223374	WER= 1.318545	FPR= 0.099532	FNR= 0.099505	CTF= 0.140315	176s
Batch 4096:	ERR= 0.102559	WER= 0.374106	FPR= 0.052838	FNR= 0.052824	CTF= 0.486729	619s
Batch 10k:	ERR= 0.125426	WER= 0.456353	FPR= 0.043370	FNR= 0.043363	CTF= 0.469111	1170s
Batch 20k:	ERR= 0.083626	WER= 0.465018	FPR= 0.034787	FNR= 0.034775	CTF= 0.492212	1911s
Batch 30k:	ERR= 0.061025	WER= 0.229266	FPR= 0.029245	FNR= 0.029236	CTF= 0.453625	1900s
Batch 40k:	ERR= 0.051911	WER= 0.201117	FPR= 0.027647	FNR= 0.027636	CTF= 0.499166	1881s
Batch 50k:	ERR= 0.048955	WER= 0.254769	FPR= 0.026829	FNR= 0.026819	CTF= 0.577112	1883s
Batch 60k:	ERR= 0.045967	WER= 0.230137	FPR= 0.026668	FNR= 0.026653	CTF= 0.532434	1897s
Batch 70k:	ERR= 0.049429	WER= 0.246633	FPR= 0.025741	FNR= 0.025727	CTF= 0.490089	1871s
Batch 80k:	ERR= 0.044041	WER= 0.193690	FPR= 0.024973	FNR= 0.024956	CTF= 0.514596	1927s
Batch 90k:	ERR= 0.049795	WER= 0.305647	FPR= 0.024596	FNR= 0.024570	CTF= 0.582361	1901s
Batch 100k:	ERR= 0.043859	WER= 0.208206	FPR= 0.023962	FNR= 0.023938	CTF= 0.525535	1963s
Batch 110k:	ERR= 0.044899	WER= 0.247296	FPR= 0.023316	FNR= 0.023293	CTF= 0.528849	1803s
Batch 120k:	ERR= 0.038776	WER= 0.164591	FPR= 0.022670	FNR= 0.022657	CTF= 0.531342	1785s
Batch 130k:	ERR= 0.042176	WER= 0.230943	FPR= 0.022284	FNR= 0.022260	CTF= 0.539360	1783s
Batch 140k:	ERR= 0.043097	WER= 0.230743	FPR= 0.021896	FNR= 0.021871	CTF= 0.513835	1808s
