Executing prok.CallGenes [in=/clusterfs/jgi/scratch/gentech/genome_analysis/brandonimstepf/NCBI_Datasets_10-23_SORTED/GCF_000003135.1_ASM313v1_genomic.fna.gz, outgff=/tmp/buildtrainingset.yTWq/per_genome/GCF_000003135.1_ASM313v1_genomic.all.gff, cds, nofilter=true, threads=8]

Time:                         	2.340 seconds.
Reads Processed:         114 	0.05k reads/sec
Bases Processed:       2396k 	1.02m bases/sec
Lines Out:             71374
Bytes Out:            66246k

Approx Coding Fraction:	       0.0000
CDS Out:              	            0
16S Out:              	            0
23S Out:              	            0
5S Out:               	            0
tRNA Out:             	            0
Executing prok.CallGenes [in=/clusterfs/jgi/scratch/gentech/genome_analysis/brandonimstepf/NCBI_Datasets_10-23_SORTED/GCF_000003135.1_ASM313v1_genomic.fna.gz, outgff=/tmp/buildtrainingset.yTWq/per_genome/GCF_000003135.1_ASM313v1_genomic.predicted.gff, cds, threads=8]

Time:                         	1.177 seconds.
Reads Processed:         114 	0.10k reads/sec
Bases Processed:       2396k 	2.04m bases/sec
Lines Out:              2035
Bytes Out:              311k

Approx Coding Fraction:	       0.8737
CDS Out:              	         2005
16S Out:              	            1
23S Out:              	            1
5S Out:               	            1
tRNA Out:             	           27
FASTA contig IDs for GCF_000003135.1_ASM313v1_genomic:
NZ_GG666849.1
NZ_GG666850.1
NZ_GG666851.1
NCBI GFF contig IDs for GCF_000003135.1_ASM313v1_genomic:
NZ_GG666849.1
NZ_GG666850.1
NZ_GG666851.1
Executing prok.CallGenes [in=/clusterfs/jgi/scratch/gentech/genome_analysis/brandonimstepf/NCBI_Datasets_10-23_SORTED/GCF_000003215.1_ASM321v1_genomic.fna.gz, outgff=/tmp/buildtrainingset.yTWq/per_genome/GCF_000003215.1_ASM321v1_genomic.all.gff, cds, nofilter=true, threads=8]

Time:                         	3.249 seconds.
Reads Processed:          15 	0.00k reads/sec
Bases Processed:       4127k 	1.27m bases/sec
Lines Out:             63688
Bytes Out:            59352k

Approx Coding Fraction:	       0.0000
CDS Out:              	            0
16S Out:              	            0
23S Out:              	            0
5S Out:               	            0
tRNA Out:             	            0
Executing prok.CallGenes [in=/clusterfs/jgi/scratch/gentech/genome_analysis/brandonimstepf/NCBI_Datasets_10-23_SORTED/GCF_000003215.1_ASM321v1_genomic.fna.gz, outgff=/tmp/buildtrainingset.yTWq/per_genome/GCF_000003215.1_ASM321v1_genomic.predicted.gff, cds, threads=8]

Time:                         	1.601 seconds.
Reads Processed:          15 	0.01k reads/sec
Bases Processed:       4127k 	2.58m bases/sec
Lines Out:              3403
Bytes Out:              534k

Approx Coding Fraction:	       0.8152
CDS Out:              	         3390
16S Out:              	            5
23S Out:              	            1
5S Out:               	            3
tRNA Out:             	            4
FASTA contig IDs for GCF_000003215.1_ASM321v1_genomic:
NZ_CM000441.1
NZ_ABFD02000018.1
NZ_ABFD02000019.1
NCBI GFF contig IDs for GCF_000003215.1_ASM321v1_genomic:
NZ_ABFD02000018.1
NZ_ABFD02000019.1
NZ_ABFD02000020.1
Executing prok.CallGenes [in=/clusterfs/jgi/scratch/gentech/genome_analysis/brandonimstepf/NCBI_Datasets_10-23_SORTED/GCF_000003645.1_ASM364v1_genomic.fna.gz, outgff=/tmp/buildtrainingset.yTWq/per_genome/GCF_000003645.1_ASM364v1_genomic.all.gff, cds, nofilter=true, threads=8]

Time:                         	4.417 seconds.
Reads Processed:           1 	0.00k reads/sec
Bases Processed:       5269k 	1.19m bases/sec
Lines Out:              107k
Bytes Out:              100m

Approx Coding Fraction:	       0.0000
CDS Out:              	            0
16S Out:              	            0
23S Out:              	            0
5S Out:               	            0
tRNA Out:             	            0
Executing prok.CallGenes [in=/clusterfs/jgi/scratch/gentech/genome_analysis/brandonimstepf/NCBI_Datasets_10-23_SORTED/GCF_000003645.1_ASM364v1_genomic.fna.gz, outgff=/tmp/buildtrainingset.yTWq/per_genome/GCF_000003645.1_ASM364v1_genomic.predicted.gff, cds, threads=8]

Time:                         	2.143 seconds.
Reads Processed:           1 	0.00k reads/sec
Bases Processed:       5269k 	2.46m bases/sec
Lines Out:              4721
Bytes Out:              740k

Approx Coding Fraction:	       0.8144
CDS Out:              	         4712
16S Out:              	            0
23S Out:              	            1
5S Out:               	            2
tRNA Out:             	            6
FASTA contig IDs for GCF_000003645.1_ASM364v1_genomic:
NZ_CM000714.1
NCBI GFF contig IDs for GCF_000003645.1_ASM364v1_genomic:
NZ_CM000714.1
Executing prok.CallGenes [in=/clusterfs/jgi/scratch/gentech/genome_analysis/brandonimstepf/NCBI_Datasets_10-23_SORTED/GCF_000003925.1_ASM392v1_genomic.fna.gz, outgff=/tmp/buildtrainingset.yTWq/per_genome/GCF_000003925.1_ASM392v1_genomic.all.gff, cds, nofilter=true, threads=8]

Time:                         	3.940 seconds.
Reads Processed:           1 	0.00k reads/sec
Bases Processed:       5561k 	1.41m bases/sec
Lines Out:              112k
Bytes Out:              104m

Approx Coding Fraction:	       0.0000
CDS Out:              	            0
16S Out:              	            0
23S Out:              	            0
5S Out:               	            0
tRNA Out:             	            0
Executing prok.CallGenes [in=/clusterfs/jgi/scratch/gentech/genome_analysis/brandonimstepf/NCBI_Datasets_10-23_SORTED/GCF_000003925.1_ASM392v1_genomic.fna.gz, outgff=/tmp/buildtrainingset.yTWq/per_genome/GCF_000003925.1_ASM392v1_genomic.predicted.gff, cds, threads=8]

Time:                         	2.042 seconds.
Reads Processed:           1 	0.00k reads/sec
Bases Processed:       5561k 	2.72m bases/sec
Lines Out:              4911
Bytes Out:              770k

Approx Coding Fraction:	       0.7910
CDS Out:              	         4895
16S Out:              	            1
23S Out:              	            1
5S Out:               	            5
tRNA Out:             	            9
FASTA contig IDs for GCF_000003925.1_ASM392v1_genomic:
NZ_CM000742.1
NCBI GFF contig IDs for GCF_000003925.1_ASM392v1_genomic:
NZ_CM000742.1
Executing prok.CallGenes [in=/clusterfs/jgi/scratch/gentech/genome_analysis/brandonimstepf/NCBI_Datasets_10-23_SORTED/GCF_000003955.1_ASM395v1_genomic.fna.gz, outgff=/tmp/buildtrainingset.yTWq/per_genome/GCF_000003955.1_ASM395v1_genomic.all.gff, cds, nofilter=true, threads=8]

Time:                         	4.183 seconds.
Reads Processed:           1 	0.00k reads/sec
Bases Processed:       5790k 	1.38m bases/sec
Lines Out:              117k
Bytes Out:              109m

Approx Coding Fraction:	       0.0000
CDS Out:              	            0
16S Out:              	            0
23S Out:              	            0
5S Out:               	            0
tRNA Out:             	            0
Executing prok.CallGenes [in=/clusterfs/jgi/scratch/gentech/genome_analysis/brandonimstepf/NCBI_Datasets_10-23_SORTED/GCF_000003955.1_ASM395v1_genomic.fna.gz, outgff=/tmp/buildtrainingset.yTWq/per_genome/GCF_000003955.1_ASM395v1_genomic.predicted.gff, cds, threads=8]

Time:                         	1.794 seconds.
Reads Processed:           1 	0.00k reads/sec
Bases Processed:       5790k 	3.23m bases/sec
Lines Out:              5216
Bytes Out:              818k

Approx Coding Fraction:	       0.7948
CDS Out:              	         5203
16S Out:              	            1
23S Out:              	            1
5S Out:               	            5
tRNA Out:             	            6
FASTA contig IDs for GCF_000003955.1_ASM395v1_genomic:
NZ_CM000741.1
NCBI GFF contig IDs for GCF_000003955.1_ASM395v1_genomic:
NZ_CM000741.1
Executing prok.CallGenes [in=/clusterfs/jgi/scratch/gentech/genome_analysis/brandonimstepf/NCBI_Datasets_10-23_SORTED/GCF_001005065.1_ASM100506v1_genomic.fna.gz, outgff=/tmp/buildtrainingset.yTWq/per_genome/GCF_001005065.1_ASM100506v1_genomic.all.gff, cds, nofilter=true, threads=8]

Time:                         	1.934 seconds.
Reads Processed:          57 	0.03k reads/sec
Bases Processed:       3143k 	1.63m bases/sec
Lines Out:             85305
Bytes Out:            79793k

Approx Coding Fraction:	       0.0000
CDS Out:              	            0
16S Out:              	            0
23S Out:              	            0
5S Out:               	            0
tRNA Out:             	            0
Executing prok.CallGenes [in=/clusterfs/jgi/scratch/gentech/genome_analysis/brandonimstepf/NCBI_Datasets_10-23_SORTED/GCF_001005065.1_ASM100506v1_genomic.fna.gz, outgff=/tmp/buildtrainingset.yTWq/per_genome/GCF_001005065.1_ASM100506v1_genomic.predicted.gff, cds, threads=8]

Time:                         	1.037 seconds.
Reads Processed:          57 	0.05k reads/sec
Bases Processed:       3143k 	3.03m bases/sec
Lines Out:              2570
Bytes Out:              412k

Approx Coding Fraction:	       0.8621
CDS Out:              	         2539
16S Out:              	            1
23S Out:              	            1
5S Out:               	            3
tRNA Out:             	           26
FASTA contig IDs for GCF_001005065.1_ASM100506v1_genomic:
NZ_LBIB01000001.1
NZ_LBIB01000010.1
NZ_LBIB01000011.1
NCBI GFF contig IDs for GCF_001005065.1_ASM100506v1_genomic:
NZ_LBIB01000001.1
NZ_LBIB01000002.1
NZ_LBIB01000003.1
Executing prok.CallGenes [in=/clusterfs/jgi/scratch/gentech/genome_analysis/brandonimstepf/NCBI_Datasets_10-23_SORTED/GCF_001005085.1_ASM100508v1_genomic.fna.gz, outgff=/tmp/buildtrainingset.yTWq/per_genome/GCF_001005085.1_ASM100508v1_genomic.all.gff, cds, nofilter=true, threads=8]

Time:                         	2.472 seconds.
Reads Processed:        1013 	0.41k reads/sec
Bases Processed:      10218k 	4.13m bases/sec
Lines Out:              208k
Bytes Out:              195m

Approx Coding Fraction:	       0.0000
CDS Out:              	            0
16S Out:              	            0
23S Out:              	            0
5S Out:               	            0
tRNA Out:             	            0
Executing prok.CallGenes [in=/clusterfs/jgi/scratch/gentech/genome_analysis/brandonimstepf/NCBI_Datasets_10-23_SORTED/GCF_001005085.1_ASM100508v1_genomic.fna.gz, outgff=/tmp/buildtrainingset.yTWq/per_genome/GCF_001005085.1_ASM100508v1_genomic.predicted.gff, cds, threads=8]

Time:                         	1.212 seconds.
Reads Processed:        1013 	0.84k reads/sec
Bases Processed:      10218k 	8.43m bases/sec
Lines Out:              9412
Bytes Out:             1494k

Approx Coding Fraction:	       0.8944
CDS Out:              	         9368
16S Out:              	            1
23S Out:              	            1
5S Out:               	            3
tRNA Out:             	           39
FASTA contig IDs for GCF_001005085.1_ASM100508v1_genomic:
NZ_LBMU01000001.1
NZ_LBMU01000010.1
NZ_LBMU01000100.1
