Starting sorting at Wed Oct 29 19:22:26 PDT 2025
Using temporary directory: /tmp/buildtrainingset.yTWq
Gathering inputs from /clusterfs/jgi/scratch/gentech/genome_analysis/brandonimstepf/NCBI_Datasets_10-23_SORTED
--- Processing genome: GCF_000003135.1_ASM313v1_genomic ---
  Calling genes (all candidates)...
  Calling genes (filtered predictions)...
--- Processing genome: GCF_000003215.1_ASM321v1_genomic ---
  Calling genes (all candidates)...
  Calling genes (filtered predictions)...
--- Processing genome: GCF_000003645.1_ASM364v1_genomic ---
  Calling genes (all candidates)...
  Calling genes (filtered predictions)...
--- Processing genome: GCF_000003925.1_ASM392v1_genomic ---
  Calling genes (all candidates)...
  Calling genes (filtered predictions)...
--- Processing genome: GCF_000003955.1_ASM395v1_genomic ---
  Calling genes (all candidates)...
  Calling genes (filtered predictions)...
--- Processing genome: GCF_001005065.1_ASM100506v1_genomic ---
  Calling genes (all candidates)...
  Calling genes (filtered predictions)...
--- Processing genome: GCF_001005085.1_ASM100508v1_genomic ---
  Calling genes (all candidates)...
  Calling genes (filtered predictions)...
Finished sorting at Wed Oct 29 19:23:03 PDT 2025
