java -ea -Xmx6676m -Xms6676m -cp /clusterfs/jgi/scratch/gentech/genome_analysis/brandonimstepf/bbmap/current/ ml.Trainer in=ncbi_vector_long.tsv dims=353,45,90,180,1 outb=out_353-45-90-180-1.bbnet balance=f t=8

Loading ncbi_vector_long.tsv
Inferring 353 inputs, 1 output, 0 weights.
Data was organized into 6 sets.
Using 8 worker threads, 1 trainer thread, 8 jobs/trainer/batch, 400000 batches, 1 cycle to train 1 network total.
Batch 1:	ERR= 0.420169	WER= 4.349346	FPR= 0.045589	FNR= 0.045565	CTF= 1.332019	0.97s
Batch 4:	ERR= 0.174026	WER= 1.462724	FPR= 0.045367	FNR= 0.045342	CTF= 1.002973	1.82s
Batch 16:	ERR= 0.166411	WER= 0.625371	FPR= 0.045540	FNR= 0.045515	CTF= 0.622008	5.69s
Batch 64:	ERR= 0.080096	WER= 0.419819	FPR= 0.045219	FNR= 0.045194	CTF= 0.548126	17.7s
Batch 256:	ERR= 0.905546	WER= 1.215392	FPR= 0.034272	FNR= 0.034248	CTF= -0.901261	25.7s
Batch 1024:	ERR= 0.033393	WER= 0.153031	FPR= 0.018804	FNR= 0.018705	CTF= 0.574258	33.0s
Batch 4096:	ERR= 0.080570	WER= 0.126154	FPR= 0.015345	FNR= 0.015320	CTF= 0.599032	130s
Batch 10k:	ERR= 1.134188	WER= 2.274612	FPR= 0.018582	FNR= 0.018557	CTF= 2.018367	256s
Batch 20k:	ERR= 0.021340	WER= 0.071606	FPR= 0.009044	FNR= 0.009019	CTF= 0.519423	435s
Batch 30k:	ERR= 0.025742	WER= 0.074862	FPR= 0.010255	FNR= 0.010230	CTF= 0.507990	434s
Batch 40k:	ERR= 0.032083	WER= 0.083277	FPR= 0.010452	FNR= 0.010427	CTF= 0.526290	437s
Batch 50k:	ERR= 0.033252	WER= 0.094176	FPR= 0.010625	FNR= 0.010600	CTF= 0.536356	439s
Batch 60k:	ERR= 0.029689	WER= 0.096468	FPR= 0.010576	FNR= 0.010551	CTF= 0.545632	436s
Batch 70k:	ERR= 0.036040	WER= 0.105197	FPR= 0.010403	FNR= 0.010378	CTF= 0.560645	435s
Batch 80k:	ERR= 0.030871	WER= 0.107304	FPR= 0.010773	FNR= 0.010749	CTF= 0.545676	436s
Batch 90k:	ERR= 0.030220	WER= 0.108099	FPR= 0.010600	FNR= 0.010576	CTF= 0.554557	435s
Batch 100k:	ERR= 0.037238	WER= 0.110953	FPR= 0.010329	FNR= 0.010304	CTF= 0.557340	439s
Batch 110k:	ERR= 0.028875	WER= 0.110926	FPR= 0.010502	FNR= 0.010477	CTF= 0.570752	404s
Batch 120k:	ERR= 0.025056	WER= 0.111351	FPR= 0.010675	FNR= 0.010650	CTF= 0.563290	406s
Batch 130k:	ERR= 0.022364	WER= 0.112815	FPR= 0.010922	FNR= 0.010897	CTF= 0.563795	405s
Batch 140k:	ERR= 0.023314	WER= 0.114681	FPR= 0.010897	FNR= 0.010872	CTF= 0.575614	406s
Batch 150k:	ERR= 0.023829	WER= 0.115364	FPR= 0.010749	FNR= 0.010724	CTF= 0.568283	406s
Batch 160k:	ERR= 0.022330	WER= 0.115469	FPR= 0.010848	FNR= 0.010823	CTF= 0.570292	406s
Batch 170k:	ERR= 0.020376	WER= 0.116614	FPR= 0.010823	FNR= 0.010798	CTF= 0.587393	407s
Batch 180k:	ERR= 0.022039	WER= 0.118427	FPR= 0.010773	FNR= 0.010749	CTF= 0.609336	440s
Batch 190k:	ERR= 0.021398	WER= 0.117852	FPR= 0.010699	FNR= 0.010675	CTF= 0.589041	411s
Batch 200k:	ERR= 0.021056	WER= 0.117688	FPR= 0.010600	FNR= 0.010576	CTF= 0.582378	407s
Batch 210k:	ERR= 0.019608	WER= 0.118023	FPR= 0.010749	FNR= 0.010724	CTF= 0.579900	404s
Batch 220k:	ERR= 0.020363	WER= 0.118875	FPR= 0.010773	FNR= 0.010749	CTF= 0.605214	408s
Batch 230k:	ERR= 0.021017	WER= 0.118884	FPR= 0.010650	FNR= 0.010625	CTF= 0.582451	409s
Batch 240k:	ERR= 0.020142	WER= 0.118967	FPR= 0.010773	FNR= 0.010749	CTF= 0.591189	408s
Batch 250k:	ERR= 0.018911	WER= 0.118640	FPR= 0.010699	FNR= 0.010675	CTF= 0.592506	410s
Batch 260k:	ERR= 0.020073	WER= 0.119653	FPR= 0.010724	FNR= 0.010699	CTF= 0.609736	411s
Batch 270k:	ERR= 0.020449	WER= 0.119973	FPR= 0.010625	FNR= 0.010600	CTF= 0.592434	407s
Batch 280k:	ERR= 0.019668	WER= 0.119746	FPR= 0.010625	FNR= 0.010600	CTF= 0.593955	414s
Batch 290k:	ERR= 0.018636	WER= 0.119485	FPR= 0.010625	FNR= 0.010600	CTF= 0.602759	414s
Batch 300k:	ERR= 0.019150	WER= 0.119923	FPR= 0.010650	FNR= 0.010625	CTF= 0.607785	410s
Batch 310k:	ERR= 0.019837	WER= 0.120205	FPR= 0.010650	FNR= 0.010625	CTF= 0.600331	412s
Batch 320k:	ERR= 0.019346	WER= 0.120042	FPR= 0.010699	FNR= 0.010675	CTF= 0.594692	416s
Batch 330k:	ERR= 0.018514	WER= 0.119643	FPR= 0.010724	FNR= 0.010699	CTF= 0.596335	417s
Batch 340k:	ERR= 0.018815	WER= 0.119947	FPR= 0.010675	FNR= 0.010650	CTF= 0.605399	415s
Batch 350k:	ERR= 0.019357	WER= 0.120463	FPR= 0.010724	FNR= 0.010699	CTF= 0.594579	408s
Batch 360k:	ERR= 0.019151	WER= 0.120501	FPR= 0.010798	FNR= 0.010773	CTF= 0.593689	401s
Batch 370k:	ERR= 0.018327	WER= 0.119718	FPR= 0.010773	FNR= 0.010749	CTF= 0.585042	401s
Batch 380k:	ERR= 0.018603	WER= 0.120324	FPR= 0.010798	FNR= 0.010773	CTF= 0.598497	410s
Batch 390k:	ERR= 0.019210	WER= 0.120839	FPR= 0.010773	FNR= 0.010749	CTF= 0.590212	416s
Batch 400k:	ERR= 0.018924	WER= 0.120802	FPR= 0.010798	FNR= 0.010773	CTF= 0.595291	501s

Best:		ERR= 0.021340	WER= 0.071606	FPR= 0.009044	FNR= 0.009019	CTF= 0.519423
Final:		ERR= 0.018924	WER= 0.120802	FPR= 0.010798	FNR= 0.010773	CTF= 0.595291

Time:                         	16813.405 seconds.
Lines Processed:       2161m 	128.55k lines/sec
Edges Processed:      78492b 	4668.43m edges/sec

Lines In:          	402053
Lines Out:         	2338
Bytes Out:         	2436853
