java -ea -Xmx6676m -Xms6676m -cp /clusterfs/jgi/scratch/gentech/genome_analysis/brandonimstepf/bbmap/current/ ml.Trainer in=ncbi_vector_long.tsv dims=353,90,45,180,1 outb=out_353-90-45-180-1.bbnet balance=f t=8

Loading ncbi_vector_long.tsv
Inferring 353 inputs, 1 output, 0 weights.
Data was organized into 6 sets.
Using 8 worker threads, 1 trainer thread, 8 jobs/trainer/batch, 400000 batches, 1 cycle to train 1 network total.
Batch 1:	ERR= 0.372526	WER= 3.746440	FPR= 0.047072	FNR= 0.047047	CTF= 1.339114	1.03s
Batch 4:	ERR= 0.232226	WER= 1.931881	FPR= 0.047097	FNR= 0.047072	CTF= 1.115111	1.76s
Batch 16:	ERR= 0.236172	WER= 0.919603	FPR= 0.046998	FNR= 0.046973	CTF= 0.702195	5.97s
Batch 64:	ERR= 0.096849	WER= 0.533643	FPR= 0.046380	FNR= 0.046355	CTF= 0.585604	18.5s
Batch 256:	ERR= 0.066123	WER= 0.272077	FPR= 0.036916	FNR= 0.036892	CTF= 0.529306	27.4s
Batch 1024:	ERR= 0.031478	WER= 0.111161	FPR= 0.017618	FNR= 0.017593	CTF= 0.458271	35.1s
Batch 4096:	ERR= 0.053500	WER= 0.088355	FPR= 0.012404	FNR= 0.012380	CTF= 0.537002	140s
Batch 10k:	ERR= 1.249235	WER= 6.205691	FPR= 0.024067	FNR= 0.024018	CTF= 2.900718	272s
Batch 20k:	ERR= 0.018230	WER= 0.075840	FPR= 0.009661	FNR= 0.009637	CTF= 0.519632	464s
Batch 30k:	ERR= 0.024758	WER= 0.085516	FPR= 0.010699	FNR= 0.010675	CTF= 0.542933	464s
Batch 40k:	ERR= 0.023970	WER= 0.085980	FPR= 0.010576	FNR= 0.010551	CTF= 0.528259	465s
Batch 50k:	ERR= 0.021196	WER= 0.104221	FPR= 0.010230	FNR= 0.010205	CTF= 0.568943	460s
Batch 60k:	ERR= 0.017725	WER= 0.108941	FPR= 0.010353	FNR= 0.010329	CTF= 0.649071	460s
Batch 70k:	ERR= 0.022709	WER= 0.110857	FPR= 0.010057	FNR= 0.010032	CTF= 0.600938	460s
Batch 80k:	ERR= 0.019401	WER= 0.111666	FPR= 0.010131	FNR= 0.010106	CTF= 0.627166	464s
Batch 90k:	ERR= 0.015739	WER= 0.108534	FPR= 0.010230	FNR= 0.010205	CTF= 0.614231	467s
Batch 100k:	ERR= 0.020362	WER= 0.112758	FPR= 0.010156	FNR= 0.010131	CTF= 0.626995	478s
Batch 110k:	ERR= 0.016251	WER= 0.111851	FPR= 0.010205	FNR= 0.010180	CTF= 0.606951	440s
Batch 120k:	ERR= 0.015227	WER= 0.111522	FPR= 0.010304	FNR= 0.010279	CTF= 0.582640	442s
Batch 130k:	ERR= 0.013921	WER= 0.112129	FPR= 0.010329	FNR= 0.010304	CTF= 0.625671	440s
Batch 140k:	ERR= 0.013479	WER= 0.111716	FPR= 0.010255	FNR= 0.010230	CTF= 0.624046	430s
Batch 150k:	ERR= 0.013693	WER= 0.111754	FPR= 0.010279	FNR= 0.010255	CTF= 0.602966	434s
Batch 160k:	ERR= 0.013779	WER= 0.112143	FPR= 0.010329	FNR= 0.010304	CTF= 0.594891	433s
Batch 170k:	ERR= 0.013180	WER= 0.112124	FPR= 0.010255	FNR= 0.010230	CTF= 0.627593	475s
Batch 180k:	ERR= 0.013070	WER= 0.112209	FPR= 0.010279	FNR= 0.010255	CTF= 0.612643	456s
Batch 190k:	ERR= 0.013320	WER= 0.112385	FPR= 0.010329	FNR= 0.010304	CTF= 0.600076	566s
Batch 200k:	ERR= 0.013252	WER= 0.112487	FPR= 0.010353	FNR= 0.010329	CTF= 0.596744	542s
Batch 210k:	ERR= 0.012852	WER= 0.111975	FPR= 0.010378	FNR= 0.010353	CTF= 0.611203	590s
Batch 220k:	ERR= 0.012811	WER= 0.112213	FPR= 0.010427	FNR= 0.010403	CTF= 0.614830	591s
Batch 230k:	ERR= 0.012978	WER= 0.112204	FPR= 0.010353	FNR= 0.010329	CTF= 0.606719	479s
Batch 240k:	ERR= 0.012966	WER= 0.112471	FPR= 0.010353	FNR= 0.010329	CTF= 0.600669	602s
Batch 250k:	ERR= 0.012711	WER= 0.112268	FPR= 0.010378	FNR= 0.010353	CTF= 0.616218	520s
Batch 260k:	ERR= 0.012691	WER= 0.112223	FPR= 0.010378	FNR= 0.010353	CTF= 0.608404	562s
Batch 270k:	ERR= 0.012817	WER= 0.112352	FPR= 0.010353	FNR= 0.010329	CTF= 0.609582	505s
Batch 280k:	ERR= 0.012777	WER= 0.112377	FPR= 0.010403	FNR= 0.010378	CTF= 0.609175	605s
Batch 290k:	ERR= 0.012615	WER= 0.112639	FPR= 0.010427	FNR= 0.010403	CTF= 0.610923	599s
Batch 300k:	ERR= 0.012611	WER= 0.112450	FPR= 0.010427	FNR= 0.010403	CTF= 0.610983	440s
Batch 310k:	ERR= 0.012713	WER= 0.112355	FPR= 0.010403	FNR= 0.010378	CTF= 0.602740	439s
Batch 320k:	ERR= 0.012704	WER= 0.112562	FPR= 0.010427	FNR= 0.010403	CTF= 0.601044	656s
Batch 330k:	ERR= 0.012535	WER= 0.112365	FPR= 0.010452	FNR= 0.010427	CTF= 0.612486	636s
Batch 340k:	ERR= 0.012544	WER= 0.112483	FPR= 0.010526	FNR= 0.010502	CTF= 0.608250	688s
Batch 350k:	ERR= 0.012675	WER= 0.112653	FPR= 0.010526	FNR= 0.010502	CTF= 0.605379	668s
Batch 360k:	ERR= 0.012620	WER= 0.112557	FPR= 0.010526	FNR= 0.010502	CTF= 0.600901	664s
Batch 370k:	ERR= 0.012465	WER= 0.112522	FPR= 0.010502	FNR= 0.010477	CTF= 0.614445	684s
Batch 380k:	ERR= 0.012516	WER= 0.112428	FPR= 0.010551	FNR= 0.010526	CTF= 0.607866	700s
Batch 390k:	ERR= 0.012537	WER= 0.112362	FPR= 0.010526	FNR= 0.010502	CTF= 0.604620	670s
Batch 400k:	ERR= 0.012550	WER= 0.112422	FPR= 0.010551	FNR= 0.010526	CTF= 0.604375	629s

Best:		ERR= 0.018230	WER= 0.075840	FPR= 0.009661	FNR= 0.009637	CTF= 0.519632
Final:		ERR= 0.012550	WER= 0.112422	FPR= 0.010551	FNR= 0.010526	CTF= 0.604375

Time:                         	21288.200 seconds.
Lines Processed:       2161m 	101.53k lines/sec
Edges Processed:      95318b 	4477.55m edges/sec

Lines In:          	402053
Lines Out:         	2338
Bytes Out:         	2949693
