java -ea -Xmx6676m -Xms6676m -cp /clusterfs/jgi/scratch/gentech/genome_analysis/brandonimstepf/bbmap/current/ ml.Trainer in=ncbi_vector_long.tsv dims=353,180,90,45,1 outb=out_353-180-90-45-1.bbnet balance=f t=8

Loading ncbi_vector_long.tsv
Inferring 353 inputs, 1 output, 0 weights.
Data was organized into 6 sets.
Using 8 worker threads, 1 trainer thread, 8 jobs/trainer/batch, 400000 batches, 1 cycle to train 1 network total.
Batch 1:	ERR= 0.262587	WER= 1.138651	FPR= 0.046701	FNR= 0.046677	CTF= 0.845768	1.56s
Batch 4:	ERR= 0.268406	WER= 1.094122	FPR= 0.046701	FNR= 0.046677	CTF= 0.818677	2.91s
Batch 16:	ERR= 0.288285	WER= 0.977573	FPR= 0.046726	FNR= 0.046701	CTF= 0.716291	9.91s
Batch 64:	ERR= 0.193587	WER= 0.758726	FPR= 0.046652	FNR= 0.046627	CTF= 0.639153	30.7s
Batch 256:	ERR= 0.056607	WER= 0.368819	FPR= 0.045021	FNR= 0.044996	CTF= -0.091535	44.8s
Batch 1024:	ERR= 0.049712	WER= 0.156554	FPR= 0.028391	FNR= 0.028342	CTF= 0.442923	58.7s
Batch 4096:	ERR= 0.020765	WER= 0.093399	FPR= 0.012330	FNR= 0.012305	CTF= 0.599732	233s
Batch 10k:	ERR= 0.036067	WER= 0.078953	FPR= 0.010773	FNR= 0.010749	CTF= 0.472064	446s
Batch 20k:	ERR= 0.038394	WER= 0.089908	FPR= 0.010798	FNR= 0.010773	CTF= 0.552835	755s
Batch 30k:	ERR= 0.036035	WER= 0.103986	FPR= 0.010007	FNR= 0.009983	CTF= 0.595476	754s
Batch 40k:	ERR= 0.027990	WER= 0.104982	FPR= 0.009859	FNR= 0.009834	CTF= 0.610556	756s
Batch 50k:	ERR= 0.023466	WER= 0.104478	FPR= 0.010131	FNR= 0.010106	CTF= 0.594285	754s
Batch 60k:	ERR= 0.018818	WER= 0.108961	FPR= 0.010230	FNR= 0.010205	CTF= 0.660727	754s
Batch 70k:	ERR= 0.021700	WER= 0.108183	FPR= 0.010156	FNR= 0.010131	CTF= 0.593996	754s
Batch 80k:	ERR= 0.017574	WER= 0.109349	FPR= 0.010502	FNR= 0.010477	CTF= 0.642319	754s
Batch 90k:	ERR= 0.016114	WER= 0.107292	FPR= 0.010600	FNR= 0.010576	CTF= 0.623752	754s
Batch 100k:	ERR= 0.016814	WER= 0.109070	FPR= 0.010576	FNR= 0.010551	CTF= 0.638374	787s
Batch 110k:	ERR= 0.015198	WER= 0.107714	FPR= 0.010576	FNR= 0.010551	CTF= 0.607764	706s
Batch 120k:	ERR= 0.014207	WER= 0.106882	FPR= 0.010526	FNR= 0.010502	CTF= 0.599172	704s
Batch 130k:	ERR= 0.013777	WER= 0.107942	FPR= 0.010600	FNR= 0.010576	CTF= 0.623142	705s
Batch 140k:	ERR= 0.013241	WER= 0.107111	FPR= 0.010650	FNR= 0.010625	CTF= 0.620709	702s
Batch 150k:	ERR= 0.013282	WER= 0.107356	FPR= 0.010576	FNR= 0.010551	CTF= 0.614196	702s
Batch 160k:	ERR= 0.013057	WER= 0.106935	FPR= 0.010551	FNR= 0.010526	CTF= 0.603034	706s
Batch 170k:	ERR= 0.012926	WER= 0.107792	FPR= 0.010675	FNR= 0.010650	CTF= 0.623954	702s
Batch 180k:	ERR= 0.012693	WER= 0.107393	FPR= 0.010675	FNR= 0.010650	CTF= 0.610248	707s
Batch 190k:	ERR= 0.012695	WER= 0.107416	FPR= 0.010600	FNR= 0.010576	CTF= 0.606403	711s
Batch 200k:	ERR= 0.012606	WER= 0.107476	FPR= 0.010675	FNR= 0.010650	CTF= 0.607102	707s
Batch 210k:	ERR= 0.012534	WER= 0.107904	FPR= 0.010625	FNR= 0.010600	CTF= 0.622224	704s
Batch 220k:	ERR= 0.012452	WER= 0.107503	FPR= 0.010625	FNR= 0.010600	CTF= 0.617240	704s
Batch 230k:	ERR= 0.012418	WER= 0.107472	FPR= 0.010724	FNR= 0.010699	CTF= 0.615050	767s
Batch 240k:	ERR= 0.012375	WER= 0.107273	FPR= 0.010749	FNR= 0.010724	CTF= 0.608432	932s
Batch 250k:	ERR= 0.012320	WER= 0.107690	FPR= 0.010773	FNR= 0.010749	CTF= 0.615923	895s
Batch 260k:	ERR= 0.012288	WER= 0.107566	FPR= 0.010749	FNR= 0.010724	CTF= 0.612183	904s
Batch 270k:	ERR= 0.012281	WER= 0.107566	FPR= 0.010749	FNR= 0.010724	CTF= 0.612534	944s
Batch 280k:	ERR= 0.012240	WER= 0.107480	FPR= 0.010699	FNR= 0.010675	CTF= 0.607504	927s
Batch 290k:	ERR= 0.012212	WER= 0.107545	FPR= 0.010724	FNR= 0.010699	CTF= 0.613940	978s
Batch 300k:	ERR= 0.012197	WER= 0.107365	FPR= 0.010724	FNR= 0.010699	CTF= 0.606424	945s
Batch 310k:	ERR= 0.012195	WER= 0.107544	FPR= 0.010749	FNR= 0.010724	CTF= 0.607915	908s
Batch 320k:	ERR= 0.012159	WER= 0.107629	FPR= 0.010749	FNR= 0.010724	CTF= 0.608525	1051s
Batch 330k:	ERR= 0.012113	WER= 0.107579	FPR= 0.010749	FNR= 0.010724	CTF= 0.610856	930s
Batch 340k:	ERR= 0.012105	WER= 0.107556	FPR= 0.010749	FNR= 0.010724	CTF= 0.608192	960s
Batch 350k:	ERR= 0.012117	WER= 0.107678	FPR= 0.010773	FNR= 0.010749	CTF= 0.608709	940s
Batch 360k:	ERR= 0.012093	WER= 0.107712	FPR= 0.010749	FNR= 0.010724	CTF= 0.608589	1110s
Batch 370k:	ERR= 0.012055	WER= 0.107647	FPR= 0.010773	FNR= 0.010749	CTF= 0.608642	889s
Batch 380k:	ERR= 0.012063	WER= 0.107726	FPR= 0.010773	FNR= 0.010749	CTF= 0.611287	1017s
Batch 390k:	ERR= 0.012054	WER= 0.107681	FPR= 0.010773	FNR= 0.010749	CTF= 0.611052	892s
Batch 400k:	ERR= 0.012029	WER= 0.107590	FPR= 0.010749	FNR= 0.010724	CTF= 0.610022	1018s

Best:		ERR= 0.027990	WER= 0.104982	FPR= 0.009859	FNR= 0.009834	CTF= 0.610556
Final:		ERR= 0.012029	WER= 0.107590	FPR= 0.010749	FNR= 0.010724	CTF= 0.610022

Time:                         	33143.176 seconds.
Lines Processed:       2161m 	65.21k lines/sec
Edges Processed:        181t 	5467.29m edges/sec

Lines In:          	402053
Lines Out:         	3006
Bytes Out:         	7150788
