java -ea -Xmx6676m -Xms6676m -cp /clusterfs/jgi/scratch/gentech/genome_analysis/brandonimstepf/bbmap/current/ ml.Trainer in=ncbi_vector_long.tsv dims=353,100,50,200,1 outb=out_353-100-50-200-1.bbnet balance=f t=8

Loading ncbi_vector_long.tsv
Inferring 353 inputs, 1 output, 0 weights.
Data was organized into 6 sets.
Using 8 worker threads, 1 trainer thread, 8 jobs/trainer/batch, 400000 batches, 1 cycle to train 1 network total.
Batch 1:	ERR= 0.233232	WER= 0.868517	FPR= 0.046429	FNR= 0.046405	CTF= 0.700873	1.16s
Batch 4:	ERR= 0.233710	WER= 0.858730	FPR= 0.046405	FNR= 0.046355	CTF= 0.690034	2.04s
Batch 16:	ERR= 0.221091	WER= 0.812373	FPR= 0.046454	FNR= 0.046429	CTF= 0.665584	6.91s
Batch 64:	ERR= 0.120024	WER= 0.572599	FPR= 0.045589	FNR= 0.045540	CTF= 0.612554	22.3s
Batch 256:	ERR= 0.961902	WER= 1.333059	FPR= 0.036471	FNR= 0.036447	CTF= -1.012705	32.1s
Batch 1024:	ERR= 0.031698	WER= 0.126765	FPR= 0.019496	FNR= 0.019471	CTF= 0.472335	41.9s
Batch 4096:	ERR= 0.017696	WER= 0.072514	FPR= 0.011169	FNR= 0.011144	CTF= 0.503446	159s
Batch 10k:	ERR= 0.774277	WER= 0.747125	FPR= 0.015987	FNR= 0.015962	CTF= 1.288101	310s
Batch 20k:	ERR= 0.023569	WER= 0.068738	FPR= 0.010082	FNR= 0.010057	CTF= 0.490739	523s
Batch 30k:	ERR= 0.024662	WER= 0.085949	FPR= 0.010798	FNR= 0.010773	CTF= 0.544126	525s
Batch 40k:	ERR= 0.023496	WER= 0.101516	FPR= 0.010823	FNR= 0.010798	CTF= 0.550454	525s
Batch 50k:	ERR= 0.019821	WER= 0.106141	FPR= 0.010551	FNR= 0.010526	CTF= 0.569624	525s
Batch 60k:	ERR= 0.016266	WER= 0.111141	FPR= 0.010625	FNR= 0.010600	CTF= 0.673829	521s
Batch 70k:	ERR= 0.018616	WER= 0.112139	FPR= 0.010329	FNR= 0.010304	CTF= 0.607683	526s
Batch 80k:	ERR= 0.016082	WER= 0.112612	FPR= 0.010526	FNR= 0.010502	CTF= 0.640227	524s
Batch 90k:	ERR= 0.014456	WER= 0.110331	FPR= 0.010526	FNR= 0.010502	CTF= 0.622797	528s
Batch 100k:	ERR= 0.016203	WER= 0.113242	FPR= 0.010576	FNR= 0.010551	CTF= 0.637732	531s
Batch 110k:	ERR= 0.014372	WER= 0.112931	FPR= 0.010403	FNR= 0.010378	CTF= 0.607233	495s
Batch 120k:	ERR= 0.014088	WER= 0.113015	FPR= 0.010279	FNR= 0.010255	CTF= 0.588284	497s
Batch 130k:	ERR= 0.013664	WER= 0.113714	FPR= 0.010329	FNR= 0.010304	CTF= 0.617995	490s
Batch 140k:	ERR= 0.013216	WER= 0.113669	FPR= 0.010403	FNR= 0.010378	CTF= 0.613755	497s
Batch 150k:	ERR= 0.013435	WER= 0.113191	FPR= 0.010477	FNR= 0.010452	CTF= 0.595243	503s
Batch 160k:	ERR= 0.013359	WER= 0.113786	FPR= 0.010502	FNR= 0.010477	CTF= 0.594511	578s
Batch 170k:	ERR= 0.012964	WER= 0.113481	FPR= 0.010452	FNR= 0.010427	CTF= 0.615287	659s
Batch 180k:	ERR= 0.012910	WER= 0.113137	FPR= 0.010452	FNR= 0.010427	CTF= 0.598624	661s
Batch 190k:	ERR= 0.012975	WER= 0.113415	FPR= 0.010502	FNR= 0.010477	CTF= 0.592258	647s
Batch 200k:	ERR= 0.012962	WER= 0.113577	FPR= 0.010452	FNR= 0.010427	CTF= 0.592067	550s
Batch 210k:	ERR= 0.012674	WER= 0.113209	FPR= 0.010452	FNR= 0.010427	CTF= 0.608197	627s
Batch 220k:	ERR= 0.012654	WER= 0.113039	FPR= 0.010427	FNR= 0.010403	CTF= 0.603200	594s
Batch 230k:	ERR= 0.012741	WER= 0.113137	FPR= 0.010403	FNR= 0.010378	CTF= 0.601176	598s
Batch 240k:	ERR= 0.012684	WER= 0.113051	FPR= 0.010452	FNR= 0.010427	CTF= 0.596747	542s
Batch 250k:	ERR= 0.012532	WER= 0.112834	FPR= 0.010427	FNR= 0.010403	CTF= 0.603133	554s
Batch 260k:	ERR= 0.012536	WER= 0.112871	FPR= 0.010427	FNR= 0.010403	CTF= 0.597553	578s
Batch 270k:	ERR= 0.012598	WER= 0.112968	FPR= 0.010403	FNR= 0.010378	CTF= 0.596210	484s
Batch 280k:	ERR= 0.012536	WER= 0.112711	FPR= 0.010427	FNR= 0.010403	CTF= 0.593747	489s
Batch 290k:	ERR= 0.012430	WER= 0.112820	FPR= 0.010452	FNR= 0.010427	CTF= 0.597325	621s
Batch 300k:	ERR= 0.012496	WER= 0.113021	FPR= 0.010403	FNR= 0.010378	CTF= 0.593895	573s
Batch 310k:	ERR= 0.012456	WER= 0.112855	FPR= 0.010378	FNR= 0.010353	CTF= 0.598389	728s
Batch 320k:	ERR= 0.012468	WER= 0.112814	FPR= 0.010378	FNR= 0.010353	CTF= 0.596555	703s
Batch 330k:	ERR= 0.012385	WER= 0.112693	FPR= 0.010353	FNR= 0.010329	CTF= 0.595786	718s
Batch 340k:	ERR= 0.012401	WER= 0.112677	FPR= 0.010378	FNR= 0.010353	CTF= 0.590514	635s
Batch 350k:	ERR= 0.012414	WER= 0.112733	FPR= 0.010329	FNR= 0.010304	CTF= 0.591352	746s
Batch 360k:	ERR= 0.012388	WER= 0.112564	FPR= 0.010279	FNR= 0.010255	CTF= 0.583879	658s
Batch 370k:	ERR= 0.012322	WER= 0.112508	FPR= 0.010279	FNR= 0.010255	CTF= 0.589351	666s
Batch 380k:	ERR= 0.012327	WER= 0.112487	FPR= 0.010279	FNR= 0.010255	CTF= 0.587847	782s
Batch 390k:	ERR= 0.012339	WER= 0.112548	FPR= 0.010304	FNR= 0.010279	CTF= 0.589558	722s
Batch 400k:	ERR= 0.012335	WER= 0.112590	FPR= 0.010279	FNR= 0.010255	CTF= 0.587444	772s

Best:		ERR= 0.023569	WER= 0.068738	FPR= 0.010082	FNR= 0.010057	CTF= 0.490739
Final:		ERR= 0.012335	WER= 0.112590	FPR= 0.010279	FNR= 0.010255	CTF= 0.587444

Time:                         	23694.195 seconds.
Lines Processed:       2161m 	91.22k lines/sec
Edges Processed:        109t 	4606.70m edges/sec

Lines In:          	402053
Lines Out:         	2583
Bytes Out:         	3374418
