java -ea -Xmx6676m -Xms6676m -cp /clusterfs/jgi/scratch/gentech/genome_analysis/brandonimstepf/bbmap/current/ ml.Trainer in=ncbi_vector_long.tsv dims=353,300,200,100,1 outb=353-300-200-100.bbnet

Loading ncbi_vector_long.tsv
Inferring 353 inputs, 1 output, 0 weights.
Data was organized into 8 sets.
Using 8 worker threads, 1 trainer thread, 8 jobs/trainer/batch, 400000 batches, 1 cycle to train 1 network total.
Batch 1:	ERR= 0.528006	WER= 3.960407	FPR= 0.213385	FNR= 0.213366	CTF= -0.038885	3.41s
Batch 4:	ERR= 0.409797	WER= 3.290640	FPR= 0.211917	FNR= 0.211899	CTF= 0.334717	6.89s
Batch 16:	ERR= 0.289399	WER= 2.657591	FPR= 0.206958	FNR= 0.206921	CTF= 0.758283	22.9s
Batch 64:	ERR= 0.166759	WER= 1.493184	FPR= 0.180489	FNR= 0.180396	CTF= 0.615901	74.8s
Batch 256:	ERR= 0.193503	WER= 1.959893	FPR= 0.113119	FNR= 0.113082	CTF= 0.896312	109s
Batch 1024:	ERR= 0.059157	WER= 0.359135	FPR= 0.062503	FNR= 0.062485	CTF= 0.471488	142s
Batch 4096:	ERR= 0.142664	WER= 0.206068	FPR= 0.029125	FNR= 0.029106	CTF= 0.541957	564s
Batch 10k:	ERR= 0.053647	WER= 0.064592	FPR= 0.009009	FNR= 0.008990	CTF= 0.588050	1098s
Batch 20k:	ERR= 0.034383	WER= 0.065466	FPR= 0.005554	FNR= 0.005498	CTF= 0.741079	1871s
Batch 30k:	ERR= 0.028153	WER= 0.057584	FPR= 0.005089	FNR= 0.005071	CTF= 0.762058	2003s
Batch 40k:	ERR= 0.024137	WER= 0.050656	FPR= 0.004904	FNR= 0.004885	CTF= 0.761714	2034s
Batch 50k:	ERR= 0.020660	WER= 0.043685	FPR= 0.004124	FNR= 0.004105	CTF= 0.764085	2093s
Batch 60k:	ERR= 0.018056	WER= 0.049086	FPR= 0.003975	FNR= 0.003919	CTF= 0.815480	2005s
Batch 70k:	ERR= 0.014932	WER= 0.046971	FPR= 0.003659	FNR= 0.003641	CTF= 0.828148	2078s
Batch 80k:	ERR= 0.014181	WER= 0.043466	FPR= 0.003548	FNR= 0.003529	CTF= 0.829483	2031s
Batch 90k:	ERR= 0.012248	WER= 0.040987	FPR= 0.003492	FNR= 0.003473	CTF= 0.836688	2006s
Batch 100k:	ERR= 0.011978	WER= 0.042865	FPR= 0.003306	FNR= 0.003269	CTF= 0.865878	2119s
Batch 110k:	ERR= 0.010437	WER= 0.041004	FPR= 0.003418	FNR= 0.003399	CTF= 0.851028	1891s
Batch 120k:	ERR= 0.009564	WER= 0.039538	FPR= 0.003306	FNR= 0.003269	CTF= 0.857259	2096s
Batch 130k:	ERR= 0.008845	WER= 0.040693	FPR= 0.003158	FNR= 0.003139	CTF= 0.877903	2141s
Batch 140k:	ERR= 0.008411	WER= 0.038694	FPR= 0.002972	FNR= 0.002953	CTF= 0.877036	2076s
Batch 150k:	ERR= 0.008108	WER= 0.038139	FPR= 0.003028	FNR= 0.002991	CTF= 0.884025	2128s
Batch 160k:	ERR= 0.007781	WER= 0.038094	FPR= 0.002935	FNR= 0.002916	CTF= 0.889798	2101s
Batch 170k:	ERR= 0.007540	WER= 0.038790	FPR= 0.002879	FNR= 0.002842	CTF= 0.902674	2154s
Batch 180k:	ERR= 0.007266	WER= 0.037362	FPR= 0.002805	FNR= 0.002786	CTF= 0.900587	2039s
Batch 190k:	ERR= 0.007122	WER= 0.037402	FPR= 0.002730	FNR= 0.002712	CTF= 0.907176	2211s
Batch 200k:	ERR= 0.006975	WER= 0.037343	FPR= 0.002730	FNR= 0.002712	CTF= 0.909386	2209s
Batch 210k:	ERR= 0.006863	WER= 0.037905	FPR= 0.002693	FNR= 0.002675	CTF= 0.916703	2175s
Batch 220k:	ERR= 0.006714	WER= 0.037181	FPR= 0.002693	FNR= 0.002675	CTF= 0.916421	2121s
Batch 230k:	ERR= 0.006621	WER= 0.037011	FPR= 0.002675	FNR= 0.002638	CTF= 0.916059	1878s
Batch 240k:	ERR= 0.006529	WER= 0.037197	FPR= 0.002656	FNR= 0.002638	CTF= 0.919420	2170s
Batch 250k:	ERR= 0.006477	WER= 0.037345	FPR= 0.002600	FNR= 0.002582	CTF= 0.924205	2095s
Batch 260k:	ERR= 0.006382	WER= 0.036965	FPR= 0.002545	FNR= 0.002526	CTF= 0.923288	1989s
Batch 270k:	ERR= 0.006331	WER= 0.036807	FPR= 0.002508	FNR= 0.002489	CTF= 0.923672	1953s
Batch 280k:	ERR= 0.006281	WER= 0.036773	FPR= 0.002489	FNR= 0.002452	CTF= 0.925069	1947s
Batch 290k:	ERR= 0.006233	WER= 0.036950	FPR= 0.002470	FNR= 0.002452	CTF= 0.928132	1936s
Batch 300k:	ERR= 0.006182	WER= 0.036786	FPR= 0.002470	FNR= 0.002452	CTF= 0.928112	1940s
Batch 310k:	ERR= 0.006144	WER= 0.036716	FPR= 0.002452	FNR= 0.002415	CTF= 0.929501	1953s
Batch 320k:	ERR= 0.006108	WER= 0.036659	FPR= 0.002433	FNR= 0.002415	CTF= 0.930386	1938s
Batch 330k:	ERR= 0.006056	WER= 0.036726	FPR= 0.002415	FNR= 0.002359	CTF= 0.931730	1913s
Batch 340k:	ERR= 0.006029	WER= 0.036779	FPR= 0.002396	FNR= 0.002359	CTF= 0.933080	1931s
Batch 350k:	ERR= 0.005997	WER= 0.036707	FPR= 0.002359	FNR= 0.002340	CTF= 0.934029	1913s
Batch 360k:	ERR= 0.005961	WER= 0.036626	FPR= 0.002340	FNR= 0.002303	CTF= 0.934691	1987s
Batch 370k:	ERR= 0.005941	WER= 0.036565	FPR= 0.002322	FNR= 0.002303	CTF= 0.935476	1986s
Batch 380k:	ERR= 0.005913	WER= 0.036636	FPR= 0.002322	FNR= 0.002303	CTF= 0.936759	1977s
Batch 390k:	ERR= 0.005887	WER= 0.036542	FPR= 0.002322	FNR= 0.002303	CTF= 0.936944	1944s
Batch 400k:	ERR= 0.005855	WER= 0.036460	FPR= 0.002303	FNR= 0.002285	CTF= 0.937855	1987s

Best:		ERR= 0.005855	WER= 0.036460	FPR= 0.002303	FNR= 0.002285	CTF= 0.937855
Final:		ERR= 0.005855	WER= 0.036460	FPR= 0.002303	FNR= 0.002285	CTF= 0.937855

Time:                         	81061.574 seconds.
Lines Processed:       2191m 	27.04k lines/sec
Edges Processed:        407t 	5028.54m edges/sec

Lines In:          	402053
Lines Out:         	27236
Bytes Out:         	77483965
